{"/Users/stuardoian/Documents/Proyectos Personales/electron-checkPR/src/main.ts": {"path":"/Users/stuardoian/Documents/Proyectos Personales/electron-checkPR/src/main.ts","statementMap":{"0":{"start":{"line":12,"column":0},"end":{"line":12,"column":16}},"1":{"start":{"line":25,"column":0},"end":{"line":25,"column":16}},"2":{"start":{"line":36,"column":0},"end":{"line":36,"column":16}},"3":{"start":{"line":52,"column":0},"end":{"line":52,"column":16}},"4":{"start":{"line":1,"column":0},"end":{"line":1,"column":46}},"5":{"start":{"line":2,"column":0},"end":{"line":2,"column":29}},"6":{"start":{"line":3,"column":0},"end":{"line":3,"column":58}},"7":{"start":{"line":4,"column":0},"end":{"line":4,"column":105}},"8":{"start":{"line":5,"column":0},"end":{"line":5,"column":104}},"9":{"start":{"line":6,"column":0},"end":{"line":6,"column":111}},"10":{"start":{"line":7,"column":0},"end":{"line":7,"column":92}},"11":{"start":{"line":10,"column":0},"end":{"line":10,"column":40}},"12":{"start":{"line":13,"column":2},"end":{"line":22,"column":4}},"13":{"start":{"line":26,"column":22},"end":{"line":26,"column":55}},"14":{"start":{"line":27,"column":24},"end":{"line":27,"column":86}},"15":{"start":{"line":29,"column":2},"end":{"line":33,"column":4}},"16":{"start":{"line":37,"column":21},"end":{"line":37,"column":64}},"17":{"start":{"line":39,"column":57},"end":{"line":39,"column":80}},"18":{"start":{"line":41,"column":2},"end":{"line":47,"column":3}},"19":{"start":{"line":42,"column":4},"end":{"line":42,"column":36}},"20":{"start":{"line":43,"column":9},"end":{"line":47,"column":3}},"21":{"start":{"line":44,"column":4},"end":{"line":44,"column":48}},"22":{"start":{"line":46,"column":4},"end":{"line":46,"column":40}},"23":{"start":{"line":49,"column":2},"end":{"line":49,"column":20}},"24":{"start":{"line":53,"column":27},"end":{"line":53,"column":98}},"25":{"start":{"line":54,"column":36},"end":{"line":55,"column":null}},"26":{"start":{"line":58,"column":2},"end":{"line":58,"column":67}},"27":{"start":{"line":59,"column":2},"end":{"line":59,"column":17}},"28":{"start":{"line":62,"column":0},"end":{"line":64,"column":3}},"29":{"start":{"line":63,"column":2},"end":{"line":63,"column":25}},"30":{"start":{"line":66,"column":0},"end":{"line":70,"column":3}},"31":{"start":{"line":67,"column":2},"end":{"line":69,"column":3}},"32":{"start":{"line":68,"column":4},"end":{"line":68,"column":15}},"33":{"start":{"line":72,"column":0},"end":{"line":76,"column":3}},"34":{"start":{"line":73,"column":2},"end":{"line":75,"column":3}},"35":{"start":{"line":74,"column":4},"end":{"line":74,"column":19}}},"fnMap":{"0":{"name":"buildMainWindowOptions","decl":{"start":{"line":12,"column":16},"end":{"line":12,"column":38}},"loc":{"start":{"line":12,"column":38},"end":{"line":23,"column":1}}},"1":{"name":"resolveRendererTarget","decl":{"start":{"line":25,"column":16},"end":{"line":25,"column":37}},"loc":{"start":{"line":25,"column":37},"end":{"line":34,"column":1}}},"2":{"name":"createWindow","decl":{"start":{"line":36,"column":16},"end":{"line":36,"column":28}},"loc":{"start":{"line":36,"column":28},"end":{"line":50,"column":1}}},"3":{"name":"bootstrapMainProcess","decl":{"start":{"line":52,"column":16},"end":{"line":52,"column":36}},"loc":{"start":{"line":52,"column":36},"end":{"line":60,"column":1}}},"4":{"name":"(anonymous_13)","decl":{"start":{"line":62,"column":21},"end":{"line":62,"column":24}},"loc":{"start":{"line":62,"column":26},"end":{"line":64,"column":1}}},"5":{"name":"(anonymous_14)","decl":{"start":{"line":66,"column":28},"end":{"line":66,"column":31}},"loc":{"start":{"line":66,"column":33},"end":{"line":70,"column":1}}},"6":{"name":"(anonymous_15)","decl":{"start":{"line":72,"column":19},"end":{"line":72,"column":22}},"loc":{"start":{"line":72,"column":24},"end":{"line":76,"column":1}}}},"branchMap":{"0":{"loc":{"start":{"line":27,"column":24},"end":{"line":27,"column":86}},"type":"binary-expr","locations":[{"start":{"line":27,"column":24},"end":{"line":27,"column":44}},{"start":{"line":27,"column":48},"end":{"line":27,"column":86}}]},"1":{"loc":{"start":{"line":41,"column":2},"end":{"line":47,"column":3}},"type":"if","locations":[{"start":{"line":41,"column":2},"end":{"line":47,"column":3}},{"start":{"line":43,"column":9},"end":{"line":47,"column":3}}]},"2":{"loc":{"start":{"line":43,"column":9},"end":{"line":47,"column":3}},"type":"if","locations":[{"start":{"line":43,"column":9},"end":{"line":47,"column":3}},{"start":{"line":45,"column":9},"end":{"line":47,"column":3}}]},"3":{"loc":{"start":{"line":67,"column":2},"end":{"line":69,"column":3}},"type":"if","locations":[{"start":{"line":67,"column":2},"end":{"line":69,"column":3}}]},"4":{"loc":{"start":{"line":73,"column":2},"end":{"line":75,"column":3}},"type":"if","locations":[{"start":{"line":73,"column":2},"end":{"line":75,"column":3}}]}},"s":{"0":1,"1":1,"2":1,"3":1,"4":1,"5":1,"6":1,"7":1,"8":1,"9":1,"10":1,"11":1,"12":3,"13":3,"14":3,"15":3,"16":2,"17":2,"18":2,"19":1,"20":1,"21":0,"22":1,"23":2,"24":1,"25":0,"26":0,"27":0,"28":1,"29":0,"30":1,"31":0,"32":0,"33":1,"34":0,"35":0},"f":{"0":3,"1":3,"2":2,"3":1,"4":0,"5":0,"6":0},"b":{"0":[3,1],"1":[1,1],"2":[0,1],"3":[0],"4":[0]}}
,"/Users/stuardoian/Documents/Proyectos Personales/electron-checkPR/src/main/ipc/analysis.ts": {"path":"/Users/stuardoian/Documents/Proyectos Personales/electron-checkPR/src/main/ipc/analysis.ts","statementMap":{"0":{"start":{"line":14,"column":0},"end":{"line":14,"column":16}},"1":{"start":{"line":80,"column":0},"end":{"line":80,"column":16}},"2":{"start":{"line":4,"column":0},"end":{"line":4,"column":42}},"3":{"start":{"line":7,"column":2},"end":{"line":9,"column":3}},"4":{"start":{"line":8,"column":4},"end":{"line":8,"column":52}},"5":{"start":{"line":11,"column":2},"end":{"line":11,"column":22}},"6":{"start":{"line":15,"column":2},"end":{"line":17,"column":3}},"7":{"start":{"line":16,"column":4},"end":{"line":16,"column":59}},"8":{"start":{"line":19,"column":18},"end":{"line":19,"column":63}},"9":{"start":{"line":20,"column":25},"end":{"line":20,"column":101}},"10":{"start":{"line":21,"column":20},"end":{"line":21,"column":104}},"11":{"start":{"line":22,"column":24},"end":{"line":22,"column":78}},"12":{"start":{"line":23,"column":30},"end":{"line":25,"column":8}},"13":{"start":{"line":27,"column":2},"end":{"line":29,"column":3}},"14":{"start":{"line":28,"column":4},"end":{"line":28,"column":62}},"15":{"start":{"line":31,"column":17},"end":{"line":31,"column":70}},"16":{"start":{"line":32,"column":2},"end":{"line":34,"column":3}},"17":{"start":{"line":33,"column":4},"end":{"line":33,"column":62}},"18":{"start":{"line":36,"column":2},"end":{"line":38,"column":3}},"19":{"start":{"line":37,"column":4},"end":{"line":37,"column":90}},"20":{"start":{"line":40,"column":2},"end":{"line":77,"column":4}},"21":{"start":{"line":81,"column":2},"end":{"line":83,"column":5}},"22":{"start":{"line":82,"column":4},"end":{"line":82,"column":75}},"23":{"start":{"line":84,"column":2},"end":{"line":86,"column":5}},"24":{"start":{"line":85,"column":4},"end":{"line":85,"column":56}}},"fnMap":{"0":{"name":"readString","decl":{"start":{"line":6,"column":9},"end":{"line":6,"column":19}},"loc":{"start":{"line":6,"column":53},"end":{"line":12,"column":1}}},"1":{"name":"sanitizeAnalysisPayload","decl":{"start":{"line":14,"column":16},"end":{"line":14,"column":39}},"loc":{"start":{"line":14,"column":56},"end":{"line":78,"column":1}}},"2":{"name":"registerAnalysisIpc","decl":{"start":{"line":80,"column":16},"end":{"line":80,"column":35}},"loc":{"start":{"line":80,"column":88},"end":{"line":87,"column":1}}},"3":{"name":"(anonymous_3)","decl":{"start":{"line":81,"column":69},"end":{"line":81,"column":74}},"loc":{"start":{"line":82,"column":4},"end":{"line":82,"column":75}}},"4":{"name":"(anonymous_4)","decl":{"start":{"line":84,"column":68},"end":{"line":84,"column":73}},"loc":{"start":{"line":84,"column":88},"end":{"line":86,"column":3}}}},"branchMap":{"0":{"loc":{"start":{"line":7,"column":2},"end":{"line":9,"column":3}},"type":"if","locations":[{"start":{"line":7,"column":2},"end":{"line":9,"column":3}}]},"1":{"loc":{"start":{"line":7,"column":6},"end":{"line":7,"column":48}},"type":"binary-expr","locations":[{"start":{"line":7,"column":6},"end":{"line":7,"column":31}},{"start":{"line":7,"column":35},"end":{"line":7,"column":48}}]},"2":{"loc":{"start":{"line":15,"column":2},"end":{"line":17,"column":3}},"type":"if","locations":[{"start":{"line":15,"column":2},"end":{"line":17,"column":3}}]},"3":{"loc":{"start":{"line":15,"column":6},"end":{"line":15,"column":45}},"type":"binary-expr","locations":[{"start":{"line":15,"column":6},"end":{"line":15,"column":14}},{"start":{"line":15,"column":18},"end":{"line":15,"column":45}}]},"4":{"loc":{"start":{"line":20,"column":63},"end":{"line":20,"column":98}},"type":"binary-expr","locations":[{"start":{"line":20,"column":63},"end":{"line":20,"column":93}},{"start":{"line":20,"column":97},"end":{"line":20,"column":98}}]},"5":{"loc":{"start":{"line":21,"column":66},"end":{"line":21,"column":101}},"type":"binary-expr","locations":[{"start":{"line":21,"column":66},"end":{"line":21,"column":91}},{"start":{"line":21,"column":95},"end":{"line":21,"column":101}}]},"6":{"loc":{"start":{"line":22,"column":24},"end":{"line":22,"column":78}},"type":"cond-expr","locations":[{"start":{"line":22,"column":59},"end":{"line":22,"column":65}},{"start":{"line":22,"column":68},"end":{"line":22,"column":78}}]},"7":{"loc":{"start":{"line":23,"column":30},"end":{"line":25,"column":8}},"type":"cond-expr","locations":[{"start":{"line":24,"column":6},"end":{"line":24,"column":30}},{"start":{"line":25,"column":6},"end":{"line":25,"column":8}}]},"8":{"loc":{"start":{"line":23,"column":30},"end":{"line":23,"column":102}},"type":"binary-expr","locations":[{"start":{"line":23,"column":30},"end":{"line":23,"column":54}},{"start":{"line":23,"column":58},"end":{"line":23,"column":102}}]},"9":{"loc":{"start":{"line":27,"column":2},"end":{"line":29,"column":3}},"type":"if","locations":[{"start":{"line":27,"column":2},"end":{"line":29,"column":3}}]},"10":{"loc":{"start":{"line":27,"column":6},"end":{"line":27,"column":59}},"type":"binary-expr","locations":[{"start":{"line":27,"column":6},"end":{"line":27,"column":21}},{"start":{"line":27,"column":25},"end":{"line":27,"column":59}}]},"11":{"loc":{"start":{"line":32,"column":2},"end":{"line":34,"column":3}},"type":"if","locations":[{"start":{"line":32,"column":2},"end":{"line":34,"column":3}}]},"12":{"loc":{"start":{"line":36,"column":2},"end":{"line":38,"column":3}},"type":"if","locations":[{"start":{"line":36,"column":2},"end":{"line":38,"column":3}}]},"13":{"loc":{"start":{"line":36,"column":6},"end":{"line":36,"column":106}},"type":"binary-expr","locations":[{"start":{"line":36,"column":6},"end":{"line":36,"column":40}},{"start":{"line":36,"column":44},"end":{"line":36,"column":106}}]},"14":{"loc":{"start":{"line":36,"column":46},"end":{"line":36,"column":105}},"type":"binary-expr","locations":[{"start":{"line":36,"column":46},"end":{"line":36,"column":80}},{"start":{"line":36,"column":84},"end":{"line":36,"column":105}}]},"15":{"loc":{"start":{"line":46,"column":15},"end":{"line":46,"column":78}},"type":"cond-expr","locations":[{"start":{"line":46,"column":52},"end":{"line":46,"column":73}},{"start":{"line":46,"column":76},"end":{"line":46,"column":78}}]},"16":{"loc":{"start":{"line":47,"column":20},"end":{"line":47,"column":100}},"type":"cond-expr","locations":[{"start":{"line":47,"column":62},"end":{"line":47,"column":88}},{"start":{"line":47,"column":91},"end":{"line":47,"column":100}}]},"17":{"loc":{"start":{"line":49,"column":22},"end":{"line":49,"column":106}},"type":"cond-expr","locations":[{"start":{"line":49,"column":66},"end":{"line":49,"column":94}},{"start":{"line":49,"column":97},"end":{"line":49,"column":106}}]},"18":{"loc":{"start":{"line":61,"column":27},"end":{"line":63,"column":12}},"type":"cond-expr","locations":[{"start":{"line":62,"column":11},"end":{"line":62,"column":98}},{"start":{"line":63,"column":10},"end":{"line":63,"column":12}}]},"19":{"loc":{"start":{"line":64,"column":25},"end":{"line":66,"column":12}},"type":"cond-expr","locations":[{"start":{"line":65,"column":11},"end":{"line":65,"column":97}},{"start":{"line":66,"column":10},"end":{"line":66,"column":12}}]},"20":{"loc":{"start":{"line":67,"column":26},"end":{"line":69,"column":12}},"type":"cond-expr","locations":[{"start":{"line":68,"column":11},"end":{"line":68,"column":98}},{"start":{"line":69,"column":10},"end":{"line":69,"column":12}}]},"21":{"loc":{"start":{"line":70,"column":21},"end":{"line":72,"column":12}},"type":"cond-expr","locations":[{"start":{"line":71,"column":11},"end":{"line":71,"column":93}},{"start":{"line":72,"column":10},"end":{"line":72,"column":12}}]},"22":{"loc":{"start":{"line":73,"column":26},"end":{"line":75,"column":12}},"type":"cond-expr","locations":[{"start":{"line":74,"column":11},"end":{"line":74,"column":98}},{"start":{"line":75,"column":10},"end":{"line":75,"column":12}}]}},"s":{"0":1,"1":1,"2":1,"3":7,"4":0,"5":7,"6":1,"7":0,"8":1,"9":1,"10":1,"11":1,"12":1,"13":1,"14":0,"15":1,"16":1,"17":0,"18":1,"19":0,"20":1,"21":1,"22":1,"23":1,"24":0},"f":{"0":7,"1":1,"2":1,"3":1,"4":0},"b":{"0":[0],"1":[7,7],"2":[0],"3":[1,1],"4":[1,0],"5":[1,0],"6":[1,0],"7":[1,0],"8":[1,1],"9":[0],"10":[1,1],"11":[0],"12":[0],"13":[1,0],"14":[0,0],"15":[1,0],"16":[1,0],"17":[0,1],"18":[1,0],"19":[0,1],"20":[0,1],"21":[0,1],"22":[0,1]}}
,"/Users/stuardoian/Documents/Proyectos Personales/electron-checkPR/src/main/ipc/external-links.ts": {"path":"/Users/stuardoian/Documents/Proyectos Personales/electron-checkPR/src/main/ipc/external-links.ts","statementMap":{"0":{"start":{"line":11,"column":0},"end":{"line":11,"column":16}},"1":{"start":{"line":1,"column":31},"end":{"line":5,"column":2}},"2":{"start":{"line":8,"column":2},"end":{"line":8,"column":88}},"3":{"start":{"line":12,"column":2},"end":{"line":14,"column":3}},"4":{"start":{"line":13,"column":4},"end":{"line":13,"column":48}},"5":{"start":{"line":17,"column":2},"end":{"line":21,"column":3}},"6":{"start":{"line":18,"column":4},"end":{"line":18,"column":26}},"7":{"start":{"line":20,"column":4},"end":{"line":20,"column":52}},"8":{"start":{"line":23,"column":2},"end":{"line":25,"column":3}},"9":{"start":{"line":24,"column":4},"end":{"line":24,"column":65}},"10":{"start":{"line":27,"column":2},"end":{"line":29,"column":3}},"11":{"start":{"line":28,"column":4},"end":{"line":28,"column":94}},"12":{"start":{"line":31,"column":2},"end":{"line":31,"column":24}}},"fnMap":{"0":{"name":"isAllowedExternalHost","decl":{"start":{"line":7,"column":9},"end":{"line":7,"column":30}},"loc":{"start":{"line":7,"column":47},"end":{"line":9,"column":1}}},"1":{"name":"validateExternalUrl","decl":{"start":{"line":11,"column":16},"end":{"line":11,"column":35}},"loc":{"start":{"line":11,"column":50},"end":{"line":32,"column":1}}}},"branchMap":{"0":{"loc":{"start":{"line":8,"column":9},"end":{"line":8,"column":87}},"type":"binary-expr","locations":[{"start":{"line":8,"column":9},"end":{"line":8,"column":45}},{"start":{"line":8,"column":49},"end":{"line":8,"column":87}}]},"1":{"loc":{"start":{"line":12,"column":2},"end":{"line":14,"column":3}},"type":"if","locations":[{"start":{"line":12,"column":2},"end":{"line":14,"column":3}}]},"2":{"loc":{"start":{"line":23,"column":2},"end":{"line":25,"column":3}},"type":"if","locations":[{"start":{"line":23,"column":2},"end":{"line":25,"column":3}}]},"3":{"loc":{"start":{"line":27,"column":2},"end":{"line":29,"column":3}},"type":"if","locations":[{"start":{"line":27,"column":2},"end":{"line":29,"column":3}}]}},"s":{"0":2,"1":2,"2":3,"3":6,"4":1,"5":5,"6":5,"7":1,"8":4,"9":1,"10":3,"11":1,"12":2},"f":{"0":3,"1":6},"b":{"0":[3,2],"1":[1],"2":[1],"3":[1]}}
,"/Users/stuardoian/Documents/Proyectos Personales/electron-checkPR/src/main/ipc/register.ts": {"path":"/Users/stuardoian/Documents/Proyectos Personales/electron-checkPR/src/main/ipc/register.ts","statementMap":{"0":{"start":{"line":7,"column":0},"end":{"line":7,"column":16}},"1":{"start":{"line":1,"column":0},"end":{"line":1,"column":49}},"2":{"start":{"line":2,"column":0},"end":{"line":2,"column":71}},"3":{"start":{"line":3,"column":0},"end":{"line":3,"column":83}},"4":{"start":{"line":11,"column":2},"end":{"line":11,"column":50}},"5":{"start":{"line":12,"column":2},"end":{"line":12,"column":49}},"6":{"start":{"line":13,"column":2},"end":{"line":13,"column":55}}},"fnMap":{"0":{"name":"registerIpcHandlers","decl":{"start":{"line":7,"column":16},"end":{"line":7,"column":35}},"loc":{"start":{"line":9,"column":54},"end":{"line":14,"column":1}}}},"branchMap":{},"s":{"0":1,"1":1,"2":1,"3":1,"4":1,"5":1,"6":1},"f":{"0":1},"b":{}}
,"/Users/stuardoian/Documents/Proyectos Personales/electron-checkPR/src/main/ipc/repository-providers.ts": {"path":"/Users/stuardoian/Documents/Proyectos Personales/electron-checkPR/src/main/ipc/repository-providers.ts","statementMap":{"0":{"start":{"line":15,"column":0},"end":{"line":15,"column":16}},"1":{"start":{"line":1,"column":0},"end":{"line":1,"column":33}},"2":{"start":{"line":4,"column":0},"end":{"line":4,"column":55}},"3":{"start":{"line":5,"column":0},"end":{"line":5,"column":42}},"4":{"start":{"line":8,"column":2},"end":{"line":10,"column":3}},"5":{"start":{"line":9,"column":4},"end":{"line":9,"column":77}},"6":{"start":{"line":12,"column":2},"end":{"line":12,"column":25}},"7":{"start":{"line":16,"column":2},"end":{"line":18,"column":5}},"8":{"start":{"line":17,"column":4},"end":{"line":17,"column":70}},"9":{"start":{"line":19,"column":2},"end":{"line":21,"column":5}},"10":{"start":{"line":20,"column":4},"end":{"line":20,"column":66}},"11":{"start":{"line":22,"column":2},"end":{"line":24,"column":5}},"12":{"start":{"line":23,"column":4},"end":{"line":23,"column":70}},"13":{"start":{"line":25,"column":2},"end":{"line":27,"column":5}},"14":{"start":{"line":26,"column":4},"end":{"line":26,"column":66}},"15":{"start":{"line":28,"column":2},"end":{"line":30,"column":5}},"16":{"start":{"line":29,"column":4},"end":{"line":29,"column":55}}},"fnMap":{"0":{"name":"readProvider","decl":{"start":{"line":7,"column":9},"end":{"line":7,"column":21}},"loc":{"start":{"line":7,"column":74},"end":{"line":13,"column":1}}},"1":{"name":"registerRepositoryProviderIpc","decl":{"start":{"line":15,"column":16},"end":{"line":15,"column":45}},"loc":{"start":{"line":15,"column":90},"end":{"line":31,"column":1}}},"2":{"name":"(anonymous_2)","decl":{"start":{"line":16,"column":95},"end":{"line":16,"column":100}},"loc":{"start":{"line":17,"column":4},"end":{"line":17,"column":70}}},"3":{"name":"(anonymous_3)","decl":{"start":{"line":19,"column":91},"end":{"line":19,"column":96}},"loc":{"start":{"line":20,"column":4},"end":{"line":20,"column":66}}},"4":{"name":"(anonymous_4)","decl":{"start":{"line":22,"column":95},"end":{"line":22,"column":100}},"loc":{"start":{"line":23,"column":4},"end":{"line":23,"column":70}}},"5":{"name":"(anonymous_5)","decl":{"start":{"line":25,"column":91},"end":{"line":25,"column":96}},"loc":{"start":{"line":26,"column":4},"end":{"line":26,"column":66}}},"6":{"name":"(anonymous_6)","decl":{"start":{"line":28,"column":65},"end":{"line":28,"column":70}},"loc":{"start":{"line":28,"column":79},"end":{"line":30,"column":3}}}},"branchMap":{"0":{"loc":{"start":{"line":8,"column":2},"end":{"line":10,"column":3}},"type":"if","locations":[{"start":{"line":8,"column":2},"end":{"line":10,"column":3}}]}},"s":{"0":1,"1":1,"2":1,"3":1,"4":0,"5":0,"6":0,"7":2,"8":2,"9":2,"10":0,"11":2,"12":0,"13":2,"14":0,"15":2,"16":0},"f":{"0":0,"1":2,"2":2,"3":0,"4":0,"5":0,"6":0},"b":{"0":[0]}}
,"/Users/stuardoian/Documents/Proyectos Personales/electron-checkPR/src/main/ipc/session-secrets.ts": {"path":"/Users/stuardoian/Documents/Proyectos Personales/electron-checkPR/src/main/ipc/session-secrets.ts","statementMap":{"0":{"start":{"line":20,"column":0},"end":{"line":20,"column":16}},"1":{"start":{"line":1,"column":0},"end":{"line":1,"column":42}},"2":{"start":{"line":4,"column":36},"end":{"line":4,"column":61}},"3":{"start":{"line":7,"column":4},"end":{"line":7,"column":46}},"4":{"start":{"line":11,"column":4},"end":{"line":14,"column":5}},"5":{"start":{"line":12,"column":6},"end":{"line":12,"column":42}},"6":{"start":{"line":13,"column":6},"end":{"line":13,"column":13}},"7":{"start":{"line":16,"column":4},"end":{"line":16,"column":36}},"8":{"start":{"line":3,"column":0},"end":{"line":3,"column":13}},"9":{"start":{"line":21,"column":2},"end":{"line":21,"column":87}},"10":{"start":{"line":21,"column":71},"end":{"line":21,"column":85}},"11":{"start":{"line":22,"column":2},"end":{"line":28,"column":5}},"12":{"start":{"line":23,"column":4},"end":{"line":25,"column":5}},"13":{"start":{"line":24,"column":6},"end":{"line":24,"column":49}},"14":{"start":{"line":27,"column":4},"end":{"line":27,"column":42}}},"fnMap":{"0":{"name":"(anonymous_0)","decl":{"start":{"line":6,"column":2},"end":{"line":6,"column":5}},"loc":{"start":{"line":6,"column":17},"end":{"line":8,"column":3}}},"1":{"name":"(anonymous_1)","decl":{"start":{"line":10,"column":2},"end":{"line":10,"column":5}},"loc":{"start":{"line":10,"column":32},"end":{"line":17,"column":3}}},"2":{"name":"registerSessionSecretsIpc","decl":{"start":{"line":20,"column":16},"end":{"line":20,"column":41}},"loc":{"start":{"line":20,"column":68},"end":{"line":29,"column":1}}},"3":{"name":"(anonymous_3)","decl":{"start":{"line":21,"column":56},"end":{"line":21,"column":61}},"loc":{"start":{"line":21,"column":71},"end":{"line":21,"column":85}}},"4":{"name":"(anonymous_4)","decl":{"start":{"line":22,"column":78},"end":{"line":22,"column":83}},"loc":{"start":{"line":22,"column":96},"end":{"line":28,"column":3}}}},"branchMap":{"0":{"loc":{"start":{"line":7,"column":11},"end":{"line":7,"column":45}},"type":"binary-expr","locations":[{"start":{"line":7,"column":11},"end":{"line":7,"column":39}},{"start":{"line":7,"column":43},"end":{"line":7,"column":45}}]},"1":{"loc":{"start":{"line":11,"column":4},"end":{"line":14,"column":5}},"type":"if","locations":[{"start":{"line":11,"column":4},"end":{"line":14,"column":5}}]},"2":{"loc":{"start":{"line":23,"column":4},"end":{"line":25,"column":5}},"type":"if","locations":[{"start":{"line":23,"column":4},"end":{"line":25,"column":5}}]},"3":{"loc":{"start":{"line":23,"column":8},"end":{"line":23,"column":56}},"type":"binary-expr","locations":[{"start":{"line":23,"column":8},"end":{"line":23,"column":21}},{"start":{"line":23,"column":25},"end":{"line":23,"column":56}}]}},"s":{"0":1,"1":1,"2":2,"3":2,"4":2,"5":1,"6":1,"7":1,"8":1,"9":1,"10":0,"11":1,"12":1,"13":1,"14":0},"f":{"0":2,"1":2,"2":1,"3":0,"4":1},"b":{"0":[2,1],"1":[1],"2":[1],"3":[1,0]}}
,"/Users/stuardoian/Documents/Proyectos Personales/electron-checkPR/src/main/ipc/shared.ts": {"path":"/Users/stuardoian/Documents/Proyectos Personales/electron-checkPR/src/main/ipc/shared.ts","statementMap":{"0":{"start":{"line":13,"column":0},"end":{"line":13,"column":7}},"1":{"start":{"line":27,"column":0},"end":{"line":27,"column":16}},"2":{"start":{"line":1,"column":0},"end":{"line":1,"column":35}},"3":{"start":{"line":14,"column":2},"end":{"line":24,"column":3}},"4":{"start":{"line":15,"column":4},"end":{"line":18,"column":6}},"5":{"start":{"line":20,"column":4},"end":{"line":23,"column":6}},"6":{"start":{"line":31,"column":2},"end":{"line":31,"column":106}},"7":{"start":{"line":31,"column":53},"end":{"line":31,"column":104}},"8":{"start":{"line":31,"column":75},"end":{"line":31,"column":103}}},"fnMap":{"0":{"name":"safeIpcResponse","decl":{"start":{"line":13,"column":22},"end":{"line":13,"column":37}},"loc":{"start":{"line":13,"column":63},"end":{"line":25,"column":1}}},"1":{"name":"registerHandle","decl":{"start":{"line":27,"column":16},"end":{"line":27,"column":30}},"loc":{"start":{"line":29,"column":50},"end":{"line":32,"column":1}}},"2":{"name":"(anonymous_2)","decl":{"start":{"line":31,"column":26},"end":{"line":31,"column":31}},"loc":{"start":{"line":31,"column":53},"end":{"line":31,"column":104}}},"3":{"name":"(anonymous_3)","decl":{"start":{"line":31,"column":69},"end":{"line":31,"column":72}},"loc":{"start":{"line":31,"column":75},"end":{"line":31,"column":103}}}},"branchMap":{"0":{"loc":{"start":{"line":22,"column":13},"end":{"line":22,"column":74}},"type":"cond-expr","locations":[{"start":{"line":22,"column":38},"end":{"line":22,"column":51}},{"start":{"line":22,"column":54},"end":{"line":22,"column":74}}]}},"s":{"0":1,"1":1,"2":1,"3":3,"4":3,"5":1,"6":1,"7":1,"8":1},"f":{"0":3,"1":1,"2":1,"3":1},"b":{"0":[1,0]}}
,"/Users/stuardoian/Documents/Proyectos Personales/electron-checkPR/src/renderer/App.tsx": {"path":"/Users/stuardoian/Documents/Proyectos Personales/electron-checkPR/src/renderer/App.tsx","statementMap":{"0":{"start":{"line":1,"column":0},"end":{"line":1,"column":26}},"1":{"start":{"line":2,"column":0},"end":{"line":2,"column":94}},"2":{"start":{"line":3,"column":0},"end":{"line":3,"column":42}},"3":{"start":{"line":4,"column":0},"end":{"line":4,"column":38}},"4":{"start":{"line":5,"column":0},"end":{"line":5,"column":28}},"5":{"start":{"line":6,"column":0},"end":{"line":6,"column":50}},"6":{"start":{"line":7,"column":0},"end":{"line":7,"column":40}},"7":{"start":{"line":8,"column":0},"end":{"line":8,"column":60}},"8":{"start":{"line":9,"column":0},"end":{"line":9,"column":96}},"9":{"start":{"line":11,"column":12},"end":{"line":19,"column":1}},"10":{"start":{"line":12,"column":2},"end":{"line":18,"column":4}},"11":{"start":{"line":21,"column":17},"end":{"line":48,"column":1}},"12":{"start":{"line":22,"column":19},"end":{"line":22,"column":32}},"13":{"start":{"line":24,"column":2},"end":{"line":30,"column":26}},"14":{"start":{"line":25,"column":4},"end":{"line":27,"column":5}},"15":{"start":{"line":26,"column":6},"end":{"line":26,"column":13}},"16":{"start":{"line":29,"column":4},"end":{"line":29,"column":59}},"17":{"start":{"line":32,"column":2},"end":{"line":47,"column":4}},"18":{"start":{"line":50,"column":0},"end":{"line":50,"column":19}}},"fnMap":{"0":{"name":"(anonymous_1)","decl":{"start":{"line":11,"column":12},"end":{"line":11,"column":15}},"loc":{"start":{"line":11,"column":17},"end":{"line":19,"column":1}}},"1":{"name":"(anonymous_2)","decl":{"start":{"line":21,"column":17},"end":{"line":21,"column":20}},"loc":{"start":{"line":21,"column":22},"end":{"line":48,"column":1}}},"2":{"name":"(anonymous_3)","decl":{"start":{"line":24,"column":18},"end":{"line":24,"column":21}},"loc":{"start":{"line":24,"column":23},"end":{"line":30,"column":3}}}},"branchMap":{"0":{"loc":{"start":{"line":25,"column":4},"end":{"line":27,"column":5}},"type":"if","locations":[{"start":{"line":25,"column":4},"end":{"line":27,"column":5}}]},"1":{"loc":{"start":{"line":25,"column":8},"end":{"line":25,"column":78}},"type":"binary-expr","locations":[{"start":{"line":25,"column":8},"end":{"line":25,"column":40}},{"start":{"line":25,"column":44},"end":{"line":25,"column":78}}]}},"s":{"0":2,"1":2,"2":2,"3":2,"4":2,"5":2,"6":2,"7":2,"8":2,"9":2,"10":3,"11":2,"12":6,"13":6,"14":6,"15":6,"16":0,"17":6,"18":2},"f":{"0":3,"1":6,"2":6},"b":{"0":[6],"1":[6,6]}}
,"/Users/stuardoian/Documents/Proyectos Personales/electron-checkPR/src/renderer/components/Layout/Sidebar.tsx": {"path":"/Users/stuardoian/Documents/Proyectos Personales/electron-checkPR/src/renderer/components/Layout/Sidebar.tsx","statementMap":{"0":{"start":{"line":1,"column":0},"end":{"line":1,"column":26}},"1":{"start":{"line":2,"column":0},"end":{"line":2,"column":43}},"2":{"start":{"line":3,"column":0},"end":{"line":3,"column":99}},"3":{"start":{"line":5,"column":21},"end":{"line":10,"column":4}},"4":{"start":{"line":6,"column":2},"end":{"line":10,"column":4}},"5":{"start":{"line":12,"column":16},"end":{"line":46,"column":1}},"6":{"start":{"line":13,"column":2},"end":{"line":45,"column":4}},"7":{"start":{"line":48,"column":0},"end":{"line":48,"column":23}}},"fnMap":{"0":{"name":"(anonymous_1)","decl":{"start":{"line":5,"column":21},"end":{"line":5,"column":22}},"loc":{"start":{"line":6,"column":2},"end":{"line":10,"column":4}}},"1":{"name":"(anonymous_2)","decl":{"start":{"line":12,"column":16},"end":{"line":12,"column":19}},"loc":{"start":{"line":12,"column":21},"end":{"line":46,"column":1}}}},"branchMap":{"0":{"loc":{"start":{"line":7,"column":4},"end":{"line":9,"column":null}},"type":"cond-expr","locations":[{"start":{"line":8,"column":8},"end":{"line":8,"column":52}},{"start":{"line":9,"column":8},"end":{"line":9,"column":null}}]}},"s":{"0":3,"1":3,"2":3,"3":3,"4":28,"5":3,"6":7,"7":3},"f":{"0":28,"1":7},"b":{"0":[7,21]}}
,"/Users/stuardoian/Documents/Proyectos Personales/electron-checkPR/src/renderer/features/dashboard/history.ts": {"path":"/Users/stuardoian/Documents/Proyectos Personales/electron-checkPR/src/renderer/features/dashboard/history.ts","statementMap":{"0":{"start":{"line":18,"column":0},"end":{"line":18,"column":16}},"1":{"start":{"line":31,"column":0},"end":{"line":31,"column":16}},"2":{"start":{"line":15,"column":28},"end":{"line":15,"column":55}},"3":{"start":{"line":16,"column":22},"end":{"line":16,"column":25}},"4":{"start":{"line":19,"column":2},"end":{"line":28,"column":3}},"5":{"start":{"line":20,"column":18},"end":{"line":20,"column":66}},"6":{"start":{"line":21,"column":4},"end":{"line":23,"column":5}},"7":{"start":{"line":22,"column":6},"end":{"line":22,"column":16}},"8":{"start":{"line":25,"column":4},"end":{"line":25,"column":59}},"9":{"start":{"line":27,"column":4},"end":{"line":27,"column":14}},"10":{"start":{"line":32,"column":18},"end":{"line":32,"column":40}},"11":{"start":{"line":33,"column":22},"end":{"line":33,"column":68}},"12":{"start":{"line":34,"column":2},"end":{"line":34,"column":80}}},"fnMap":{"0":{"name":"loadDashboardHistory","decl":{"start":{"line":18,"column":16},"end":{"line":18,"column":36}},"loc":{"start":{"line":18,"column":36},"end":{"line":29,"column":1}}},"1":{"name":"persistDashboardSnapshot","decl":{"start":{"line":31,"column":16},"end":{"line":31,"column":40}},"loc":{"start":{"line":31,"column":75},"end":{"line":35,"column":1}}}},"branchMap":{"0":{"loc":{"start":{"line":21,"column":4},"end":{"line":23,"column":5}},"type":"if","locations":[{"start":{"line":21,"column":4},"end":{"line":23,"column":5}}]}},"s":{"0":3,"1":3,"2":3,"3":3,"4":127,"5":127,"6":127,"7":2,"8":125,"9":0,"10":125,"11":125,"12":125},"f":{"0":127,"1":125},"b":{"0":[2]}}
,"/Users/stuardoian/Documents/Proyectos Personales/electron-checkPR/src/renderer/features/dashboard/ipc.ts": {"path":"/Users/stuardoian/Documents/Proyectos Personales/electron-checkPR/src/renderer/features/dashboard/ipc.ts","statementMap":{"0":{"start":{"line":26,"column":0},"end":{"line":26,"column":16}},"1":{"start":{"line":44,"column":0},"end":{"line":44,"column":7}},"2":{"start":{"line":49,"column":0},"end":{"line":49,"column":7}},"3":{"start":{"line":54,"column":0},"end":{"line":54,"column":7}},"4":{"start":{"line":59,"column":0},"end":{"line":59,"column":7}},"5":{"start":{"line":64,"column":0},"end":{"line":64,"column":7}},"6":{"start":{"line":17,"column":19},"end":{"line":17,"column":86}},"7":{"start":{"line":19,"column":2},"end":{"line":21,"column":3}},"8":{"start":{"line":20,"column":4},"end":{"line":20,"column":36}},"9":{"start":{"line":23,"column":2},"end":{"line":23,"column":23}},"10":{"start":{"line":27,"column":21},"end":{"line":33,"column":47}},"11":{"start":{"line":35,"column":2},"end":{"line":35,"column":31}},"12":{"start":{"line":39,"column":2},"end":{"line":41,"column":3}},"13":{"start":{"line":40,"column":4},"end":{"line":40,"column":77}},"14":{"start":{"line":45,"column":2},"end":{"line":45,"column":33}},"15":{"start":{"line":46,"column":2},"end":{"line":46,"column":85}},"16":{"start":{"line":50,"column":2},"end":{"line":50,"column":33}},"17":{"start":{"line":51,"column":2},"end":{"line":51,"column":88}},"18":{"start":{"line":55,"column":2},"end":{"line":55,"column":33}},"19":{"start":{"line":56,"column":2},"end":{"line":56,"column":92}},"20":{"start":{"line":60,"column":2},"end":{"line":60,"column":33}},"21":{"start":{"line":61,"column":2},"end":{"line":61,"column":87}},"22":{"start":{"line":65,"column":2},"end":{"line":65,"column":33}},"23":{"start":{"line":66,"column":2},"end":{"line":66,"column":73}}},"fnMap":{"0":{"name":"invokeIpc","decl":{"start":{"line":16,"column":15},"end":{"line":16,"column":24}},"loc":{"start":{"line":16,"column":62},"end":{"line":24,"column":1}}},"1":{"name":"getRepositorySourceChannel","decl":{"start":{"line":26,"column":16},"end":{"line":26,"column":42}},"loc":{"start":{"line":26,"column":128},"end":{"line":36,"column":1}}},"2":{"name":"ensureProviderSelected","decl":{"start":{"line":38,"column":9},"end":{"line":38,"column":31}},"loc":{"start":{"line":38,"column":61},"end":{"line":42,"column":1}}},"3":{"name":"fetchPullRequests","decl":{"start":{"line":44,"column":22},"end":{"line":44,"column":39}},"loc":{"start":{"line":44,"column":69},"end":{"line":47,"column":1}}},"4":{"name":"fetchProjects","decl":{"start":{"line":49,"column":22},"end":{"line":49,"column":35}},"loc":{"start":{"line":49,"column":65},"end":{"line":52,"column":1}}},"5":{"name":"fetchRepositories","decl":{"start":{"line":54,"column":22},"end":{"line":54,"column":39}},"loc":{"start":{"line":54,"column":69},"end":{"line":57,"column":1}}},"6":{"name":"fetchBranches","decl":{"start":{"line":59,"column":22},"end":{"line":59,"column":35}},"loc":{"start":{"line":59,"column":65},"end":{"line":62,"column":1}}},"7":{"name":"openReviewItem","decl":{"start":{"line":64,"column":22},"end":{"line":64,"column":36}},"loc":{"start":{"line":64,"column":79},"end":{"line":67,"column":1}}}},"branchMap":{"0":{"loc":{"start":{"line":19,"column":2},"end":{"line":21,"column":3}},"type":"if","locations":[{"start":{"line":19,"column":2},"end":{"line":21,"column":3}}]},"1":{"loc":{"start":{"line":39,"column":2},"end":{"line":41,"column":3}},"type":"if","locations":[{"start":{"line":39,"column":2},"end":{"line":41,"column":3}}]}},"s":{"0":3,"1":3,"2":3,"3":3,"4":3,"5":3,"6":2,"7":2,"8":1,"9":1,"10":5,"11":5,"12":3,"13":1,"14":1,"15":1,"16":1,"17":0,"18":0,"19":0,"20":0,"21":0,"22":1,"23":1},"f":{"0":2,"1":5,"2":3,"3":1,"4":1,"5":0,"6":0,"7":1},"b":{"0":[1],"1":[1]}}
,"/Users/stuardoian/Documents/Proyectos Personales/electron-checkPR/src/renderer/features/dashboard/metrics-core.ts": {"path":"/Users/stuardoian/Documents/Proyectos Personales/electron-checkPR/src/renderer/features/dashboard/metrics-core.ts","statementMap":{"0":{"start":{"line":4,"column":0},"end":{"line":4,"column":16}},"1":{"start":{"line":9,"column":0},"end":{"line":9,"column":16}},"2":{"start":{"line":13,"column":0},"end":{"line":13,"column":16}},"3":{"start":{"line":17,"column":0},"end":{"line":17,"column":16}},"4":{"start":{"line":21,"column":0},"end":{"line":21,"column":16}},"5":{"start":{"line":25,"column":0},"end":{"line":25,"column":16}},"6":{"start":{"line":51,"column":0},"end":{"line":51,"column":16}},"7":{"start":{"line":63,"column":0},"end":{"line":63,"column":16}},"8":{"start":{"line":71,"column":0},"end":{"line":71,"column":16}},"9":{"start":{"line":75,"column":0},"end":{"line":75,"column":16}},"10":{"start":{"line":79,"column":0},"end":{"line":79,"column":16}},"11":{"start":{"line":89,"column":0},"end":{"line":89,"column":16}},"12":{"start":{"line":105,"column":0},"end":{"line":105,"column":16}},"13":{"start":{"line":5,"column":18},"end":{"line":5,"column":47}},"14":{"start":{"line":6,"column":2},"end":{"line":6,"column":76}},"15":{"start":{"line":10,"column":2},"end":{"line":10,"column":70}},"16":{"start":{"line":10,"column":43},"end":{"line":10,"column":61}},"17":{"start":{"line":14,"column":2},"end":{"line":14,"column":71}},"18":{"start":{"line":14,"column":43},"end":{"line":14,"column":62}},"19":{"start":{"line":18,"column":2},"end":{"line":18,"column":59}},"20":{"start":{"line":22,"column":2},"end":{"line":22,"column":74}},"21":{"start":{"line":26,"column":19},"end":{"line":26,"column":44}},"22":{"start":{"line":27,"column":27},"end":{"line":27,"column":50}},"23":{"start":{"line":28,"column":14},"end":{"line":28,"column":15}},"24":{"start":{"line":30,"column":2},"end":{"line":34,"column":3}},"25":{"start":{"line":31,"column":4},"end":{"line":31,"column":15}},"26":{"start":{"line":32,"column":9},"end":{"line":34,"column":3}},"27":{"start":{"line":33,"column":4},"end":{"line":33,"column":15}},"28":{"start":{"line":36,"column":2},"end":{"line":38,"column":3}},"29":{"start":{"line":37,"column":4},"end":{"line":37,"column":15}},"30":{"start":{"line":40,"column":2},"end":{"line":42,"column":3}},"31":{"start":{"line":41,"column":4},"end":{"line":41,"column":15}},"32":{"start":{"line":44,"column":2},"end":{"line":46,"column":3}},"33":{"start":{"line":45,"column":4},"end":{"line":45,"column":15}},"34":{"start":{"line":48,"column":2},"end":{"line":48,"column":15}},"35":{"start":{"line":52,"column":2},"end":{"line":60,"column":95}},"36":{"start":{"line":53,"column":18},"end":{"line":59,"column":6}},"37":{"start":{"line":60,"column":27},"end":{"line":60,"column":93}},"38":{"start":{"line":64,"column":2},"end":{"line":66,"column":3}},"39":{"start":{"line":65,"column":4},"end":{"line":65,"column":41}},"40":{"start":{"line":68,"column":2},"end":{"line":68,"column":21}},"41":{"start":{"line":72,"column":2},"end":{"line":72,"column":33}},"42":{"start":{"line":76,"column":2},"end":{"line":76,"column":80}},"43":{"start":{"line":76,"column":48},"end":{"line":76,"column":71}},"44":{"start":{"line":80,"column":2},"end":{"line":82,"column":3}},"45":{"start":{"line":81,"column":4},"end":{"line":81,"column":13}},"46":{"start":{"line":84,"column":2},"end":{"line":86,"column":4}},"47":{"start":{"line":85,"column":48},"end":{"line":85,"column":65}},"48":{"start":{"line":90,"column":2},"end":{"line":92,"column":3}},"49":{"start":{"line":91,"column":4},"end":{"line":91,"column":23}},"50":{"start":{"line":93,"column":2},"end":{"line":95,"column":3}},"51":{"start":{"line":94,"column":4},"end":{"line":94,"column":22}},"52":{"start":{"line":96,"column":2},"end":{"line":98,"column":3}},"53":{"start":{"line":97,"column":4},"end":{"line":97,"column":22}},"54":{"start":{"line":99,"column":2},"end":{"line":101,"column":3}},"55":{"start":{"line":100,"column":4},"end":{"line":100,"column":23}},"56":{"start":{"line":102,"column":2},"end":{"line":102,"column":17}},"57":{"start":{"line":106,"column":2},"end":{"line":108,"column":3}},"58":{"start":{"line":107,"column":4},"end":{"line":107,"column":28}},"59":{"start":{"line":110,"column":2},"end":{"line":110,"column":69}}},"fnMap":{"0":{"name":"getAgeHours","decl":{"start":{"line":4,"column":16},"end":{"line":4,"column":27}},"loc":{"start":{"line":4,"column":45},"end":{"line":7,"column":1}}},"1":{"name":"getApprovals","decl":{"start":{"line":9,"column":16},"end":{"line":9,"column":28}},"loc":{"start":{"line":9,"column":44},"end":{"line":11,"column":1}}},"2":{"name":"(anonymous_2)","decl":{"start":{"line":10,"column":29},"end":{"line":10,"column":30}},"loc":{"start":{"line":10,"column":43},"end":{"line":10,"column":61}}},"3":{"name":"getPendingReviewers","decl":{"start":{"line":13,"column":16},"end":{"line":13,"column":35}},"loc":{"start":{"line":13,"column":51},"end":{"line":15,"column":1}}},"4":{"name":"(anonymous_4)","decl":{"start":{"line":14,"column":29},"end":{"line":14,"column":30}},"loc":{"start":{"line":14,"column":43},"end":{"line":14,"column":62}}},"5":{"name":"hasMergeConflict","decl":{"start":{"line":17,"column":16},"end":{"line":17,"column":32}},"loc":{"start":{"line":17,"column":48},"end":{"line":19,"column":1}}},"6":{"name":"hasEmptyDescription","decl":{"start":{"line":21,"column":16},"end":{"line":21,"column":35}},"loc":{"start":{"line":21,"column":51},"end":{"line":23,"column":1}}},"7":{"name":"getRiskScore","decl":{"start":{"line":25,"column":16},"end":{"line":25,"column":28}},"loc":{"start":{"line":25,"column":44},"end":{"line":49,"column":1}}},"8":{"name":"prioritizePullRequests","decl":{"start":{"line":51,"column":16},"end":{"line":51,"column":38}},"loc":{"start":{"line":51,"column":66},"end":{"line":61,"column":1}}},"9":{"name":"(anonymous_9)","decl":{"start":{"line":53,"column":9},"end":{"line":53,"column":10}},"loc":{"start":{"line":53,"column":18},"end":{"line":59,"column":6}}},"10":{"name":"(anonymous_10)","decl":{"start":{"line":60,"column":10},"end":{"line":60,"column":11}},"loc":{"start":{"line":60,"column":27},"end":{"line":60,"column":93}}},"11":{"name":"formatHours","decl":{"start":{"line":63,"column":16},"end":{"line":63,"column":27}},"loc":{"start":{"line":63,"column":41},"end":{"line":69,"column":1}}},"12":{"name":"formatPercentage","decl":{"start":{"line":71,"column":16},"end":{"line":71,"column":32}},"loc":{"start":{"line":71,"column":46},"end":{"line":73,"column":1}}},"13":{"name":"countPullRequestsOlderThan","decl":{"start":{"line":75,"column":16},"end":{"line":75,"column":42}},"loc":{"start":{"line":75,"column":110},"end":{"line":77,"column":1}}},"14":{"name":"(anonymous_14)","decl":{"start":{"line":76,"column":40},"end":{"line":76,"column":41}},"loc":{"start":{"line":76,"column":48},"end":{"line":76,"column":71}}},"15":{"name":"getAverageAgeHours","decl":{"start":{"line":79,"column":16},"end":{"line":79,"column":34}},"loc":{"start":{"line":79,"column":84},"end":{"line":87,"column":1}}},"16":{"name":"(anonymous_16)","decl":{"start":{"line":85,"column":35},"end":{"line":85,"column":36}},"loc":{"start":{"line":85,"column":48},"end":{"line":85,"column":65}}},"17":{"name":"classifyBranch","decl":{"start":{"line":89,"column":16},"end":{"line":89,"column":30}},"loc":{"start":{"line":89,"column":49},"end":{"line":103,"column":1}}},"18":{"name":"formatLastUpdate","decl":{"start":{"line":105,"column":16},"end":{"line":105,"column":32}},"loc":{"start":{"line":105,"column":50},"end":{"line":111,"column":1}}}},"branchMap":{"0":{"loc":{"start":{"line":22,"column":9},"end":{"line":22,"column":73}},"type":"binary-expr","locations":[{"start":{"line":22,"column":9},"end":{"line":22,"column":24}},{"start":{"line":22,"column":28},"end":{"line":22,"column":73}}]},"1":{"loc":{"start":{"line":30,"column":2},"end":{"line":34,"column":3}},"type":"if","locations":[{"start":{"line":30,"column":2},"end":{"line":34,"column":3}},{"start":{"line":32,"column":9},"end":{"line":34,"column":3}}]},"2":{"loc":{"start":{"line":32,"column":9},"end":{"line":34,"column":3}},"type":"if","locations":[{"start":{"line":32,"column":9},"end":{"line":34,"column":3}}]},"3":{"loc":{"start":{"line":36,"column":2},"end":{"line":38,"column":3}},"type":"if","locations":[{"start":{"line":36,"column":2},"end":{"line":38,"column":3}}]},"4":{"loc":{"start":{"line":40,"column":2},"end":{"line":42,"column":3}},"type":"if","locations":[{"start":{"line":40,"column":2},"end":{"line":42,"column":3}}]},"5":{"loc":{"start":{"line":40,"column":6},"end":{"line":40,"column":42}},"type":"binary-expr","locations":[{"start":{"line":40,"column":6},"end":{"line":40,"column":17}},{"start":{"line":40,"column":21},"end":{"line":40,"column":42}}]},"6":{"loc":{"start":{"line":44,"column":2},"end":{"line":46,"column":3}},"type":"if","locations":[{"start":{"line":44,"column":2},"end":{"line":46,"column":3}}]},"7":{"loc":{"start":{"line":60,"column":27},"end":{"line":60,"column":93}},"type":"binary-expr","locations":[{"start":{"line":60,"column":27},"end":{"line":60,"column":59}},{"start":{"line":60,"column":63},"end":{"line":60,"column":93}}]},"8":{"loc":{"start":{"line":64,"column":2},"end":{"line":66,"column":3}},"type":"if","locations":[{"start":{"line":64,"column":2},"end":{"line":66,"column":3}}]},"9":{"loc":{"start":{"line":80,"column":2},"end":{"line":82,"column":3}},"type":"if","locations":[{"start":{"line":80,"column":2},"end":{"line":82,"column":3}}]},"10":{"loc":{"start":{"line":90,"column":2},"end":{"line":92,"column":3}},"type":"if","locations":[{"start":{"line":90,"column":2},"end":{"line":92,"column":3}}]},"11":{"loc":{"start":{"line":93,"column":2},"end":{"line":95,"column":3}},"type":"if","locations":[{"start":{"line":93,"column":2},"end":{"line":95,"column":3}}]},"12":{"loc":{"start":{"line":93,"column":6},"end":{"line":93,"column":71}},"type":"binary-expr","locations":[{"start":{"line":93,"column":6},"end":{"line":93,"column":38}},{"start":{"line":93,"column":42},"end":{"line":93,"column":71}}]},"13":{"loc":{"start":{"line":96,"column":2},"end":{"line":98,"column":3}},"type":"if","locations":[{"start":{"line":96,"column":2},"end":{"line":98,"column":3}}]},"14":{"loc":{"start":{"line":99,"column":2},"end":{"line":101,"column":3}},"type":"if","locations":[{"start":{"line":99,"column":2},"end":{"line":101,"column":3}}]},"15":{"loc":{"start":{"line":106,"column":2},"end":{"line":108,"column":3}},"type":"if","locations":[{"start":{"line":106,"column":2},"end":{"line":108,"column":3}}]}},"s":{"0":4,"1":4,"2":4,"3":4,"4":4,"5":4,"6":4,"7":4,"8":4,"9":4,"10":4,"11":4,"12":4,"13":2,"14":2,"15":1,"16":0,"17":2,"18":0,"19":4,"20":3,"21":1,"22":1,"23":1,"24":1,"25":0,"26":1,"27":0,"28":1,"29":0,"30":1,"31":0,"32":1,"33":0,"34":1,"35":3,"36":1,"37":0,"38":6,"39":0,"40":6,"41":4,"42":6,"43":2,"44":3,"45":2,"46":1,"47":1,"48":1,"49":1,"50":0,"51":0,"52":0,"53":0,"54":0,"55":0,"56":0,"57":3,"58":1,"59":2},"f":{"0":2,"1":1,"2":0,"3":2,"4":0,"5":4,"6":3,"7":1,"8":3,"9":1,"10":0,"11":6,"12":4,"13":6,"14":2,"15":3,"16":1,"17":1,"18":3},"b":{"0":[3,3],"1":[0,1],"2":[0],"3":[0],"4":[0],"5":[1,1],"6":[0],"7":[0,0],"8":[0],"9":[2],"10":[1],"11":[0],"12":[0,0],"13":[0],"14":[0],"15":[1]}}
,"/Users/stuardoian/Documents/Proyectos Personales/electron-checkPR/src/renderer/features/dashboard/metrics-indicators.ts": {"path":"/Users/stuardoian/Documents/Proyectos Personales/electron-checkPR/src/renderer/features/dashboard/metrics-indicators.ts","statementMap":{"0":{"start":{"line":11,"column":0},"end":{"line":11,"column":16}},"1":{"start":{"line":54,"column":0},"end":{"line":54,"column":16}},"2":{"start":{"line":73,"column":0},"end":{"line":73,"column":16}},"3":{"start":{"line":92,"column":0},"end":{"line":92,"column":16}},"4":{"start":{"line":2,"column":0},"end":{"line":2,"column":null}},"5":{"start":{"line":15,"column":20},"end":{"line":15,"column":50}},"6":{"start":{"line":16,"column":19},"end":{"line":16,"column":76}},"7":{"start":{"line":16,"column":58},"end":{"line":16,"column":68}},"8":{"start":{"line":17,"column":21},"end":{"line":17,"column":76}},"9":{"start":{"line":18,"column":22},"end":{"line":18,"column":86}},"10":{"start":{"line":18,"column":61},"end":{"line":18,"column":78}},"11":{"start":{"line":19,"column":31},"end":{"line":19,"column":95}},"12":{"start":{"line":19,"column":75},"end":{"line":19,"column":88}},"13":{"start":{"line":20,"column":26},"end":{"line":22,"column":95}},"14":{"start":{"line":22,"column":61},"end":{"line":22,"column":78}},"15":{"start":{"line":24,"column":27},"end":{"line":34,"column":91}},"16":{"start":{"line":26,"column":8},"end":{"line":32,"column":10}},"17":{"start":{"line":27,"column":25},"end":{"line":27,"column":60}},"18":{"start":{"line":28,"column":10},"end":{"line":31,"column":12}},"19":{"start":{"line":34,"column":45},"end":{"line":34,"column":83}},"20":{"start":{"line":36,"column":2},"end":{"line":51,"column":4}},"21":{"start":{"line":50,"column":93},"end":{"line":50,"column":109}},"22":{"start":{"line":55,"column":16},"end":{"line":55,"column":46}},"23":{"start":{"line":56,"column":16},"end":{"line":56,"column":71}},"24":{"start":{"line":57,"column":26},"end":{"line":59,"column":91}},"25":{"start":{"line":59,"column":61},"end":{"line":59,"column":78}},"26":{"start":{"line":60,"column":28},"end":{"line":62,"column":10}},"27":{"start":{"line":61,"column":4},"end":{"line":61,"column":73}},"28":{"start":{"line":63,"column":22},"end":{"line":63,"column":106}},"29":{"start":{"line":63,"column":61},"end":{"line":63,"column":98}},"30":{"start":{"line":65,"column":2},"end":{"line":70,"column":4}},"31":{"start":{"line":74,"column":16},"end":{"line":74,"column":46}},"32":{"start":{"line":75,"column":22},"end":{"line":75,"column":102}},"33":{"start":{"line":75,"column":61},"end":{"line":75,"column":94}},"34":{"start":{"line":76,"column":25},"end":{"line":76,"column":98}},"35":{"start":{"line":76,"column":69},"end":{"line":76,"column":94}},"36":{"start":{"line":77,"column":23},"end":{"line":79,"column":87}},"37":{"start":{"line":79,"column":50},"end":{"line":79,"column":75}},"38":{"start":{"line":80,"column":31},"end":{"line":82,"column":10}},"39":{"start":{"line":81,"column":4},"end":{"line":81,"column":79}},"40":{"start":{"line":81,"column":36},"end":{"line":81,"column":78}},"41":{"start":{"line":84,"column":2},"end":{"line":89,"column":4}},"42":{"start":{"line":93,"column":16},"end":{"line":93,"column":46}},"43":{"start":{"line":94,"column":24},"end":{"line":94,"column":82}},"44":{"start":{"line":95,"column":20},"end":{"line":95,"column":112}},"45":{"start":{"line":95,"column":59},"end":{"line":95,"column":104}},"46":{"start":{"line":96,"column":23},"end":{"line":98,"column":10}},"47":{"start":{"line":97,"column":4},"end":{"line":97,"column":103}},"48":{"start":{"line":99,"column":23},"end":{"line":99,"column":101}},"49":{"start":{"line":99,"column":62},"end":{"line":99,"column":93}},"50":{"start":{"line":101,"column":2},"end":{"line":106,"column":4}}},"fnMap":{"0":{"name":"buildMetrics","decl":{"start":{"line":11,"column":16},"end":{"line":11,"column":28}},"loc":{"start":{"line":13,"column":25},"end":{"line":52,"column":1}}},"1":{"name":"(anonymous_1)","decl":{"start":{"line":16,"column":50},"end":{"line":16,"column":51}},"loc":{"start":{"line":16,"column":58},"end":{"line":16,"column":68}}},"2":{"name":"(anonymous_2)","decl":{"start":{"line":18,"column":53},"end":{"line":18,"column":54}},"loc":{"start":{"line":18,"column":61},"end":{"line":18,"column":78}}},"3":{"name":"(anonymous_3)","decl":{"start":{"line":19,"column":67},"end":{"line":19,"column":68}},"loc":{"start":{"line":19,"column":75},"end":{"line":19,"column":88}}},"4":{"name":"(anonymous_4)","decl":{"start":{"line":22,"column":48},"end":{"line":22,"column":49}},"loc":{"start":{"line":22,"column":61},"end":{"line":22,"column":78}}},"5":{"name":"(anonymous_5)","decl":{"start":{"line":25,"column":37},"end":{"line":25,"column":38}},"loc":{"start":{"line":26,"column":8},"end":{"line":32,"column":10}}},"6":{"name":"(anonymous_6)","decl":{"start":{"line":26,"column":26},"end":{"line":26,"column":27}},"loc":{"start":{"line":26,"column":39},"end":{"line":32,"column":9}}},"7":{"name":"(anonymous_7)","decl":{"start":{"line":34,"column":37},"end":{"line":34,"column":38}},"loc":{"start":{"line":34,"column":45},"end":{"line":34,"column":83}}},"8":{"name":"(anonymous_8)","decl":{"start":{"line":50,"column":85},"end":{"line":50,"column":86}},"loc":{"start":{"line":50,"column":93},"end":{"line":50,"column":109}}},"9":{"name":"buildDeliveryIndicators","decl":{"start":{"line":54,"column":16},"end":{"line":54,"column":39}},"loc":{"start":{"line":54,"column":89},"end":{"line":71,"column":1}}},"10":{"name":"(anonymous_10)","decl":{"start":{"line":59,"column":48},"end":{"line":59,"column":49}},"loc":{"start":{"line":59,"column":61},"end":{"line":59,"column":78}}},"11":{"name":"(anonymous_11)","decl":{"start":{"line":60,"column":59},"end":{"line":60,"column":60}},"loc":{"start":{"line":61,"column":4},"end":{"line":61,"column":73}}},"12":{"name":"(anonymous_12)","decl":{"start":{"line":63,"column":53},"end":{"line":63,"column":54}},"loc":{"start":{"line":63,"column":61},"end":{"line":63,"column":98}}},"13":{"name":"buildReviewIndicators","decl":{"start":{"line":73,"column":16},"end":{"line":73,"column":37}},"loc":{"start":{"line":73,"column":87},"end":{"line":90,"column":1}}},"14":{"name":"(anonymous_14)","decl":{"start":{"line":75,"column":53},"end":{"line":75,"column":54}},"loc":{"start":{"line":75,"column":61},"end":{"line":75,"column":94}}},"15":{"name":"(anonymous_15)","decl":{"start":{"line":76,"column":56},"end":{"line":76,"column":57}},"loc":{"start":{"line":76,"column":69},"end":{"line":76,"column":94}}},"16":{"name":"(anonymous_16)","decl":{"start":{"line":79,"column":37},"end":{"line":79,"column":38}},"loc":{"start":{"line":79,"column":50},"end":{"line":79,"column":75}}},"17":{"name":"(anonymous_17)","decl":{"start":{"line":80,"column":62},"end":{"line":80,"column":63}},"loc":{"start":{"line":81,"column":4},"end":{"line":81,"column":79}}},"18":{"name":"(anonymous_18)","decl":{"start":{"line":81,"column":22},"end":{"line":81,"column":23}},"loc":{"start":{"line":81,"column":36},"end":{"line":81,"column":78}}},"19":{"name":"buildGovernanceAlerts","decl":{"start":{"line":92,"column":16},"end":{"line":92,"column":37}},"loc":{"start":{"line":92,"column":87},"end":{"line":107,"column":1}}},"20":{"name":"(anonymous_20)","decl":{"start":{"line":95,"column":51},"end":{"line":95,"column":52}},"loc":{"start":{"line":95,"column":59},"end":{"line":95,"column":104}}},"21":{"name":"(anonymous_21)","decl":{"start":{"line":96,"column":54},"end":{"line":96,"column":55}},"loc":{"start":{"line":97,"column":4},"end":{"line":97,"column":103}}},"22":{"name":"(anonymous_22)","decl":{"start":{"line":99,"column":54},"end":{"line":99,"column":55}},"loc":{"start":{"line":99,"column":62},"end":{"line":99,"column":93}}}},"branchMap":{"0":{"loc":{"start":{"line":20,"column":26},"end":{"line":22,"column":95}},"type":"cond-expr","locations":[{"start":{"line":21,"column":6},"end":{"line":21,"column":7}},{"start":{"line":22,"column":6},"end":{"line":22,"column":95}}]},"1":{"loc":{"start":{"line":24,"column":27},"end":{"line":34,"column":91}},"type":"cond-expr","locations":[{"start":{"line":25,"column":6},"end":{"line":33,"column":14}},{"start":{"line":34,"column":6},"end":{"line":34,"column":91}}]},"2":{"loc":{"start":{"line":28,"column":17},"end":{"line":30,"column":null}},"type":"binary-expr","locations":[{"start":{"line":28,"column":17},"end":{"line":28,"column":36}},{"start":{"line":29,"column":12},"end":{"line":29,"column":63}},{"start":{"line":30,"column":12},"end":{"line":30,"column":63}}]},"3":{"loc":{"start":{"line":34,"column":45},"end":{"line":34,"column":83}},"type":"binary-expr","locations":[{"start":{"line":34,"column":45},"end":{"line":34,"column":56}},{"start":{"line":34,"column":60},"end":{"line":34,"column":83}}]},"4":{"loc":{"start":{"line":42,"column":13},"end":{"line":42,"column":76}},"type":"cond-expr","locations":[{"start":{"line":42,"column":30},"end":{"line":42,"column":55}},{"start":{"line":42,"column":58},"end":{"line":42,"column":76}}]},"5":{"loc":{"start":{"line":44,"column":14},"end":{"line":44,"column":95}},"type":"cond-expr","locations":[{"start":{"line":44,"column":31},"end":{"line":44,"column":61}},{"start":{"line":44,"column":64},"end":{"line":44,"column":95}}]},"6":{"loc":{"start":{"line":57,"column":26},"end":{"line":59,"column":91}},"type":"cond-expr","locations":[{"start":{"line":58,"column":6},"end":{"line":58,"column":7}},{"start":{"line":59,"column":6},"end":{"line":59,"column":91}}]},"7":{"loc":{"start":{"line":66,"column":142},"end":{"line":66,"column":218}},"type":"cond-expr","locations":[{"start":{"line":66,"column":166},"end":{"line":66,"column":172}},{"start":{"line":66,"column":175},"end":{"line":66,"column":218}}]},"8":{"loc":{"start":{"line":66,"column":175},"end":{"line":66,"column":218}},"type":"cond-expr","locations":[{"start":{"line":66,"column":199},"end":{"line":66,"column":206}},{"start":{"line":66,"column":209},"end":{"line":66,"column":218}}]},"9":{"loc":{"start":{"line":67,"column":52},"end":{"line":67,"column":112}},"type":"cond-expr","locations":[{"start":{"line":67,"column":66},"end":{"line":67,"column":70}},{"start":{"line":67,"column":73},"end":{"line":67,"column":112}}]},"10":{"loc":{"start":{"line":67,"column":185},"end":{"line":67,"column":239}},"type":"cond-expr","locations":[{"start":{"line":67,"column":198},"end":{"line":67,"column":204}},{"start":{"line":67,"column":207},"end":{"line":67,"column":239}}]},"11":{"loc":{"start":{"line":67,"column":207},"end":{"line":67,"column":239}},"type":"cond-expr","locations":[{"start":{"line":67,"column":220},"end":{"line":67,"column":227}},{"start":{"line":67,"column":230},"end":{"line":67,"column":239}}]},"12":{"loc":{"start":{"line":68,"column":72},"end":{"line":68,"column":144}},"type":"cond-expr","locations":[{"start":{"line":68,"column":86},"end":{"line":68,"column":90}},{"start":{"line":68,"column":93},"end":{"line":68,"column":144}}]},"13":{"loc":{"start":{"line":68,"column":215},"end":{"line":68,"column":289}},"type":"cond-expr","locations":[{"start":{"line":68,"column":274},"end":{"line":68,"column":281}},{"start":{"line":68,"column":284},"end":{"line":68,"column":289}}]},"14":{"loc":{"start":{"line":69,"column":64},"end":{"line":69,"column":130}},"type":"cond-expr","locations":[{"start":{"line":69,"column":78},"end":{"line":69,"column":82}},{"start":{"line":69,"column":85},"end":{"line":69,"column":130}}]},"15":{"loc":{"start":{"line":69,"column":207},"end":{"line":69,"column":274}},"type":"cond-expr","locations":[{"start":{"line":69,"column":226},"end":{"line":69,"column":232}},{"start":{"line":69,"column":235},"end":{"line":69,"column":274}}]},"16":{"loc":{"start":{"line":69,"column":235},"end":{"line":69,"column":274}},"type":"cond-expr","locations":[{"start":{"line":69,"column":255},"end":{"line":69,"column":262}},{"start":{"line":69,"column":265},"end":{"line":69,"column":274}}]},"17":{"loc":{"start":{"line":75,"column":61},"end":{"line":75,"column":94}},"type":"binary-expr","locations":[{"start":{"line":75,"column":61},"end":{"line":75,"column":79}},{"start":{"line":75,"column":83},"end":{"line":75,"column":94}}]},"18":{"loc":{"start":{"line":77,"column":23},"end":{"line":79,"column":87}},"type":"cond-expr","locations":[{"start":{"line":78,"column":6},"end":{"line":78,"column":7}},{"start":{"line":79,"column":6},"end":{"line":79,"column":87}}]},"19":{"loc":{"start":{"line":81,"column":36},"end":{"line":81,"column":78}},"type":"binary-expr","locations":[{"start":{"line":81,"column":36},"end":{"line":81,"column":55}},{"start":{"line":81,"column":59},"end":{"line":81,"column":78}}]},"20":{"loc":{"start":{"line":85,"column":54},"end":{"line":85,"column":120}},"type":"cond-expr","locations":[{"start":{"line":85,"column":68},"end":{"line":85,"column":72}},{"start":{"line":85,"column":75},"end":{"line":85,"column":120}}]},"21":{"loc":{"start":{"line":85,"column":192},"end":{"line":85,"column":258}},"type":"cond-expr","locations":[{"start":{"line":85,"column":211},"end":{"line":85,"column":217}},{"start":{"line":85,"column":220},"end":{"line":85,"column":258}}]},"22":{"loc":{"start":{"line":85,"column":220},"end":{"line":85,"column":258}},"type":"cond-expr","locations":[{"start":{"line":85,"column":239},"end":{"line":85,"column":246}},{"start":{"line":85,"column":249},"end":{"line":85,"column":258}}]},"23":{"loc":{"start":{"line":86,"column":159},"end":{"line":86,"column":232}},"type":"cond-expr","locations":[{"start":{"line":86,"column":182},"end":{"line":86,"column":188}},{"start":{"line":86,"column":191},"end":{"line":86,"column":232}}]},"24":{"loc":{"start":{"line":86,"column":191},"end":{"line":86,"column":232}},"type":"cond-expr","locations":[{"start":{"line":86,"column":213},"end":{"line":86,"column":220}},{"start":{"line":86,"column":223},"end":{"line":86,"column":232}}]},"25":{"loc":{"start":{"line":87,"column":164},"end":{"line":87,"column":235}},"type":"cond-expr","locations":[{"start":{"line":87,"column":185},"end":{"line":87,"column":192}},{"start":{"line":87,"column":195},"end":{"line":87,"column":235}}]},"26":{"loc":{"start":{"line":87,"column":195},"end":{"line":87,"column":235}},"type":"cond-expr","locations":[{"start":{"line":87,"column":216},"end":{"line":87,"column":223}},{"start":{"line":87,"column":226},"end":{"line":87,"column":235}}]},"27":{"loc":{"start":{"line":88,"column":177},"end":{"line":88,"column":261}},"type":"cond-expr","locations":[{"start":{"line":88,"column":205},"end":{"line":88,"column":211}},{"start":{"line":88,"column":214},"end":{"line":88,"column":261}}]},"28":{"loc":{"start":{"line":88,"column":214},"end":{"line":88,"column":261}},"type":"cond-expr","locations":[{"start":{"line":88,"column":242},"end":{"line":88,"column":249}},{"start":{"line":88,"column":252},"end":{"line":88,"column":261}}]},"29":{"loc":{"start":{"line":95,"column":59},"end":{"line":95,"column":104}},"type":"binary-expr","locations":[{"start":{"line":95,"column":59},"end":{"line":95,"column":83}},{"start":{"line":95,"column":87},"end":{"line":95,"column":104}}]},"30":{"loc":{"start":{"line":97,"column":4},"end":{"line":97,"column":103}},"type":"binary-expr","locations":[{"start":{"line":97,"column":4},"end":{"line":97,"column":62}},{"start":{"line":97,"column":66},"end":{"line":97,"column":103}}]},"31":{"loc":{"start":{"line":99,"column":62},"end":{"line":99,"column":93}},"type":"binary-expr","locations":[{"start":{"line":99,"column":62},"end":{"line":99,"column":72}},{"start":{"line":99,"column":76},"end":{"line":99,"column":93}}]},"32":{"loc":{"start":{"line":102,"column":130},"end":{"line":102,"column":200}},"type":"cond-expr","locations":[{"start":{"line":102,"column":151},"end":{"line":102,"column":157}},{"start":{"line":102,"column":160},"end":{"line":102,"column":200}}]},"33":{"loc":{"start":{"line":102,"column":160},"end":{"line":102,"column":200}},"type":"cond-expr","locations":[{"start":{"line":102,"column":181},"end":{"line":102,"column":188}},{"start":{"line":102,"column":191},"end":{"line":102,"column":200}}]},"34":{"loc":{"start":{"line":103,"column":138},"end":{"line":103,"column":196}},"type":"cond-expr","locations":[{"start":{"line":103,"column":155},"end":{"line":103,"column":161}},{"start":{"line":103,"column":164},"end":{"line":103,"column":196}}]},"35":{"loc":{"start":{"line":103,"column":164},"end":{"line":103,"column":196}},"type":"cond-expr","locations":[{"start":{"line":103,"column":181},"end":{"line":103,"column":188}},{"start":{"line":103,"column":191},"end":{"line":103,"column":196}}]},"36":{"loc":{"start":{"line":104,"column":133},"end":{"line":104,"column":202}},"type":"cond-expr","locations":[{"start":{"line":104,"column":153},"end":{"line":104,"column":159}},{"start":{"line":104,"column":162},"end":{"line":104,"column":202}}]},"37":{"loc":{"start":{"line":104,"column":162},"end":{"line":104,"column":202}},"type":"cond-expr","locations":[{"start":{"line":104,"column":183},"end":{"line":104,"column":190}},{"start":{"line":104,"column":193},"end":{"line":104,"column":202}}]},"38":{"loc":{"start":{"line":105,"column":124},"end":{"line":105,"column":192}},"type":"cond-expr","locations":[{"start":{"line":105,"column":144},"end":{"line":105,"column":151}},{"start":{"line":105,"column":154},"end":{"line":105,"column":192}}]},"39":{"loc":{"start":{"line":105,"column":154},"end":{"line":105,"column":192}},"type":"cond-expr","locations":[{"start":{"line":105,"column":175},"end":{"line":105,"column":180}},{"start":{"line":105,"column":183},"end":{"line":105,"column":192}}]}},"s":{"0":4,"1":4,"2":4,"3":4,"4":4,"5":3,"6":3,"7":1,"8":3,"9":3,"10":1,"11":3,"12":1,"13":3,"14":1,"15":3,"16":0,"17":0,"18":0,"19":1,"20":3,"21":1,"22":3,"23":3,"24":3,"25":1,"26":3,"27":1,"28":3,"29":1,"30":3,"31":3,"32":3,"33":1,"34":3,"35":1,"36":3,"37":1,"38":3,"39":1,"40":0,"41":3,"42":3,"43":3,"44":3,"45":1,"46":3,"47":1,"48":3,"49":1,"50":3},"f":{"0":3,"1":1,"2":1,"3":1,"4":1,"5":0,"6":0,"7":1,"8":1,"9":3,"10":1,"11":1,"12":1,"13":3,"14":1,"15":1,"16":1,"17":1,"18":0,"19":3,"20":1,"21":1,"22":1},"b":{"0":[2,1],"1":[1,2],"2":[0,0,0],"3":[1,1],"4":[1,2],"5":[1,2],"6":[2,1],"7":[0,3],"8":[0,3],"9":[2,1],"10":[0,3],"11":[0,3],"12":[2,1],"13":[0,3],"14":[2,1],"15":[0,3],"16":[0,3],"17":[1,1],"18":[2,1],"19":[0,0],"20":[2,1],"21":[0,3],"22":[0,3],"23":[0,3],"24":[0,3],"25":[3,0],"26":[0,0],"27":[0,3],"28":[0,3],"29":[1,1],"30":[1,1],"31":[1,0],"32":[0,3],"33":[0,3],"34":[0,3],"35":[0,3],"36":[0,3],"37":[0,3],"38":[0,3],"39":[0,3]}}
,"/Users/stuardoian/Documents/Proyectos Personales/electron-checkPR/src/renderer/features/dashboard/metrics-insights.ts": {"path":"/Users/stuardoian/Documents/Proyectos Personales/electron-checkPR/src/renderer/features/dashboard/metrics-insights.ts","statementMap":{"0":{"start":{"line":4,"column":0},"end":{"line":4,"column":16}},"1":{"start":{"line":29,"column":0},"end":{"line":29,"column":16}},"2":{"start":{"line":42,"column":0},"end":{"line":42,"column":16}},"3":{"start":{"line":2,"column":0},"end":{"line":2,"column":66}},"4":{"start":{"line":5,"column":18},"end":{"line":5,"column":54}},"5":{"start":{"line":7,"column":2},"end":{"line":24,"column":5}},"6":{"start":{"line":8,"column":20},"end":{"line":13,"column":6}},"7":{"start":{"line":15,"column":4},"end":{"line":15,"column":23}},"8":{"start":{"line":16,"column":4},"end":{"line":18,"column":5}},"9":{"start":{"line":17,"column":6},"end":{"line":17,"column":28}},"10":{"start":{"line":19,"column":4},"end":{"line":21,"column":5}},"11":{"start":{"line":20,"column":6},"end":{"line":20,"column":27}},"12":{"start":{"line":23,"column":4},"end":{"line":23,"column":40}},"13":{"start":{"line":26,"column":2},"end":{"line":26,"column":98}},"14":{"start":{"line":26,"column":60},"end":{"line":26,"column":84}},"15":{"start":{"line":30,"column":18},"end":{"line":30,"column":43}},"16":{"start":{"line":32,"column":2},"end":{"line":35,"column":5}},"17":{"start":{"line":33,"column":18},"end":{"line":33,"column":49}},"18":{"start":{"line":34,"column":4},"end":{"line":34,"column":54}},"19":{"start":{"line":37,"column":2},"end":{"line":39,"column":53}},"20":{"start":{"line":38,"column":30},"end":{"line":38,"column":46}},"21":{"start":{"line":39,"column":27},"end":{"line":39,"column":51}},"22":{"start":{"line":43,"column":18},"end":{"line":43,"column":43}},"23":{"start":{"line":45,"column":2},"end":{"line":54,"column":5}},"24":{"start":{"line":46,"column":4},"end":{"line":53,"column":7}},"25":{"start":{"line":47,"column":6},"end":{"line":49,"column":7}},"26":{"start":{"line":48,"column":8},"end":{"line":48,"column":15}},"27":{"start":{"line":51,"column":18},"end":{"line":51,"column":83}},"28":{"start":{"line":52,"column":6},"end":{"line":52,"column":52}},"29":{"start":{"line":56,"column":2},"end":{"line":59,"column":17}},"30":{"start":{"line":57,"column":35},"end":{"line":57,"column":56}},"31":{"start":{"line":58,"column":27},"end":{"line":58,"column":55}}},"fnMap":{"0":{"name":"buildRepositoryInsights","decl":{"start":{"line":4,"column":16},"end":{"line":4,"column":39}},"loc":{"start":{"line":4,"column":89},"end":{"line":27,"column":1}}},"1":{"name":"(anonymous_1)","decl":{"start":{"line":7,"column":34},"end":{"line":7,"column":35}},"loc":{"start":{"line":7,"column":41},"end":{"line":24,"column":3}}},"2":{"name":"(anonymous_2)","decl":{"start":{"line":26,"column":43},"end":{"line":26,"column":44}},"loc":{"start":{"line":26,"column":60},"end":{"line":26,"column":84}}},"3":{"name":"buildBranchInsights","decl":{"start":{"line":29,"column":16},"end":{"line":29,"column":35}},"loc":{"start":{"line":29,"column":85},"end":{"line":40,"column":1}}},"4":{"name":"(anonymous_4)","decl":{"start":{"line":32,"column":34},"end":{"line":32,"column":35}},"loc":{"start":{"line":32,"column":41},"end":{"line":35,"column":3}}},"5":{"name":"(anonymous_5)","decl":{"start":{"line":38,"column":9},"end":{"line":38,"column":10}},"loc":{"start":{"line":38,"column":30},"end":{"line":38,"column":46}}},"6":{"name":"(anonymous_6)","decl":{"start":{"line":39,"column":10},"end":{"line":39,"column":11}},"loc":{"start":{"line":39,"column":27},"end":{"line":39,"column":51}}},"7":{"name":"buildReviewerInsights","decl":{"start":{"line":42,"column":16},"end":{"line":42,"column":37}},"loc":{"start":{"line":42,"column":87},"end":{"line":60,"column":1}}},"8":{"name":"(anonymous_8)","decl":{"start":{"line":45,"column":34},"end":{"line":45,"column":35}},"loc":{"start":{"line":45,"column":41},"end":{"line":54,"column":3}}},"9":{"name":"(anonymous_9)","decl":{"start":{"line":46,"column":25},"end":{"line":46,"column":26}},"loc":{"start":{"line":46,"column":38},"end":{"line":53,"column":5}}},"10":{"name":"(anonymous_10)","decl":{"start":{"line":57,"column":9},"end":{"line":57,"column":10}},"loc":{"start":{"line":57,"column":35},"end":{"line":57,"column":56}}},"11":{"name":"(anonymous_11)","decl":{"start":{"line":58,"column":10},"end":{"line":58,"column":11}},"loc":{"start":{"line":58,"column":27},"end":{"line":58,"column":55}}}},"branchMap":{"0":{"loc":{"start":{"line":8,"column":20},"end":{"line":13,"column":6}},"type":"binary-expr","locations":[{"start":{"line":8,"column":20},"end":{"line":8,"column":46}},{"start":{"line":8,"column":50},"end":{"line":13,"column":6}}]},"1":{"loc":{"start":{"line":16,"column":4},"end":{"line":18,"column":5}},"type":"if","locations":[{"start":{"line":16,"column":4},"end":{"line":18,"column":5}}]},"2":{"loc":{"start":{"line":19,"column":4},"end":{"line":21,"column":5}},"type":"if","locations":[{"start":{"line":19,"column":4},"end":{"line":21,"column":5}}]},"3":{"loc":{"start":{"line":34,"column":24},"end":{"line":34,"column":47}},"type":"binary-expr","locations":[{"start":{"line":34,"column":24},"end":{"line":34,"column":42}},{"start":{"line":34,"column":46},"end":{"line":34,"column":47}}]},"4":{"loc":{"start":{"line":47,"column":6},"end":{"line":49,"column":7}},"type":"if","locations":[{"start":{"line":47,"column":6},"end":{"line":49,"column":7}}]},"5":{"loc":{"start":{"line":51,"column":18},"end":{"line":51,"column":83}},"type":"binary-expr","locations":[{"start":{"line":51,"column":18},"end":{"line":51,"column":38}},{"start":{"line":51,"column":42},"end":{"line":51,"column":61}},{"start":{"line":51,"column":65},"end":{"line":51,"column":83}}]},"6":{"loc":{"start":{"line":52,"column":24},"end":{"line":52,"column":45}},"type":"binary-expr","locations":[{"start":{"line":52,"column":24},"end":{"line":52,"column":40}},{"start":{"line":52,"column":44},"end":{"line":52,"column":45}}]}},"s":{"0":4,"1":4,"2":4,"3":4,"4":3,"5":3,"6":1,"7":1,"8":1,"9":0,"10":1,"11":0,"12":1,"13":3,"14":0,"15":3,"16":3,"17":1,"18":1,"19":3,"20":1,"21":0,"22":3,"23":3,"24":1,"25":0,"26":0,"27":0,"28":0,"29":3,"30":0,"31":0},"f":{"0":3,"1":1,"2":0,"3":3,"4":1,"5":1,"6":0,"7":3,"8":1,"9":0,"10":0,"11":0},"b":{"0":[1,1],"1":[0],"2":[0],"3":[1,1],"4":[0],"5":[0,0,0],"6":[0,0]}}
,"/Users/stuardoian/Documents/Proyectos Personales/electron-checkPR/src/renderer/features/dashboard/metrics.ts": {"path":"/Users/stuardoian/Documents/Proyectos Personales/electron-checkPR/src/renderer/features/dashboard/metrics.ts","statementMap":{"0":{"start":{"line":7,"column":0},"end":{"line":7,"column":16}},"1":{"start":{"line":38,"column":0},"end":{"line":38,"column":16}},"2":{"start":{"line":3,"column":0},"end":{"line":3,"column":123}},"3":{"start":{"line":4,"column":0},"end":{"line":4,"column":161}},"4":{"start":{"line":5,"column":0},"end":{"line":5,"column":105}},"5":{"start":{"line":13,"column":34},"end":{"line":13,"column":70}},"6":{"start":{"line":15,"column":2},"end":{"line":35,"column":4}},"7":{"start":{"line":28,"column":56},"end":{"line":28,"column":73}},"8":{"start":{"line":30,"column":63},"end":{"line":30,"column":88}},"9":{"start":{"line":33,"column":65},"end":{"line":33,"column":78}},"10":{"start":{"line":34,"column":54},"end":{"line":34,"column":91}},"11":{"start":{"line":39,"column":2},"end":{"line":41,"column":3}},"12":{"start":{"line":40,"column":4},"end":{"line":40,"column":39}},"13":{"start":{"line":43,"column":2},"end":{"line":45,"column":3}},"14":{"start":{"line":44,"column":4},"end":{"line":44,"column":41}},"15":{"start":{"line":47,"column":2},"end":{"line":47,"column":43}}},"fnMap":{"0":{"name":"buildDashboardSummary","decl":{"start":{"line":7,"column":16},"end":{"line":7,"column":37}},"loc":{"start":{"line":11,"column":25},"end":{"line":36,"column":1}}},"1":{"name":"(anonymous_1)","decl":{"start":{"line":28,"column":48},"end":{"line":28,"column":49}},"loc":{"start":{"line":28,"column":56},"end":{"line":28,"column":73}}},"2":{"name":"(anonymous_2)","decl":{"start":{"line":30,"column":50},"end":{"line":30,"column":51}},"loc":{"start":{"line":30,"column":63},"end":{"line":30,"column":88}}},"3":{"name":"(anonymous_3)","decl":{"start":{"line":33,"column":57},"end":{"line":33,"column":58}},"loc":{"start":{"line":33,"column":65},"end":{"line":33,"column":78}}},"4":{"name":"(anonymous_4)","decl":{"start":{"line":34,"column":46},"end":{"line":34,"column":47}},"loc":{"start":{"line":34,"column":54},"end":{"line":34,"column":91}}},"5":{"name":"getRiskBadgeClass","decl":{"start":{"line":38,"column":16},"end":{"line":38,"column":33}},"loc":{"start":{"line":38,"column":51},"end":{"line":48,"column":1}}}},"branchMap":{"0":{"loc":{"start":{"line":39,"column":2},"end":{"line":41,"column":3}},"type":"if","locations":[{"start":{"line":39,"column":2},"end":{"line":41,"column":3}}]},"1":{"loc":{"start":{"line":43,"column":2},"end":{"line":45,"column":3}},"type":"if","locations":[{"start":{"line":43,"column":2},"end":{"line":45,"column":3}}]}},"s":{"0":4,"1":4,"2":4,"3":4,"4":4,"5":3,"6":3,"7":1,"8":1,"9":1,"10":1,"11":0,"12":0,"13":0,"14":0,"15":0},"f":{"0":3,"1":1,"2":1,"3":1,"4":1,"5":0},"b":{"0":[0],"1":[0]}}
,"/Users/stuardoian/Documents/Proyectos Personales/electron-checkPR/src/renderer/features/dashboard/repositorySourceApiService.ts": {"path":"/Users/stuardoian/Documents/Proyectos Personales/electron-checkPR/src/renderer/features/dashboard/repositorySourceApiService.ts","statementMap":{"0":{"start":{"line":35,"column":0},"end":{"line":35,"column":16}},"1":{"start":{"line":8,"column":0},"end":{"line":8,"column":null}},"2":{"start":{"line":13,"column":0},"end":{"line":13,"column":null}},"3":{"start":{"line":45,"column":4},"end":{"line":48,"column":5}},"4":{"start":{"line":46,"column":6},"end":{"line":46,"column":32}},"5":{"start":{"line":47,"column":6},"end":{"line":47,"column":16}},"6":{"start":{"line":50,"column":4},"end":{"line":50,"column":35}},"7":{"start":{"line":51,"column":4},"end":{"line":51,"column":68}},"8":{"start":{"line":53,"column":4},"end":{"line":64,"column":5}},"9":{"start":{"line":54,"column":21},"end":{"line":54,"column":60}},"10":{"start":{"line":55,"column":6},"end":{"line":55,"column":63}},"11":{"start":{"line":56,"column":6},"end":{"line":56,"column":20}},"12":{"start":{"line":58,"column":22},"end":{"line":58,"column":85}},"13":{"start":{"line":59,"column":6},"end":{"line":59,"column":43}},"14":{"start":{"line":60,"column":6},"end":{"line":60,"column":78}},"15":{"start":{"line":61,"column":6},"end":{"line":61,"column":16}},"16":{"start":{"line":63,"column":6},"end":{"line":63,"column":38}},"17":{"start":{"line":68,"column":4},"end":{"line":71,"column":5}},"18":{"start":{"line":69,"column":6},"end":{"line":69,"column":36}},"19":{"start":{"line":70,"column":6},"end":{"line":70,"column":16}},"20":{"start":{"line":73,"column":34},"end":{"line":73,"column":102}},"21":{"start":{"line":74,"column":29},"end":{"line":76,"column":96}},"22":{"start":{"line":78,"column":4},"end":{"line":81,"column":5}},"23":{"start":{"line":79,"column":6},"end":{"line":79,"column":36}},"24":{"start":{"line":80,"column":6},"end":{"line":80,"column":16}},"25":{"start":{"line":83,"column":4},"end":{"line":83,"column":39}},"26":{"start":{"line":84,"column":4},"end":{"line":84,"column":72}},"27":{"start":{"line":86,"column":4},"end":{"line":97,"column":5}},"28":{"start":{"line":87,"column":21},"end":{"line":87,"column":64}},"29":{"start":{"line":88,"column":6},"end":{"line":88,"column":46}},"30":{"start":{"line":89,"column":6},"end":{"line":89,"column":20}},"31":{"start":{"line":91,"column":22},"end":{"line":91,"column":85}},"32":{"start":{"line":92,"column":6},"end":{"line":92,"column":82}},"33":{"start":{"line":93,"column":6},"end":{"line":93,"column":47}},"34":{"start":{"line":94,"column":6},"end":{"line":94,"column":16}},"35":{"start":{"line":96,"column":6},"end":{"line":96,"column":42}},"36":{"start":{"line":101,"column":25},"end":{"line":101,"column":42}},"37":{"start":{"line":103,"column":4},"end":{"line":107,"column":5}},"38":{"start":{"line":104,"column":6},"end":{"line":104,"column":69}},"39":{"start":{"line":105,"column":6},"end":{"line":105,"column":46}},"40":{"start":{"line":106,"column":6},"end":{"line":106,"column":13}},"41":{"start":{"line":109,"column":4},"end":{"line":109,"column":29}},"42":{"start":{"line":110,"column":4},"end":{"line":110,"column":25}},"43":{"start":{"line":111,"column":4},"end":{"line":111,"column":74}},"44":{"start":{"line":113,"column":4},"end":{"line":125,"column":5}},"45":{"start":{"line":114,"column":6},"end":{"line":114,"column":42}},"46":{"start":{"line":115,"column":6},"end":{"line":115,"column":46}},"47":{"start":{"line":116,"column":21},"end":{"line":116,"column":66}},"48":{"start":{"line":117,"column":32},"end":{"line":117,"column":71}},"49":{"start":{"line":118,"column":6},"end":{"line":118,"column":99}},"50":{"start":{"line":120,"column":22},"end":{"line":120,"column":85}},"51":{"start":{"line":121,"column":6},"end":{"line":121,"column":84}},"52":{"start":{"line":122,"column":6},"end":{"line":122,"column":47}},"53":{"start":{"line":124,"column":6},"end":{"line":124,"column":32}},"54":{"start":{"line":129,"column":25},"end":{"line":129,"column":42}},"55":{"start":{"line":131,"column":4},"end":{"line":136,"column":5}},"56":{"start":{"line":132,"column":22},"end":{"line":132,"column":73}},"57":{"start":{"line":133,"column":6},"end":{"line":133,"column":30}},"58":{"start":{"line":134,"column":6},"end":{"line":134,"column":80}},"59":{"start":{"line":135,"column":6},"end":{"line":135,"column":13}},"60":{"start":{"line":138,"column":4},"end":{"line":143,"column":5}},"61":{"start":{"line":139,"column":22},"end":{"line":139,"column":107}},"62":{"start":{"line":140,"column":6},"end":{"line":140,"column":30}},"63":{"start":{"line":141,"column":6},"end":{"line":141,"column":80}},"64":{"start":{"line":142,"column":6},"end":{"line":142,"column":13}},"65":{"start":{"line":145,"column":4},"end":{"line":145,"column":25}},"66":{"start":{"line":146,"column":4},"end":{"line":146,"column":40}},"67":{"start":{"line":150,"column":4},"end":{"line":159,"column":5}},"68":{"start":{"line":151,"column":6},"end":{"line":153,"column":7}},"69":{"start":{"line":152,"column":8},"end":{"line":152,"column":72}},"70":{"start":{"line":155,"column":6},"end":{"line":155,"column":59}},"71":{"start":{"line":157,"column":22},"end":{"line":157,"column":101}},"72":{"start":{"line":158,"column":6},"end":{"line":158,"column":30}},"73":{"start":{"line":162,"column":2},"end":{"line":168,"column":4}}},"fnMap":{"0":{"name":"createRepositorySourceApi","decl":{"start":{"line":35,"column":16},"end":{"line":35,"column":41}},"loc":{"start":{"line":43,"column":35},"end":{"line":169,"column":1}}},"1":{"name":"refreshProjects","decl":{"start":{"line":44,"column":17},"end":{"line":44,"column":32}},"loc":{"start":{"line":44,"column":63},"end":{"line":65,"column":3}}},"2":{"name":"refreshRepositories","decl":{"start":{"line":67,"column":17},"end":{"line":67,"column":36}},"loc":{"start":{"line":67,"column":67},"end":{"line":98,"column":3}}},"3":{"name":"refreshPullRequests","decl":{"start":{"line":100,"column":17},"end":{"line":100,"column":36}},"loc":{"start":{"line":100,"column":36},"end":{"line":126,"column":3}}},"4":{"name":"discoverProjects","decl":{"start":{"line":128,"column":17},"end":{"line":128,"column":33}},"loc":{"start":{"line":128,"column":33},"end":{"line":147,"column":3}}},"5":{"name":"openPullRequest","decl":{"start":{"line":149,"column":17},"end":{"line":149,"column":32}},"loc":{"start":{"line":149,"column":44},"end":{"line":160,"column":3}}}},"branchMap":{"0":{"loc":{"start":{"line":44,"column":33},"end":{"line":44,"column":63}},"type":"default-arg","locations":[{"start":{"line":44,"column":46},"end":{"line":44,"column":63}}]},"1":{"loc":{"start":{"line
[...]
,"/Users/stuardoian/Documents/Proyectos Personales/electron-checkPR/src/services/providers/repository-provider.composition.ts": {"path":"/Users/stuardoian/Documents/Proyectos Personales/electron-checkPR/src/services/providers/repository-provider.composition.ts","statementMap":{"0":{"start":{"line":4,"column":0},"end":{"line":4,"column":16}},"1":{"start":{"line":2,"column":0},"end":{"line":2,"column":76}},"2":{"start":{"line":5,"column":19},"end":{"line":5,"column":51}},"3":{"start":{"line":6,"column":2},"end":{"line":6,"column":35}},"4":{"start":{"line":7,"column":2},"end":{"line":7,"column":18}}},"fnMap":{"0":{"name":"createRepositoryProviderRegistry","decl":{"start":{"line":4,"column":16},"end":{"line":4,"column":48}},"loc":{"start":{"line":4,"column":89},"end":{"line":8,"column":1}}}},"branchMap":{"0":{"loc":{"start":{"line":4,"column":49},"end":{"line":4,"column":89}},"type":"default-arg","locations":[{"start":{"line":4,"column":87},"end":{"line":4,"column":89}}]}},"s":{"0":1,"1":1,"2":0,"3":0,"4":0},"f":{"0":0},"b":{"0":[0]}}
,"/Users/stuardoian/Documents/Proyectos Personales/electron-checkPR/src/services/providers/repository-provider.registry.ts": {"path":"/Users/stuardoian/Documents/Proyectos Personales/electron-checkPR/src/services/providers/repository-provider.registry.ts","statementMap":{"0":{"start":{"line":35,"column":0},"end":{"line":35,"column":16}},"1":{"start":{"line":39,"column":0},"end":{"line":39,"column":16}},"2":{"start":{"line":43,"column":0},"end":{"line":43,"column":16}},"3":{"start":{"line":47,"column":0},"end":{"line":47,"column":16}},"4":{"start":{"line":51,"column":0},"end":{"line":51,"column":16}},"5":{"start":{"line":5,"column":31},"end":{"line":5,"column":88}},"6":{"start":{"line":8,"column":4},"end":{"line":8,"column":48}},"7":{"start":{"line":12,"column":4},"end":{"line":12,"column":61}},"8":{"start":{"line":12,"column":36},"end":{"line":12,"column":59}},"9":{"start":{"line":16,"column":21},"end":{"line":16,"column":45}},"10":{"start":{"line":17,"column":4},"end":{"line":19,"column":5}},"11":{"start":{"line":18,"column":6},"end":{"line":18,"column":69}},"12":{"start":{"line":21,"column":4},"end":{"line":21,"column":20}},"13":{"start":{"line":25,"column":4},"end":{"line":25,"column":47}},"14":{"start":{"line":29,"column":4},"end":{"line":29,"column":27}},"15":{"start":{"line":4,"column":0},"end":{"line":4,"column":13}},"16":{"start":{"line":33,"column":42},"end":{"line":33,"column":74}},"17":{"start":{"line":36,"column":2},"end":{"line":36,"column":55}},"18":{"start":{"line":40,"column":2},"end":{"line":40,"column":60}},"19":{"start":{"line":44,"column":2},"end":{"line":44,"column":53}},"20":{"start":{"line":48,"column":2},"end":{"line":48,"column":50}},"21":{"start":{"line":52,"column":2},"end":{"line":52,"column":44}},"22":{"start":{"line":5,"column":19},"end":{"line":5,"column":null}},"23":{"start":{"line":5,"column":89},"end":{"line":5,"column":null}},"24":{"start":{"line":9,"column":3},"end":{"line":9,"column":null}},"25":{"start":{"line":11,"column":2},"end":{"line":13,"column":null}},"26":{"start":{"line":12,"column":4},"end":{"line":12,"column":null}},"27":{"start":{"line":15,"column":6},"end":{"line":15,"column":null}},"28":{"start":{"line":18,"column":6},"end":{"line":18,"column":67}},"29":{"start":{"line":22,"column":3},"end":{"line":22,"column":null}},"30":{"start":{"line":26,"column":2},"end":{"line":26,"column":null}}},"fnMap":{"0":{"name":"(anonymous_0)","decl":{"start":{"line":7,"column":2},"end":{"line":7,"column":10}},"loc":{"start":{"line":7,"column":43},"end":{"line":9,"column":3}}},"1":{"name":"(anonymous_1)","decl":{"start":{"line":11,"column":2},"end":{"line":11,"column":14}},"loc":{"start":{"line":11,"column":50},"end":{"line":13,"column":3}}},"2":{"name":"(anonymous_2)","decl":{"start":{"line":12,"column":22},"end":{"line":12,"column":23}},"loc":{"start":{"line":12,"column":36},"end":{"line":12,"column":59}}},"3":{"name":"(anonymous_3)","decl":{"start":{"line":15,"column":2},"end":{"line":15,"column":5}},"loc":{"start":{"line":15,"column":34},"end":{"line":22,"column":3}}},"4":{"name":"(anonymous_4)","decl":{"start":{"line":24,"column":2},"end":{"line":24,"column":6}},"loc":{"start":{"line":24,"column":6},"end":{"line":26,"column":3}}},"5":{"name":"(anonymous_5)","decl":{"start":{"line":28,"column":2},"end":{"line":28,"column":7}},"loc":{"start":{"line":28,"column":7},"end":{"line":30,"column":3}}},"6":{"name":"registerRepositoryProviderPort","decl":{"start":{"line":35,"column":16},"end":{"line":35,"column":46}},"loc":{"start":{"line":35,"column":79},"end":{"line":37,"column":1}}},"7":{"name":"registerRepositoryProviderPorts","decl":{"start":{"line":39,"column":16},"end":{"line":39,"column":47}},"loc":{"start":{"line":39,"column":83},"end":{"line":41,"column":1}}},"8":{"name":"getRepositoryProviderPort","decl":{"start":{"line":43,"column":16},"end":{"line":43,"column":41}},"loc":{"start":{"line":43,"column":70},"end":{"line":45,"column":1}}},"9":{"name":"getRepositoryProviderPorts","decl":{"start":{"line":47,"column":16},"end":{"line":47,"column":42}},"loc":{"start":{"line":47,"column":42},"end":{"line":49,"column":1}}},"10":{"name":"resetRepositoryProviderRegistry","decl":{"start":{"line":51,"column":16},"end":{"line":51,"column":47}},"loc":{"start":{"line":51,"column":47},"end":{"line":53,"column":1}}},"11":{"name":"(anonymous_0)","decl":{"start":{"line":43,"column":0},"end":{"line":43,"column":16}},"loc":{"start":{"line":43,"column":0},"end":{"line":51,"column":16}}},"12":{"name":"(anonymous_1)","decl":{"start":{"line":4,"column":0},"end":{"line":4,"column":13}},"loc":{"start":{"line":4,"column":13},"end":{"line":7,"column":10}}},"13":{"name":"(anonymous_2)","decl":{"start":{"line":5,"column":89},"end":{"line":5,"column":null}},"loc":{"start":{"line":5,"column":89},"end":{"line":5,"column":null}}},"14":{"name":"(anonymous_3)","decl":{"start":{"line":8,"column":4},"end":{"line":8,"column":8}},"loc":{"start":{"line":8,"column":9},"end":{"line":16,"column":10}}},"15":{"name":"(anonymous_4)","decl":{"start":{"line":17,"column":4},"end":{"line":17,"column":8}},"loc":{"start":{"line":17,"column":4},"end":{"line":19,"column":5}}},"16":{"name":"(anonymous_5)","decl":{"start":{"line":21,"column":4},"end":{"line":21,"column":11}},"loc":{"start":{"line":21,"column":4},"end":{"line":24,"column":6}}}},"branchMap":{"0":{"loc":{"start":{"line":17,"column":4},"end":{"line":19,"column":5}},"type":"if","locations":[{"start":{"line":17,"column":4},"end":{"line":19,"column":5}}]},"1":{"loc":{"start":{"line":11,"column":2},"end":{"line":13,"column":null}},"type":"if","locations":[{"start":{"line":11,"column":2},"end":{"line":13,"column":null}}]}},"s":{"0":1,"1":2,"2":1,"3":2,"4":1,"5":1,"6":0,"7":0,"8":0,"9":0,"10":0,"11":0,"12":0,"13":0,"14":0,"15":1,"16":1,"17":0,"18":0,"19":0,"20":0,"21":0,"22":0,"23":0,"24":0,"25":0,"26":0,"27":0,"28":0,"29":0,"30":2},"f":{"0":0,"1":0,"2":0,"3":0,"4":0,"5":0,"6":0,"7":0,"8":0,"9":0,"10":0,"11":0,"12":0,"13":0,"14":0,"15":0,"16":0},"b":{"0":[0],"1":[0]}}
,"/Users/stuardoian/Documents/Proyectos Personales/electron-checkPR/src/services/shared/repository-snapshot-helpers.ts": {"path":"/Users/stuardoian/Documents/Proyectos Personales/electron-checkPR/src/services/shared/repository-snapshot-helpers.ts","statementMap":{"0":{"start":{"line":7,"column":0},"end":{"line":7,"column":16}},"1":{"start":{"line":11,"column":0},"end":{"line":11,"column":16}},"2":{"start":{"line":16,"column":0},"end":{"line":16,"column":16}},"3":{"start":{"line":1,"column":34},"end":{"line":5,"column":2}},"4":{"start":{"line":8,"column":2},"end":{"line":8,"column":85}},"5":{"start":{"line":12,"column":20},"end":{"line":12,"column":62}},"6":{"start":{"line":13,"column":2},"end":{"line":13,"column":50}},"7":{"start":{"line":17,"column":2},"end":{"line":19,"column":3}},"8":{"start":{"line":18,"column":4},"end":{"line":18,"column":13}},"9":{"start":{"line":20,"column":2},"end":{"line":22,"column":3}},"10":{"start":{"line":21,"column":4},"end":{"line":21,"column":13}},"11":{"start":{"line":23,"column":2},"end":{"line":25,"column":3}},"12":{"start":{"line":24,"column":4},"end":{"line":24,"column":13}},"13":{"start":{"line":26,"column":2},"end":{"line":26,"column":11}}},"fnMap":{"0":{"name":"isTestFile","decl":{"start":{"line":7,"column":16},"end":{"line":7,"column":26}},"loc":{"start":{"line":7,"column":39},"end":{"line":9,"column":1}}},"1":{"name":"isSupportedCodeFile","decl":{"start":{"line":11,"column":16},"end":{"line":11,"column":35}},"loc":{"start":{"line":11,"column":48},"end":{"line":14,"column":1}}},"2":{"name":"rankPath","decl":{"start":{"line":16,"column":16},"end":{"line":16,"column":24}},"loc":{"start":{"line":16,"column":37},"end":{"line":27,"column":1}}}},"branchMap":{"0":{"loc":{"start":{"line":12,"column":20},"end":{"line":12,"column":62}},"type":"binary-expr","locations":[{"start":{"line":12,"column":20},"end":{"line":12,"column":56}},{"start":{"line":12,"column":60},"end":{"line":12,"column":62}}]},"1":{"loc":{"start":{"line":17,"column":2},"end":{"line":19,"column":3}},"type":"if","locations":[{"start":{"line":17,"column":2},"end":{"line":19,"column":3}}]},"2":{"loc":{"start":{"line":20,"column":2},"end":{"line":22,"column":3}},"type":"if","locations":[{"start":{"line":20,"column":2},"end":{"line":22,"column":3}}]},"3":{"loc":{"start":{"line":23,"column":2},"end":{"line":25,"column":3}},"type":"if","locations":[{"start":{"line":23,"column":2},"end":{"line":25,"column":3}}]}},"s":{"0":5,"1":5,"2":5,"3":5,"4":105,"5":105,"6":105,"7":636,"8":0,"9":636,"10":636,"11":0,"12":0,"13":0},"f":{"0":105,"1":105,"2":636},"b":{"0":[105,0],"1":[0],"2":[636],"3":[0]}}
,"/Users/stuardoian/Documents/Proyectos Personales/electron-checkPR/src/services/shared/request-control.ts": {"path":"/Users/stuardoian/Documents/Proyectos Personales/electron-checkPR/src/services/shared/request-control.ts","statementMap":{"0":{"start":{"line":17,"column":0},"end":{"line":17,"column":16}},"1":{"start":{"line":31,"column":0},"end":{"line":31,"column":7}},"2":{"start":{"line":58,"column":0},"end":{"line":58,"column":7}},"3":{"start":{"line":8,"column":24},"end":{"line":8,"column":25}},"4":{"start":{"line":9,"column":33},"end":{"line":9,"column":36}},"5":{"start":{"line":12,"column":2},"end":{"line":14,"column":5}},"6":{"start":{"line":13,"column":4},"end":{"line":13,"column":33}},"7":{"start":{"line":18,"column":2},"end":{"line":20,"column":3}},"8":{"start":{"line":19,"column":4},"end":{"line":19,"column":17}},"9":{"start":{"line":22,"column":22},"end":{"line":22,"column":56}},"10":{"start":{"line":23,"column":2},"end":{"line":25,"column":3}},"11":{"start":{"line":24,"column":4},"end":{"line":24,"column":17}},"12":{"start":{"line":27,"column":17},"end":{"line":27,"column":39}},"13":{"start":{"line":28,"column":2},"end":{"line":28,"column":41}},"14":{"start":{"line":35,"column":18},"end":{"line":35,"column":52}},"15":{"start":{"line":36,"column":25},"end":{"line":36,"column":75}},"16":{"start":{"line":37,"column":22},"end":{"line":37,"column":65}},"17":{"start":{"line":38,"column":18},"end":{"line":38,"column":33}},"18":{"start":{"line":40,"column":16},"end":{"line":40,"column":17}},"19":{"start":{"line":42,"column":2},"end":{"line":55,"column":3}},"20":{"start":{"line":43,"column":4},"end":{"line":54,"column":5}},"21":{"start":{"line":44,"column":6},"end":{"line":44,"column":26}},"22":{"start":{"line":46,"column":6},"end":{"line":48,"column":7}},"23":{"start":{"line":47,"column":8},"end":{"line":47,"column":20}},"24":{"start":{"line":50,"column":22},"end":{"line":50,"column":53}},"25":{"start":{"line":51,"column":6},"end":{"line":51,"column":45}},"26":{"start":{"line":52,"column":6},"end":{"line":52,"column":19}},"27":{"start":{"line":53,"column":6},"end":{"line":53,"column":26}},"28":{"start":{"line":63,"column":29},"end":{"line":63,"column":52}},"29":{"start":{"line":64,"column":15},"end":{"line":64,"column":16}},"30":{"start":{"line":67,"column":4},"end":{"line":71,"column":5}},"31":{"start":{"line":68,"column":27},"end":{"line":68,"column":33}},"32":{"start":{"line":69,"column":6},"end":{"line":69,"column":18}},"33":{"start":{"line":70,"column":6},"end":{"line":70,"column":78}},"34":{"start":{"line":74,"column":22},"end":{"line":74,"column":64}},"35":{"start":{"line":75,"column":2},"end":{"line":75,"column":73}},"36":{"start":{"line":75,"column":62},"end":{"line":75,"column":70}},"37":{"start":{"line":76,"column":2},"end":{"line":76,"column":17}}},"fnMap":{"0":{"name":"wait","decl":{"start":{"line":11,"column":9},"end":{"line":11,"column":13}},"loc":{"start":{"line":11,"column":29},"end":{"line":15,"column":1}}},"1":{"name":"(anonymous_1)","decl":{"start":{"line":12,"column":21},"end":{"line":12,"column":22}},"loc":{"start":{"line":12,"column":33},"end":{"line":14,"column":3}}},"2":{"name":"isRetryableHttpError","decl":{"start":{"line":17,"column":16},"end":{"line":17,"column":36}},"loc":{"start":{"line":17,"column":51},"end":{"line":29,"column":1}}},"3":{"name":"retryWithBackoff","decl":{"start":{"line":31,"column":22},"end":{"line":31,"column":38}},"loc":{"start":{"line":33,"column":28},"end":{"line":56,"column":1}}},"4":{"name":"mapWithConcurrency","decl":{"start":{"line":58,"column":22},"end":{"line":58,"column":40}},"loc":{"start":{"line":61,"column":59},"end":{"line":77,"column":1}}},"5":{"name":"worker","decl":{"start":{"line":66,"column":17},"end":{"line":66,"column":23}},"loc":{"start":{"line":66,"column":23},"end":{"line":72,"column":3}}},"6":{"name":"(anonymous_6)","decl":{"start":{"line":75,"column":56},"end":{"line":75,"column":59}},"loc":{"start":{"line":75,"column":62},"end":{"line":75,"column":70}}}},"branchMap":{"0":{"loc":{"start":{"line":18,"column":2},"end":{"line":20,"column":3}},"type":"if","locations":[{"start":{"line":18,"column":2},"end":{"line":20,"column":3}}]},"1":{"loc":{"start":{"line":23,"column":2},"end":{"line":25,"column":3}},"type":"if","locations":[{"start":{"line":23,"column":2},"end":{"line":25,"column":3}}]},"2":{"loc":{"start":{"line":28,"column":9},"end":{"line":28,"column":40}},"type":"binary-expr","locations":[{"start":{"line":28,"column":9},"end":{"line":28,"column":23}},{"start":{"line":28,"column":27},"end":{"line":28,"column":40}}]},"3":{"loc":{"start":{"line":33,"column":2},"end":{"line":33,"column":28}},"type":"default-arg","locations":[{"start":{"line":33,"column":26},"end":{"line":33,"column":28}}]},"4":{"loc":{"start":{"line":35,"column":18},"end":{"line":35,"column":52}},"type":"binary-expr","locations":[{"start":{"line":35,"column":18},"end":{"line":35,"column":33}},{"start":{"line":35,"column":37},"end":{"line":35,"column":52}}]},"5":{"loc":{"start":{"line":36,"column":25},"end":{"line":36,"column":75}},"type":"binary-expr","locations":[{"start":{"line":36,"column":25},"end":{"line":36,"column":47}},{"start":{"line":36,"column":51},"end":{"line":36,"column":75}}]},"6":{"loc":{"start":{"line":37,"column":22},"end":{"line":37,"column":65}},"type":"binary-expr","locations":[{"start":{"line":37,"column":22},"end":{"line":37,"column":41}},{"start":{"line":37,"column":45},"end":{"line":37,"column":65}}]},"7":{"loc":{"start":{"line":46,"column":6},"end":{"line":48,"column":7}},"type":"if","locations":[{"start":{"line":46,"column":6},"end":{"line":48,"column":7}}]},"8":{"loc":{"start":{"line":46,"column":10},"end":{"line":46,"column":51}},"type":"binary-expr","locations":[{"start":{"line":46,"column":10},"end":{"line":46,"column":28}},{"start":{"line":46,"column":32},"end":{"line":46,"column":51}}]}},"s":{"0":6,"1":6,"2":6,"3":6,"4":6,"5":3,"6":3,"7":8,"8":1,"9":7,"10":7,"11":0,"12":7,"13":7,"14":8,"15":8,"16":8,"17":8,"18":8,"19":8,"20":11,"21":11,"22":4,"23":1,"24":3,"25":3,"26":3,"27":3,"28":5,"29":5,"30":6,"31":8,"32":8,"33":8,"34":5,"35":5,"36":6,"37":5},"f":{"0":3,"1":3,"2":8,"3":8,"4":5,"5":6,"6":6},"b":{"0":[1],"1":[0],"2":[7,4],"3":[4],"4":[8,8],"5":[8,7],"6":[8,8],"7":[1],"8":[4,4]}}
,"/Users/stuardoian/Documents/Proyectos Personales/electron-checkPR/src/services/shared/snapshot-content.ts": {"path":"/Users/stuardoian/Documents/Proyectos Personales/electron-checkPR/src/services/shared/snapshot-content.ts","statementMap":{"0":{"start":{"line":3,"column":0},"end":{"line":3,"column":16}},"1":{"start":{"line":29,"column":0},"end":{"line":29,"column":16}},"2":{"start":{"line":1,"column":13},"end":{"line":1,"column":50}},"3":{"start":{"line":4,"column":2},"end":{"line":6,"column":3}},"4":{"start":{"line":5,"column":4},"end":{"line":5,"column":17}},"5":{"start":{"line":8,"column":17},"end":{"line":8,"column":39}},"6":{"start":{"line":9,"column":24},"end":{"line":9,"column":25}},"7":{"start":{"line":11,"column":2},"end":{"line":24,"column":3}},"8":{"start":{"line":11,"column":19},"end":{"line":11,"column":20}},"9":{"start":{"line":12,"column":17},"end":{"line":12,"column":41}},"10":{"start":{"line":14,"column":4},"end":{"line":16,"column":5}},"11":{"start":{"line":15,"column":6},"end":{"line":15,"column":18}},"12":{"start":{"line":18,"column":29},"end":{"line":18,"column":54}},"13":{"start":{"line":19,"column":31},"end":{"line":19,"column":71}},"14":{"start":{"line":21,"column":4},"end":{"line":23,"column":5}},"15":{"start":{"line":22,"column":6},"end":{"line":22,"column":27}},"16":{"start":{"line":26,"column":2},"end":{"line":26,"column":47}},"17":{"start":{"line":30,"column":21},"end":{"line":30,"column":46}},"18":{"start":{"line":32,"column":2},"end":{"line":34,"column":3}},"19":{"start":{"line":33,"column":4},"end":{"line":33,"column":35}},"20":{"start":{"line":36,"column":2},"end":{"line":38,"column":3}},"21":{"start":{"line":37,"column":4},"end":{"line":37,"column":21}},"22":{"start":{"line":40,"column":2},"end":{"line":40,"column":30}}},"fnMap":{"0":{"name":"isProbablyBinaryContent","decl":{"start":{"line":3,"column":16},"end":{"line":3,"column":39}},"loc":{"start":{"line":3,"column":55},"end":{"line":27,"column":1}}},"1":{"name":"appendPartialReason","decl":{"start":{"line":29,"column":16},"end":{"line":29,"column":35}},"loc":{"start":{"line":29,"column":87},"end":{"line":41,"column":1}}}},"branchMap":{"0":{"loc":{"start":{"line":4,"column":2},"end":{"line":6,"column":3}},"type":"if","locations":[{"start":{"line":4,"column":2},"end":{"line":6,"column":3}}]},"1":{"loc":{"start":{"line":14,"column":4},"end":{"line":16,"column":5}},"type":"if","locations":[{"start":{"line":14,"column":4},"end":{"line":16,"column":5}}]},"2":{"loc":{"start":{"line":18,"column":29},"end":{"line":18,"column":54}},"type":"binary-expr","locations":[{"start":{"line":18,"column":29},"end":{"line":18,"column":39}},{"start":{"line":18,"column":43},"end":{"line":18,"column":54}}]},"3":{"loc":{"start":{"line":19,"column":31},"end":{"line":19,"column":71}},"type":"binary-expr","locations":[{"start":{"line":19,"column":31},"end":{"line":19,"column":41}},{"start":{"line":19,"column":45},"end":{"line":19,"column":56}},{"start":{"line":19,"column":60},"end":{"line":19,"column":71}}]},"4":{"loc":{"start":{"line":21,"column":4},"end":{"line":23,"column":5}},"type":"if","locations":[{"start":{"line":21,"column":4},"end":{"line":23,"column":5}}]},"5":{"loc":{"start":{"line":21,"column":8},"end":{"line":21,"column":48}},"type":"binary-expr","locations":[{"start":{"line":21,"column":8},"end":{"line":21,"column":25}},{"start":{"line":21,"column":29},"end":{"line":21,"column":48}}]},"6":{"loc":{"start":{"line":32,"column":2},"end":{"line":34,"column":3}},"type":"if","locations":[{"start":{"line":32,"column":2},"end":{"line":34,"column":3}}]},"7":{"loc":{"start":{"line":36,"column":2},"end":{"line":38,"column":3}},"type":"if","locations":[{"start":{"line":36,"column":2},"end":{"line":38,"column":3}}]}},"s":{"0":6,"1":6,"2":6,"3":7,"4":1,"5":6,"6":6,"7":6,"8":6,"9":112,"10":112,"11":1,"12":111,"13":111,"14":111,"15":9,"16":5,"17":6,"18":6,"19":3,"20":6,"21":2,"22":4},"f":{"0":7,"1":6},"b":{"0":[1],"1":[1],"2":[111,102],"3":[111,111,111],"4":[9],"5":[111,9],"6":[3],"7":[2]}}
}
