TN:
SF:src/main.ts
FN:9,createWindow
FN:33,(anonymous_10)
FN:39,(anonymous_11)
FN:45,(anonymous_12)
FNF:4
FNH:0
FNDA:0,createWindow
FNDA:0,(anonymous_10)
FNDA:0,(anonymous_11)
FNDA:0,(anonymous_12)
DA:1,0
DA:2,0
DA:3,0
DA:4,0
DA:7,0
DA:10,0
DA:21,0
DA:22,0
DA:24,0
DA:25,0
DA:26,0
DA:27,0
DA:29,0
DA:33,0
DA:34,0
DA:35,0
DA:36,0
DA:39,0
DA:40,0
DA:41,0
DA:45,0
DA:46,0
DA:47,0
LF:23
LH:0
BRDA:22,0,0,0
BRDA:22,0,1,0
BRDA:24,1,0,0
BRDA:24,1,1,0
BRDA:26,2,0,0
BRDA:26,2,1,0
BRDA:40,3,0,0
BRDA:46,4,0,0
BRF:8
BRH:0
end_of_record
TN:
SF:src/main/ipc/analysis.ts
FN:6,readString
FN:14,sanitizeAnalysisPayload
FN:80,registerAnalysisIpc
FN:81,(anonymous_3)
FN:84,(anonymous_4)
FNF:5
FNH:5
FNDA:14,readString
FNDA:2,sanitizeAnalysisPayload
FNDA:1,registerAnalysisIpc
FNDA:1,(anonymous_3)
FNDA:1,(anonymous_4)
DA:3,1
DA:4,1
DA:7,14
DA:8,0
DA:11,14
DA:14,1
DA:15,2
DA:16,0
DA:19,2
DA:20,2
DA:21,2
DA:22,2
DA:23,2
DA:27,2
DA:28,0
DA:31,2
DA:32,2
DA:33,0
DA:36,2
DA:37,0
DA:40,2
DA:80,1
DA:81,1
DA:82,1
DA:84,1
DA:85,1
LF:26
LH:21
BRDA:7,0,0,0
BRDA:7,1,0,14
BRDA:7,1,1,14
BRDA:15,2,0,0
BRDA:15,3,0,2
BRDA:15,3,1,2
BRDA:20,4,0,2
BRDA:20,4,1,0
BRDA:21,5,0,2
BRDA:21,5,1,0
BRDA:22,6,0,1
BRDA:22,6,1,1
BRDA:23,7,0,1
BRDA:23,7,1,1
BRDA:23,8,0,2
BRDA:23,8,1,1
BRDA:27,9,0,0
BRDA:27,10,0,2
BRDA:27,10,1,2
BRDA:32,11,0,0
BRDA:36,12,0,0
BRDA:36,13,0,2
BRDA:36,13,1,0
BRDA:36,14,0,0
BRDA:36,14,1,0
BRDA:46,15,0,2
BRDA:46,15,1,0
BRDA:47,16,0,2
BRDA:47,16,1,0
BRDA:49,17,0,0
BRDA:49,17,1,2
BRDA:61,18,0,1
BRDA:61,18,1,1
BRDA:64,19,0,0
BRDA:64,19,1,2
BRDA:67,20,0,0
BRDA:67,20,1,2
BRDA:70,21,0,0
BRDA:70,21,1,2
BRDA:73,22,0,0
BRDA:73,22,1,2
BRF:41
BRH:24
end_of_record
TN:
SF:src/main/ipc/external-links.ts
FN:7,isAllowedExternalHost
FN:11,validateExternalUrl
FNF:2
FNH:2
FNDA:4,isAllowedExternalHost
FNDA:7,validateExternalUrl
DA:1,2
DA:8,4
DA:11,2
DA:12,7
DA:13,1
DA:17,6
DA:18,6
DA:20,1
DA:23,5
DA:24,1
DA:27,4
DA:28,1
DA:31,3
LF:13
LH:13
BRDA:8,0,0,4
BRDA:8,0,1,2
BRDA:12,1,0,1
BRDA:23,2,0,1
BRDA:27,3,0,1
BRF:5
BRH:5
end_of_record
TN:
SF:src/main/ipc/register.ts
FN:5,registerIpcHandlers
FNF:1
FNH:1
FNDA:1,registerIpcHandlers
DA:1,1
DA:2,1
DA:3,1
DA:5,1
DA:6,1
DA:7,1
DA:8,1
LF:7
LH:7
BRF:0
BRH:0
end_of_record
TN:
SF:src/main/ipc/repository-providers.ts
FN:7,readProvider
FN:15,registerRepositoryProviderIpc
FN:16,(anonymous_2)
FN:19,(anonymous_3)
FN:22,(anonymous_4)
FN:25,(anonymous_5)
FN:28,(anonymous_6)
FNF:7
FNH:4
FNDA:2,readProvider
FNDA:2,registerRepositoryProviderIpc
FNDA:2,(anonymous_2)
FNDA:0,(anonymous_3)
FNDA:0,(anonymous_4)
FNDA:0,(anonymous_5)
FNDA:1,(anonymous_6)
DA:1,1
DA:2,1
DA:4,1
DA:5,1
DA:8,2
DA:9,1
DA:12,1
DA:15,1
DA:16,2
DA:17,2
DA:19,2
DA:20,0
DA:22,2
DA:23,0
DA:25,2
DA:26,0
DA:28,2
DA:29,1
LF:18
LH:15
BRDA:8,0,0,1
BRF:1
BRH:1
end_of_record
TN:
SF:src/main/ipc/session-secrets.ts
FN:6,(anonymous_0)
FN:10,(anonymous_1)
FN:20,registerSessionSecretsIpc
FN:21,(anonymous_3)
FN:22,(anonymous_4)
FNF:5
FNH:4
FNDA:2,(anonymous_0)
FNDA:2,(anonymous_1)
FNDA:1,registerSessionSecretsIpc
FNDA:0,(anonymous_3)
FNDA:1,(anonymous_4)
DA:1,1
DA:3,1
DA:4,2
DA:7,2
DA:11,2
DA:12,1
DA:13,1
DA:16,1
DA:20,1
DA:21,1
DA:22,1
DA:23,1
DA:24,1
DA:27,0
LF:14
LH:13
BRDA:7,0,0,2
BRDA:7,0,1,1
BRDA:11,1,0,1
BRDA:23,2,0,1
BRDA:23,3,0,1
BRDA:23,3,1,0
BRF:6
BRH:5
end_of_record
TN:
SF:src/main/ipc/shared.ts
FN:13,safeIpcResponse
FN:27,registerHandle
FN:31,(anonymous_2)
FN:31,(anonymous_3)
FNF:4
FNH:4
FNDA:3,safeIpcResponse
FNDA:1,registerHandle
FNDA:1,(anonymous_2)
FNDA:1,(anonymous_3)
DA:1,1
DA:13,1
DA:14,3
DA:15,3
DA:20,1
DA:27,1
DA:31,1
LF:7
LH:7
BRDA:22,0,0,1
BRDA:22,0,1,0
BRF:2
BRH:1
end_of_record
TN:
SF:src/renderer/App.tsx
FN:11,(anonymous_1)
FNF:1
FNH:1
FNDA:1,(anonymous_1)
DA:1,1
DA:2,1
DA:3,1
DA:4,1
DA:5,1
DA:6,1
DA:7,1
DA:8,1
DA:9,1
DA:11,1
DA:12,1
DA:34,1
LF:12
LH:12
BRF:0
BRH:0
end_of_record
TN:
SF:src/renderer/components/Layout/Sidebar.tsx
FN:5,(anonymous_1)
FN:12,(anonymous_2)
FNF:2
FNH:2
FNDA:8,(anonymous_1)
FNDA:2,(anonymous_2)
DA:1,2
DA:2,2
DA:3,2
DA:5,2
DA:6,8
DA:12,2
DA:13,2
DA:55,2
LF:8
LH:8
BRDA:7,0,0,2
BRDA:7,0,1,6
BRF:2
BRH:2
end_of_record
TN:
SF:src/renderer/features/dashboard/history.ts
FN:18,loadDashboardHistory
FN:31,persistDashboardSnapshot
FNF:2
FNH:2
FNDA:127,loadDashboardHistory
FNDA:125,persistDashboardSnapshot
DA:15,2
DA:16,2
DA:18,2
DA:19,127
DA:20,127
DA:21,127
DA:22,2
DA:25,125
DA:27,0
DA:31,2
DA:32,125
DA:33,125
DA:34,125
LF:13
LH:12
BRDA:21,0,0,2
BRF:1
BRH:1
end_of_record
TN:
SF:src/renderer/features/dashboard/ipc.ts
FN:16,invokeIpc
FN:26,getRepositorySourceChannel
FN:38,ensureProviderSelected
FN:44,fetchPullRequests
FN:49,fetchProjects
FN:54,fetchRepositories
FN:59,fetchBranches
FN:64,openReviewItem
FNF:8
FNH:6
FNDA:2,invokeIpc
FNDA:5,getRepositorySourceChannel
FNDA:3,ensureProviderSelected
FNDA:1,fetchPullRequests
FNDA:1,fetchProjects
FNDA:0,fetchRepositories
FNDA:0,fetchBranches
FNDA:1,openReviewItem
DA:17,2
DA:19,2
DA:20,1
DA:23,1
DA:26,1
DA:27,5
DA:35,5
DA:39,3
DA:40,1
DA:44,1
DA:45,1
DA:46,1
DA:49,1
DA:50,1
DA:51,0
DA:54,1
DA:55,0
DA:56,0
DA:59,1
DA:60,0
DA:61,0
DA:64,1
DA:65,1
DA:66,1
LF:24
LH:19
BRDA:19,0,0,1
BRDA:39,1,0,1
BRF:2
BRH:2
end_of_record
TN:
SF:src/renderer/features/dashboard/metrics-core.ts
FN:4,getAgeHours
FN:9,getApprovals
FN:10,(anonymous_2)
FN:13,getPendingReviewers
FN:14,(anonymous_4)
FN:17,hasMergeConflict
FN:21,hasEmptyDescription
FN:25,getRiskScore
FN:51,prioritizePullRequests
FN:53,(anonymous_9)
FN:60,(anonymous_10)
FN:63,formatHours
FN:71,formatPercentage
FN:75,countPullRequestsOlderThan
FN:76,(anonymous_14)
FN:79,getAverageAgeHours
FN:85,(anonymous_16)
FN:89,classifyBranch
FN:105,formatLastUpdate
FNF:19
FNH:16
FNDA:2,getAgeHours
FNDA:1,getApprovals
FNDA:0,(anonymous_2)
FNDA:2,getPendingReviewers
FNDA:0,(anonymous_4)
FNDA:4,hasMergeConflict
FNDA:3,hasEmptyDescription
FNDA:1,getRiskScore
FNDA:1,prioritizePullRequests
FNDA:1,(anonymous_9)
FNDA:0,(anonymous_10)
FNDA:2,formatHours
FNDA:4,formatPercentage
FNDA:2,countPullRequestsOlderThan
FNDA:2,(anonymous_14)
FNDA:1,getAverageAgeHours
FNDA:1,(anonymous_16)
FNDA:1,classifyBranch
FNDA:1,formatLastUpdate
DA:4,2
DA:5,2
DA:6,2
DA:9,2
DA:10,1
DA:13,2
DA:14,2
DA:17,2
DA:18,4
DA:21,2
DA:22,3
DA:25,2
DA:26,1
DA:27,1
DA:28,1
DA:30,1
DA:31,0
DA:32,1
DA:33,0
DA:36,1
DA:37,0
DA:40,1
DA:41,0
DA:44,1
DA:45,0
DA:48,1
DA:51,2
DA:52,1
DA:53,1
DA:60,0
DA:63,2
DA:64,2
DA:65,0
DA:68,2
DA:71,2
DA:72,4
DA:75,2
DA:76,2
DA:79,2
DA:80,1
DA:81,0
DA:84,1
DA:85,1
DA:89,2
DA:90,1
DA:91,1
DA:93,0
DA:94,0
DA:96,0
DA:97,0
DA:99,0
DA:100,0
DA:102,0
DA:105,2
DA:106,1
DA:107,0
DA:110,1
LF:57
LH:41
BRDA:22,0,0,3
BRDA:22,0,1,3
BRDA:30,1,0,0
BRDA:30,1,1,1
BRDA:32,2,0,0
BRDA:36,3,0,0
BRDA:40,4,0,0
BRDA:40,5,0,1
BRDA:40,5,1,1
BRDA:44,6,0,0
BRDA:60,7,0,0
BRDA:60,7,1,0
BRDA:64,8,0,0
BRDA:80,9,0,0
BRDA:90,10,0,1
BRDA:93,11,0,0
BRDA:93,12,0,0
BRDA:93,12,1,0
BRDA:96,13,0,0
BRDA:99,14,0,0
BRDA:106,15,0,0
BRF:21
BRH:6
end_of_record
TN:
SF:src/renderer/features/dashboard/metrics-indicators.ts
FN:11,buildMetrics
FN:16,(anonymous_1)
FN:18,(anonymous_2)
FN:19,(anonymous_3)
FN:22,(anonymous_4)
FN:25,(anonymous_5)
FN:26,(anonymous_6)
FN:34,(anonymous_7)
FN:50,(anonymous_8)
FN:54,buildDeliveryIndicators
FN:59,(anonymous_10)
FN:60,(anonymous_11)
FN:63,(anonymous_12)
FN:73,buildReviewIndicators
FN:75,(anonymous_14)
FN:76,(anonymous_15)
FN:79,(anonymous_16)
FN:80,(anonymous_17)
FN:81,(anonymous_18)
FN:92,buildGovernanceAlerts
FN:95,(anonymous_20)
FN:96,(anonymous_21)
FN:99,(anonymous_22)
FNF:23
FNH:20
FNDA:1,buildMetrics
FNDA:1,(anonymous_1)
FNDA:1,(anonymous_2)
FNDA:1,(anonymous_3)
FNDA:1,(anonymous_4)
FNDA:0,(anonymous_5)
FNDA:0,(anonymous_6)
FNDA:1,(anonymous_7)
FNDA:1,(anonymous_8)
FNDA:1,buildDeliveryIndicators
FNDA:1,(anonymous_10)
FNDA:1,(anonymous_11)
FNDA:1,(anonymous_12)
FNDA:1,buildReviewIndicators
FNDA:1,(anonymous_14)
FNDA:1,(anonymous_15)
FNDA:1,(anonymous_16)
FNDA:1,(anonymous_17)
FNDA:0,(anonymous_18)
FNDA:1,buildGovernanceAlerts
FNDA:1,(anonymous_20)
FNDA:1,(anonymous_21)
FNDA:1,(anonymous_22)
DA:2,2
DA:11,2
DA:15,1
DA:16,1
DA:17,1
DA:18,1
DA:19,1
DA:20,1
DA:22,1
DA:24,1
DA:26,0
DA:27,0
DA:28,0
DA:34,1
DA:36,1
DA:50,1
DA:54,2
DA:55,1
DA:56,1
DA:57,1
DA:59,1
DA:60,1
DA:61,1
DA:63,1
DA:65,1
DA:73,2
DA:74,1
DA:75,1
DA:76,1
DA:77,1
DA:79,1
DA:80,1
DA:81,1
DA:84,1
DA:92,2
DA:93,1
DA:94,1
DA:95,1
DA:96,1
DA:97,1
DA:99,1
DA:101,1
LF:42
LH:39
BRDA:20,0,0,0
BRDA:20,0,1,1
BRDA:24,1,0,0
BRDA:24,1,1,1
BRDA:28,2,0,0
BRDA:28,2,1,0
BRDA:28,2,2,0
BRDA:34,3,0,1
BRDA:34,3,1,1
BRDA:42,4,0,0
BRDA:42,4,1,1
BRDA:44,5,0,0
BRDA:44,5,1,1
BRDA:57,6,0,0
BRDA:57,6,1,1
BRDA:66,7,0,0
BRDA:66,7,1,1
BRDA:66,8,0,0
BRDA:66,8,1,1
BRDA:67,9,0,0
BRDA:67,9,1,1
BRDA:67,10,0,0
BRDA:67,10,1,1
BRDA:67,11,0,0
BRDA:67,11,1,1
BRDA:68,12,0,0
BRDA:68,12,1,1
BRDA:68,13,0,0
BRDA:68,13,1,1
BRDA:69,14,0,0
BRDA:69,14,1,1
BRDA:69,15,0,0
BRDA:69,15,1,1
BRDA:69,16,0,0
BRDA:69,16,1,1
BRDA:75,17,0,1
BRDA:75,17,1,1
BRDA:77,18,0,0
BRDA:77,18,1,1
BRDA:81,19,0,0
BRDA:81,19,1,0
BRDA:85,20,0,0
BRDA:85,20,1,1
BRDA:85,21,0,0
BRDA:85,21,1,1
BRDA:85,22,0,0
BRDA:85,22,1,1
BRDA:86,23,0,0
BRDA:86,23,1,1
BRDA:86,24,0,0
BRDA:86,24,1,1
BRDA:87,25,0,1
BRDA:87,25,1,0
BRDA:87,26,0,0
BRDA:87,26,1,0
BRDA:88,27,0,0
BRDA:88,27,1,1
BRDA:88,28,0,0
BRDA:88,28,1,1
BRDA:95,29,0,1
BRDA:95,29,1,1
BRDA:97,30,0,1
BRDA:97,30,1,1
BRDA:99,31,0,1
BRDA:99,31,1,0
BRDA:102,32,0,0
BRDA:102,32,1,1
BRDA:102,33,0,0
BRDA:102,33,1,1
BRDA:103,34,0,0
BRDA:103,34,1,1
BRDA:103,35,0,0
BRDA:103,35,1,1
BRDA:104,36,0,0
BRDA:104,36,1,1
BRDA:104,37,0,0
BRDA:104,37,1,1
BRDA:105,38,0,0
BRDA:105,38,1,1
BRDA:105,39,0,0
BRDA:105,39,1,1
BRF:81
BRH:41
end_of_record
TN:
SF:src/renderer/features/dashboard/metrics-insights.ts
FN:4,buildRepositoryInsights
FN:7,(anonymous_1)
FN:26,(anonymous_2)
FN:29,buildBranchInsights
FN:32,(anonymous_4)
FN:38,(anonymous_5)
FN:39,(anonymous_6)
FN:42,buildReviewerInsights
FN:45,(anonymous_8)
FN:46,(anonymous_9)
FN:57,(anonymous_10)
FN:58,(anonymous_11)
FNF:12
FNH:7
FNDA:1,buildRepositoryInsights
FNDA:1,(anonymous_1)
FNDA:0,(anonymous_2)
FNDA:1,buildBranchInsights
FNDA:1,(anonymous_4)
FNDA:1,(anonymous_5)
FNDA:0,(anonymous_6)
FNDA:1,buildReviewerInsights
FNDA:1,(anonymous_8)
FNDA:0,(anonymous_9)
FNDA:0,(anonymous_10)
FNDA:0,(anonymous_11)
DA:2,2
DA:4,2
DA:5,1
DA:7,1
DA:8,1
DA:15,1
DA:16,1
DA:17,0
DA:19,1
DA:20,0
DA:23,1
DA:26,1
DA:29,2
DA:30,1
DA:32,1
DA:33,1
DA:34,1
DA:37,1
DA:38,1
DA:39,0
DA:42,2
DA:43,1
DA:45,1
DA:46,1
DA:47,0
DA:48,0
DA:51,0
DA:52,0
DA:56,1
DA:57,0
DA:58,0
LF:31
LH:22
BRDA:8,0,0,1
BRDA:8,0,1,1
BRDA:16,1,0,0
BRDA:19,2,0,0
BRDA:34,3,0,1
BRDA:34,3,1,1
BRDA:47,4,0,0
BRDA:51,5,0,0
BRDA:51,5,1,0
BRDA:51,5,2,0
BRDA:52,6,0,0
BRDA:52,6,1,0
BRF:12
BRH:4
end_of_record
TN:
SF:src/renderer/features/dashboard/metrics.ts
FN:7,buildDashboardSummary
FN:28,(anonymous_1)
FN:30,(anonymous_2)
FN:33,(anonymous_3)
FN:34,(anonymous_4)
FN:38,getRiskBadgeClass
FNF:6
FNH:5
FNDA:1,buildDashboardSummary
FNDA:1,(anonymous_1)
FNDA:1,(anonymous_2)
FNDA:1,(anonymous_3)
FNDA:1,(anonymous_4)
FNDA:0,getRiskBadgeClass
DA:3,2
DA:4,2
DA:5,2
DA:7,2
DA:13,1
DA:15,1
DA:28,1
DA:30,1
DA:33,1
DA:34,1
DA:38,2
DA:39,0
DA:40,0
DA:43,0
DA:44,0
DA:47,0
LF:16
LH:11
BRDA:39,0,0,0
BRDA:43,1,0,0
BRF:2
BRH:0
end_of_record
TN:
SF:src/renderer/features/dashboard/repositorySourceDiagnostics.ts
FN:4,buildScopeLabel
FN:24,buildDiagnostics
FN:67,getProviderDisplayName
FNF:3
FNH:3
FNDA:7,buildScopeLabel
FNDA:3,buildDiagnostics
FNDA:4,getProviderDisplayName
DA:4,4
DA:9,7
DA:10,7
DA:13,7
DA:15,7
DA:16,0
DA:19,7
DA:24,4
DA:29,3
DA:30,3
DA:31,3
DA:32,3
DA:56,3
DA:67,4
DA:68,4
LF:15
LH:14
BRDA:9,0,0,7
BRDA:9,0,1,0
BRDA:10,1,0,6
BRDA:10,1,1,1
BRDA:10,2,0,7
BRDA:10,2,1,1
BRDA:11,3,0,6
BRDA:11,3,1,6
BRDA:11,3,2,6
BRDA:12,4,0,1
BRDA:12,4,1,0
BRDA:12,4,2,0
BRDA:13,5,0,7
BRDA:13,5,1,6
BRDA:15,6,0,0
BRDA:19,7,0,6
BRDA:19,7,1,1
BRDA:19,8,0,7
BRDA:19,8,1,1
BRDA:27,9,0,2
BRDA:31,10,0,3
BRDA:31,10,1,3
BRDA:32,11,0,2
BRDA:32,11,1,1
BRDA:33,12,0,0
BRDA:33,12,1,2
BRDA:33,13,0,2
BRDA:33,13,1,2
BRDA:35,14,0,2
BRDA:35,14,1,0
BRDA:36,15,0,2
BRDA:36,15,1,0
BRDA:36,16,0,2
BRDA:36,16,1,2
BRDA:37,17,0,2
BRDA:37,17,1,2
BRDA:40,18,0,0
BRDA:40,18,1,1
BRDA:41,19,0,0
BRDA:41,19,1,0
BRDA:41,20,0,0
BRDA:41,20,1,0
BRDA:43,21,0,0
BRDA:43,21,1,0
BRDA:44,22,0,0
BRDA:44,22,1,0
BRDA:44,23,0,0
BRDA:44,23,1,0
BRDA:45,24,0,0
BRDA:45,24,1,0
BRDA:48,25,0,0
BRDA:48,25,1,1
BRDA:50,26,0,1
BRDA:50,26,1,0
BRDA:52,27,0,0
BRDA:52,27,1,0
BRDA:68,28,0,4
BRDA:68,28,1,1
BRF:58
BRH:34
end_of_record
TN:
SF:src/renderer/features/dashboard/repositorySourcePersistence.ts
FN:8,persistRepositorySourceSnapshot
FNF:1
FNH:1
FNDA:1,persistRepositorySourceSnapshot
DA:2,2
DA:3,2
DA:4,2
DA:5,2
DA:8,2
DA:14,1
DA:15,1
DA:16,1
DA:18,1
LF:9
LH:9
BRF:0
BRH:0
end_of_record
TN:
SF:src/renderer/features/dashboard/storage.ts
FN:17,getSessionSecret
FN:26,setSessionSecret
FN:33,loadConnectionConfig
FN:49,hydrateConnectionSecret
FN:53,persistConnectionConfig
FN:63,loadSavedAzureContexts
FN:68,persistSavedAzureContext
FNF:7
FNH:5
FNDA:1,getSessionSecret
FNDA:1,setSessionSecret
FNDA:2,loadConnectionConfig
FNDA:1,hydrateConnectionSecret
FNDA:1,persistConnectionConfig
FNDA:0,loadSavedAzureContexts
FNDA:0,persistSavedAzureContext
DA:3,1
DA:4,1
DA:5,1
DA:6,1
DA:8,1
DA:18,1
DA:19,1
DA:20,0
DA:23,1
DA:27,1
DA:28,1
DA:29,0
DA:33,1
DA:34,2
DA:35,2
DA:36,2
DA:37,2
DA:39,2
DA:45,0
DA:49,1
DA:50,1
DA:53,1
DA:54,1
DA:58,1
DA:59,1
DA:60,1
DA:63,1
DA:64,0
DA:65,0
DA:68,1
DA:69,0
DA:70,0
LF:32
LH:25
BRDA:19,0,0,0
BRDA:20,1,0,0
BRDA:20,1,1,0
BRDA:23,2,0,1
BRDA:23,2,1,0
BRDA:28,3,0,0
BRDA:29,4,0,0
BRDA:29,4,1,0
BRDA:41,5,0,1
BRDA:41,5,1,1
BRF:10
BRH:3
end_of_record
TN:
SF:src/renderer/features/dashboard/components/ConnectionHelp.tsx
FN:8,(anonymous_1)
FNF:1
FNH:1
FNDA:1,(anonymous_1)
DA:1,1
DA:8,1
DA:9,1
DA:49,1
LF:4
LH:4
BRDA:14,0,0,1
BRDA:14,0,1,0
BRDA:16,1,0,0
BRDA:16,1,1,0
BRDA:22,2,0,1
BRDA:22,2,1,0
BRDA:28,3,0,0
BRDA:28,3,1,0
BRF:8
BRH:2
end_of_record
TN:
SF:src/renderer/features/dashboard/components/ConnectionPanel.tsx
FN:36,(anonymous_1)
FN:55,(anonymous_2)
FN:128,(anonymous_3)
FN:129,(anonymous_4)
FN:144,(anonymous_5)
FNF:5
FNH:2
FNDA:1,(anonymous_1)
FNDA:1,(anonymous_2)
FNDA:0,(anonymous_3)
FNDA:0,(anonymous_4)
FNDA:0,(anonymous_5)
DA:1,1
DA:4,1
DA:5,1
DA:12,1
DA:36,1
DA:53,1
DA:55,1
DA:56,1
DA:57,0
DA:61,1
DA:62,1
DA:63,1
DA:64,1
DA:69,1
DA:70,1
DA:71,1
DA:72,1
DA:78,1
DA:128,0
DA:129,0
DA:144,0
DA:163,1
LF:22
LH:18
BRDA:56,0,0,0
BRDA:63,1,0,1
BRDA:63,1,1,0
BRDA:64,2,0,1
BRDA:64,2,1,0
BRDA:66,3,0,0
BRDA:66,3,1,0
BRDA:69,4,0,1
BRDA:69,4,1,0
BRDA:70,5,0,1
BRDA:70,5,1,0
BRDA:71,6,0,1
BRDA:71,6,1,0
BRDA:72,7,0,1
BRDA:72,7,1,0
BRDA:74,8,0,0
BRDA:74,8,1,0
BRDA:82,9,0,1
BRDA:82,9,1,0
BRDA:84,10,0,0
BRDA:84,10,1,0
BRDA:88,11,0,1
BRDA:88,11,1,0
BRDA:88,12,0,1
BRDA:88,12,1,0
BRDA:90,13,0,0
BRDA:90,13,1,1
BRDA:97,14,0,0
BRDA:97,14,1,0
BRDA:106,15,0,1
BRDA:106,15,1,0
BRDA:106,16,0,0
BRDA:106,16,1,0
BRDA:107,17,0,1
BRDA:107,17,1,0
BRDA:120,18,0,1
BRDA:120,18,1,0
BRDA:122,19,0,0
BRDA:122,19,1,0
BRDA:141,20,0,1
BRDA:141,20,1,1
BRF:41
BRH:15
end_of_record
TN:
SF:src/renderer/features/dashboard/components/ConnectionPanelSections.tsx
FN:10,ConnectionIdentityFields
FN:37,(anonymous_2)
FN:45,(anonymous_3)
FN:60,ConnectionProjectScope
FN:91,(anonymous_5)
FN:102,(anonymous_6)
FN:128,(anonymous_7)
FN:143,ConnectionRepositoryScope
FN:172,(anonymous_9)
FN:176,(anonymous_10)
FN:186,ConnectionFeedback
FNF:11
FNH:4
FNDA:1,ConnectionIdentityFields
FNDA:0,(anonymous_2)
FNDA:0,(anonymous_3)
FNDA:1,ConnectionProjectScope
FNDA:0,(anonymous_5)
FNDA:0,(anonymous_6)
FNDA:0,(anonymous_7)
FNDA:1,ConnectionRepositoryScope
FNDA:0,(anonymous_9)
FNDA:0,(anonymous_10)
FNDA:1,ConnectionFeedback
DA:1,1
DA:3,1
DA:10,1
DA:31,1
DA:37,0
DA:45,0
DA:60,1
DA:85,1
DA:86,0
DA:91,0
DA:102,0
DA:122,1
DA:128,0
DA:143,1
DA:158,1
DA:159,1
DA:168,0
DA:172,0
DA:176,0
DA:186,1
DA:199,1
LF:21
LH:12
BRDA:50,0,0,1
BRDA:50,0,1,1
BRDA:50,0,2,1
BRDA:53,1,0,0
BRDA:53,1,1,1
BRDA:85,2,0,0
BRDA:85,3,0,1
BRDA:85,3,1,0
BRDA:90,4,0,0
BRDA:90,4,1,0
BRDA:92,5,0,0
BRDA:92,5,1,0
BRDA:96,6,0,0
BRDA:96,6,1,0
BRDA:98,7,0,0
BRDA:98,7,1,0
BRDA:107,8,0,0
BRDA:107,8,1,0
BRDA:126,9,0,1
BRDA:126,9,1,0
BRDA:130,10,0,0
BRDA:130,10,1,1
BRDA:158,11,0,1
BRDA:161,12,0,1
BRDA:161,12,1,0
BRDA:171,13,0,0
BRDA:171,13,1,0
BRDA:173,14,0,0
BRDA:173,14,1,0
BRDA:181,15,0,0
BRDA:181,15,1,0
BRDA:201,16,0,1
BRDA:201,16,1,0
BRDA:210,17,0,0
BRDA:210,17,1,1
BRDA:215,18,0,0
BRDA:215,18,1,1
BRDA:215,19,0,1
BRDA:215,19,1,0
BRF:39
BRH:13
end_of_record
TN:
SF:src/renderer/features/dashboard/components/ConnectionSummary.tsx
FN:22,(anonymous_1)
FNF:1
FNH:1
FNDA:9,(anonymous_1)
DA:1,3
DA:2,3
DA:3,3
DA:22,3
DA:38,9
DA:92,3
LF:6
LH:6
BRDA:23,0,0,3
BRDA:28,1,0,0
BRDA:29,2,0,8
BRDA:30,3,0,8
BRDA:31,4,0,8
BRDA:33,5,0,7
BRDA:34,6,0,8
BRDA:35,7,0,8
BRDA:36,8,0,0
BRDA:38,9,0,1
BRDA:38,9,1,8
BRDA:43,10,0,6
BRDA:43,10,1,3
BRDA:54,11,0,1
BRDA:54,11,1,8
BRDA:56,12,0,3
BRDA:56,12,1,6
BRDA:58,13,0,6
BRDA:58,13,1,0
BRDA:59,14,0,6
BRDA:59,14,1,1
BRDA:59,14,2,1
BRDA:60,15,0,0
BRDA:60,15,1,0
BRDA:61,16,0,0
BRDA:61,16,1,0
BRDA:61,16,2,0
BRDA:62,17,0,0
BRDA:62,17,1,0
BRDA:62,18,0,0
BRDA:62,18,1,0
BRDA:67,19,0,1
BRDA:67,19,1,8
BRDA:67,20,0,9
BRDA:67,20,1,1
BRDA:73,21,0,1
BRDA:73,21,1,0
BRDA:74,22,0,1
BRDA:74,22,1,0
BRDA:78,23,0,6
BRDA:78,23,1,3
BRDA:78,24,0,9
BRDA:78,24,1,8
BRF:43
BRH:29
end_of_record
TN:
SF:src/renderer/features/dashboard/components/DashboardHero.tsx
FN:10,(anonymous_1)
FNF:1
FNH:1
FNDA:2,(anonymous_1)
DA:1,1
DA:2,1
DA:10,1
DA:11,2
DA:40,1
LF:5
LH:5
BRF:0
BRH:0
end_of_record
TN:
SF:src/renderer/features/dashboard/components/GovernanceAlerts.tsx
FN:15,(anonymous_1)
FN:24,(anonymous_2)
FNF:2
FNH:1
FNDA:1,(anonymous_1)
FNDA:0,(anonymous_2)
DA:1,1
DA:8,1
DA:15,1
DA:16,1
DA:25,0
DA:34,1
LF:6
LH:5
BRF:0
BRH:0
end_of_record
TN:
SF:src/renderer/features/dashboard/components/HealthSection.tsx
FN:17,(anonymous_1)
FN:24,(anonymous_2)
FNF:2
FNH:1
FNDA:2,(anonymous_1)
FNDA:0,(anonymous_2)
DA:1,1
DA:10,1
DA:17,1
DA:18,2
DA:25,0
DA:38,1
LF:6
LH:5
BRF:0
BRH:0
end_of_record
TN:
SF:src/renderer/features/dashboard/components/InsightsPanel.tsx
FN:11,(anonymous_1)
FN:24,(anonymous_2)
FN:45,(anonymous_3)
FN:61,(anonymous_4)
FN:82,(anonymous_5)
FNF:5
FNH:2
FNDA:1,(anonymous_1)
FNDA:0,(anonymous_2)
FNDA:0,(anonymous_3)
FNDA:0,(anonymous_4)
FNDA:3,(anonymous_5)
DA:1,1
DA:11,1
DA:17,1
DA:25,0
DA:46,0
DA:62,0
DA:82,1
DA:83,3
DA:88,1
LF:9
LH:6
BRDA:21,0,0,1
BRDA:21,0,1,0
BRDA:42,1,0,1
BRDA:42,1,1,0
BRDA:58,2,0,1
BRDA:58,2,1,0
BRF:6
BRH:3
end_of_record
TN:
SF:src/renderer/features/dashboard/components/MetricsGrid.tsx
FN:34,(anonymous_1)
FN:36,(anonymous_2)
FNF:2
FNH:2
FNDA:1,(anonymous_1)
FNDA:1,(anonymous_2)
DA:1,1
DA:2,1
DA:16,1
DA:23,1
DA:34,1
DA:35,1
DA:37,1
DA:54,1
LF:8
LH:8
BRF:0
BRH:0
end_of_record
TN:
SF:src/renderer/features/dashboard/components/PriorityList.tsx
FN:11,(anonymous_1)
FN:27,(anonymous_2)
FN:61,(anonymous_3)
FNF:3
FNH:1
FNDA:1,(anonymous_1)
FNDA:0,(anonymous_2)
FNDA:0,(anonymous_3)
DA:1,1
DA:2,1
DA:4,1
DA:11,1
DA:12,1
DA:28,0
DA:61,0
DA:75,1
LF:8
LH:6
BRDA:22,0,0,1
BRDA:22,0,1,0
BRDA:41,1,0,0
BRDA:41,1,1,0
BRF:4
BRH:1
end_of_record
TN:
SF:src/renderer/features/dashboard/context/RepositorySourceContext.tsx
FN:8,RepositorySourceProvider
FN:18,useRepositorySourceContext
FNF:2
FNH:2
FNDA:2,RepositorySourceProvider
FNDA:2,useRepositorySourceContext
DA:1,1
DA:2,1
DA:6,1
DA:8,1
DA:9,2
DA:11,2
DA:18,1
DA:19,2
DA:21,2
DA:22,0
DA:25,2
LF:11
LH:10
BRDA:21,0,0,0
BRF:1
BRH:0
end_of_record
TN:
SF:src/renderer/features/dashboard/hooks/useAzurePullRequests.ts
FN:17,useRepositorySource
FN:20,(anonymous_2)
FN:21,(anonymous_3)
FN:25,(anonymous_4)
FN:28,(anonymous_5)
FN:30,(anonymous_6)
FNF:6
FNH:4
FNDA:2,useRepositorySource
FNDA:1,(anonymous_2)
FNDA:0,(anonymous_3)
FNDA:1,(anonymous_4)
FNDA:2,(anonymous_5)
FNDA:0,(anonymous_6)
DA:1,1
DA:3,1
DA:4,1
DA:6,1
DA:7,1
DA:8,1
DA:9,1
DA:10,1
DA:17,1
DA:18,2
DA:19,2
DA:20,1
DA:21,0
DA:23,2
DA:24,2
DA:25,1
DA:28,2
DA:30,2
DA:31,0
DA:53,2
DA:61,2
DA:65,2
DA:74,2
DA:81,2
DA:109,1
LF:25
LH:23
BRF:0
BRH:0
end_of_record
TN:
SF:src/renderer/features/dashboard/hooks/useRepositoryDiagnostics.ts
FN:5,useRepositoryDiagnostics
FN:16,(anonymous_2)
FN:24,(anonymous_3)
FN:25,(anonymous_4)
FNF:4
FNH:4
FNDA:3,useRepositoryDiagnostics
FNDA:1,(anonymous_2)
FNDA:1,(anonymous_3)
FNDA:1,(anonymous_4)
DA:1,1
DA:2,1
DA:5,1
DA:6,3
DA:16,3
DA:21,1
DA:24,3
DA:25,1
DA:28,3
LF:9
LH:9
BRDA:19,0,0,0
BRF:1
BRH:0
end_of_record
TN:
SF:src/renderer/features/dashboard/hooks/useRepositorySourceActions.ts
FN:11,useRepositorySourceActions
FN:15,(anonymous_2)
FN:20,(anonymous_3)
FN:24,(anonymous_4)
FNF:4
FNH:4
FNDA:2,useRepositorySourceActions
FNDA:1,(anonymous_2)
FNDA:1,(anonymous_3)
FNDA:1,(anonymous_4)
DA:1,1
DA:11,1
DA:15,2
DA:16,1
DA:17,1
DA:20,2
DA:21,1
DA:24,2
DA:25,1
DA:28,2
LF:10
LH:10
BRF:0
BRH:0
end_of_record
TN:
SF:src/renderer/features/dashboard/hooks/useRepositorySourceApi.ts
FN:19,useRepositorySourceApi
FN:28,(anonymous_2)
FN:41,(anonymous_3)
FN:63,(anonymous_4)
FN:97,(anonymous_5)
FN:132,(anonymous_6)
FN:153,(anonymous_7)
FNF:7
FNH:7
FNDA:2,useRepositorySourceApi
FNDA:2,(anonymous_2)
FNDA:2,(anonymous_3)
FNDA:1,(anonymous_4)
FNDA:1,(anonymous_5)
FNDA:1,(anonymous_6)
FNDA:1,(anonymous_7)
DA:1,1
DA:3,1
DA:6,1
DA:19,1
DA:28,2
DA:29,2
DA:30,0
DA:31,0
DA:34,2
DA:35,2
DA:37,2
DA:38,2
DA:39,2
DA:40,2
DA:41,2
DA:46,2
DA:47,2
DA:49,0
DA:50,0
DA:51,0
DA:52,0
DA:57,0
DA:59,2
DA:63,2
DA:64,1
DA:65,0
DA:66,0
DA:69,1
DA:70,1
DA:74,1
DA:75,0
DA:76,0
DA:79,1
DA:80,1
DA:82,1
DA:83,1
DA:84,1
DA:85,1
DA:87,0
DA:88,0
DA:89,0
DA:90,0
DA:91,0
DA:93,1
DA:97,2
DA:98,1
DA:100,1
DA:101,0
DA:102,0
DA:103,0
DA:106,1
DA:107,1
DA:108,1
DA:110,1
DA:111,1
DA:112,1
DA:113,1
DA:114,1
DA:115,1
DA:116,1
DA:117,1
DA:118,1
DA:119,1
DA:121,0
DA:122,0
DA:123,0
DA:124,0
DA:125,0
DA:126,0
DA:128,1
DA:132,2
DA:133,1
DA:135,1
DA:136,0
DA:137,0
DA:138,0
DA:139,0
DA:142,1
DA:143,0
DA:144,0
DA:145,0
DA:146,0
DA:149,1
DA:150,1
DA:153,2
DA:154,1
DA:155,1
DA:156,0
DA:159,1
DA:161,0
DA:162,0
DA:166,2
DA:173,2
LF:93
LH:57
BRDA:28,0,0,0
BRDA:29,1,0,0
BRDA:29,2,0,2
BRDA:29,2,1,2
BRDA:29,2,2,2
BRDA:40,3,0,2
BRDA:40,4,0,2
BRDA:40,4,1,0
BRDA:49,5,0,0
BRDA:49,5,1,0
BRDA:53,6,0,0
BRDA:53,6,1,0
BRDA:63,7,0,0
BRDA:64,8,0,0
BRDA:69,9,0,1
BRDA:69,9,1,0
BRDA:70,10,0,1
BRDA:70,10,1,0
BRDA:71,11,0,1
BRDA:71,11,1,1
BRDA:72,12,0,0
BRDA:72,12,1,0
BRDA:72,12,2,0
BRDA:74,13,0,0
BRDA:87,14,0,0
BRDA:87,14,1,0
BRDA:100,15,0,0
BRDA:121,16,0,0
BRDA:121,16,1,0
BRDA:135,17,0,0
BRDA:142,18,0,0
BRDA:142,19,0,1
BRDA:142,19,1,1
BRDA:155,20,0,0
BRDA:161,21,0,0
BRDA:161,21,1,0
BRF:36
BRH:11
end_of_record
TN:
SF:src/renderer/features/dashboard/hooks/useRepositorySourceBootstrap.ts
FN:11,useRepositorySourceBootstrap
FN:17,(anonymous_2)
FN:18,(anonymous_3)
FN:38,(anonymous_4)
FNF:4
FNH:3
FNDA:2,useRepositorySourceBootstrap
FNDA:1,(anonymous_2)
FNDA:1,(anonymous_3)
FNDA:0,(anonymous_4)
DA:1,1
DA:11,1
DA:17,2
DA:18,1
DA:19,1
DA:20,0
DA:23,1
DA:25,1
DA:29,1
DA:31,1
DA:35,1
DA:36,1
DA:38,0
LF:13
LH:11
BRDA:19,0,0,0
BRDA:31,1,0,1
BRDA:31,1,1,0
BRDA:31,2,0,1
BRDA:31,2,1,0
BRDA:32,3,0,1
BRDA:32,3,1,1
BRDA:33,4,0,0
BRDA:33,4,1,0
BRDA:33,4,2,0
BRDA:33,4,3,0
BRDA:35,5,0,1
BRF:12
BRH:5
end_of_record
TN:
SF:src/renderer/features/dashboard/hooks/useRepositorySourceConfig.ts
FN:17,useRepositorySourceConfig
FN:23,(anonymous_2)
FN:27,(anonymous_3)
FN:32,(anonymous_4)
FN:35,(anonymous_5)
FN:61,(anonymous_6)
FN:64,(anonymous_7)
FN:82,(anonymous_8)
FNF:8
FNH:6
FNDA:2,useRepositorySourceConfig
FNDA:1,(anonymous_2)
FNDA:2,(anonymous_3)
FNDA:1,(anonymous_4)
FNDA:1,(anonymous_5)
FNDA:0,(anonymous_6)
FNDA:0,(anonymous_7)
FNDA:1,(anonymous_8)
DA:1,1
DA:2,1
DA:17,1
DA:23,2
DA:24,2
DA:25,2
DA:27,2
DA:28,2
DA:29,2
DA:32,2
DA:33,1
DA:35,1
DA:36,1
DA:56,1
DA:57,1
DA:61,2
DA:62,0
DA:64,0
DA:65,0
DA:77,0
DA:78,0
DA:82,2
DA:84,2
LF:23
LH:18
BRDA:38,0,0,0
BRDA:38,0,1,1
BRDA:47,1,0,0
BRDA:47,1,1,1
BRDA:50,2,0,0
BRDA:50,2,1,1
BRDA:65,3,0,0
BRDA:65,3,1,0
BRDA:65,4,0,0
BRDA:65,4,1,0
BRF:10
BRH:3
end_of_record
TN:
SF:src/renderer/features/dashboard/hooks/useRepositorySourceDerived.ts
FN:17,useRepositorySourceDerived
FN:25,(anonymous_2)
FN:33,(anonymous_3)
FN:38,(anonymous_4)
FN:41,(anonymous_5)
FN:46,(anonymous_6)
FN:50,(anonymous_7)
FN:55,(anonymous_8)
FNF:8
FNH:6
FNDA:2,useRepositorySourceDerived
FNDA:1,(anonymous_2)
FNDA:1,(anonymous_3)
FNDA:0,(anonymous_4)
FNDA:1,(anonymous_5)
FNDA:0,(anonymous_6)
FNDA:2,(anonymous_7)
FNDA:1,(anonymous_8)
DA:1,1
DA:3,1
DA:4,1
DA:5,1
DA:17,1
DA:25,2
DA:26,2
DA:28,2
DA:31,2
DA:33,2
DA:34,1
DA:35,1
DA:38,0
DA:41,2
DA:42,1
DA:43,1
DA:46,0
DA:49,2
DA:50,2
DA:54,2
DA:55,1
DA:59,2
LF:22
LH:20
BRDA:29,0,0,2
BRDA:29,0,1,2
BRDA:29,0,2,2
BRDA:31,1,0,2
BRDA:31,1,1,1
BRDA:34,2,0,1
BRDA:38,3,0,0
BRDA:38,3,1,0
BRDA:38,4,0,0
BRDA:38,4,1,0
BRDA:42,5,0,1
BRDA:46,6,0,0
BRDA:46,6,1,0
BRDA:46,7,0,0
BRDA:46,7,1,0
BRF:15
BRH:7
end_of_record
TN:
SF:src/renderer/features/dashboard/hooks/useRepositorySourceEffects.ts
FN:12,useRepositorySourceEffects
FN:18,(anonymous_2)
FN:28,(anonymous_3)
FN:37,(anonymous_4)
FNF:4
FNH:4
FNDA:2,useRepositorySourceEffects
FNDA:2,(anonymous_2)
FNDA:2,(anonymous_3)
FNDA:1,(anonymous_4)
DA:1,1
DA:12,1
DA:18,2
DA:19,2
DA:23,2
DA:24,1
DA:28,2
DA:29,2
DA:30,1
DA:33,1
DA:37,1
DA:38,1
DA:40,1
DA:43,0
LF:14
LH:13
BRDA:19,0,0,2
BRDA:19,0,1,0
BRDA:19,1,0,2
BRDA:19,1,1,2
BRDA:20,2,0,2
BRDA:20,2,1,1
BRDA:21,3,0,0
BRDA:21,3,1,0
BRDA:21,3,2,0
BRDA:21,3,3,0
BRDA:23,4,0,1
BRDA:29,5,0,1
BRDA:33,6,0,1
BRDA:34,7,0,1
BRDA:34,7,1,1
BRDA:34,7,2,1
BRDA:34,7,3,1
BRDA:34,7,4,1
BRDA:34,7,5,0
BRDA:34,7,6,0
BRDA:34,7,7,0
BRDA:34,7,8,0
BRDA:34,7,9,0
BRF:23
BRH:13
end_of_record
TN:
SF:src/renderer/features/dashboard/hooks/useRepositorySourceOperations.ts
FN:17,useRepositorySourceOperations
FNF:1
FNH:1
FNDA:1,useRepositorySourceOperations
DA:4,1
DA:5,1
DA:6,1
DA:7,1
DA:17,1
DA:24,1
DA:25,1
DA:26,1
DA:30,1
DA:40,1
LF:10
LH:10
BRF:0
BRH:0
end_of_record
TN:
SF:src/renderer/features/dashboard/hooks/useRepositorySourceState.ts
FN:5,useRepositorySourceState
FN:19,(anonymous_2)
FN:44,(anonymous_3)
FN:50,(anonymous_4)
FNF:4
FNH:3
FNDA:3,useRepositorySourceState
FNDA:1,(anonymous_2)
FNDA:0,(anonymous_3)
FNDA:1,(anonymous_4)
DA:1,1
DA:5,1
DA:6,3
DA:7,3
DA:8,3
DA:9,3
DA:10,3
DA:11,3
DA:12,3
DA:13,3
DA:14,3
DA:15,3
DA:16,3
DA:17,3
DA:19,3
DA:20,1
DA:21,1
DA:22,1
DA:23,1
DA:25,1
DA:26,1
DA:27,1
DA:28,1
DA:31,1
DA:32,0
DA:33,0
DA:34,0
DA:35,0
DA:38,1
DA:39,0
DA:40,0
DA:44,3
DA:45,0
DA:46,0
DA:47,0
DA:50,3
DA:51,1
DA:52,1
DA:53,1
DA:54,1
DA:55,1
DA:58,3
LF:42
LH:33
BRDA:25,0,0,1
BRDA:31,1,0,0
BRDA:38,2,0,0
BRF:3
BRH:1
end_of_record
TN:
SF:src/renderer/features/repository-analysis/ipc.ts
FN:15,runRepositoryAnalysis
FN:25,cancelRepositoryAnalysis
FNF:2
FNH:2
FNDA:1,runRepositoryAnalysis
FNDA:1,cancelRepositoryAnalysis
DA:15,1
DA:16,1
DA:18,1
DA:19,0
DA:22,1
DA:25,1
DA:26,1
DA:28,1
DA:29,1
LF:9
LH:8
BRDA:18,0,0,0
BRDA:28,1,0,1
BRF:2
BRH:1
end_of_record
TN:
SF:src/renderer/features/repository-analysis/components/RepositoryAnalysisForm.tsx
FN:5,(anonymous_1)
FN:74,(anonymous_2)
FN:79,(anonymous_3)
FN:92,(anonymous_4)
FN:99,(anonymous_5)
FNF:5
FNH:3
FNDA:5,(anonymous_1)
FNDA:0,(anonymous_2)
FNDA:3,(anonymous_3)
FNDA:0,(anonymous_4)
FNDA:1,(anonymous_5)
DA:1,1
DA:2,1
DA:5,1
DA:50,5
DA:74,0
DA:80,3
DA:92,0
DA:100,1
LF:8
LH:6
BRDA:58,0,0,3
BRDA:58,0,1,2
BRDA:75,1,0,5
BRDA:75,1,1,3
BRDA:75,1,2,3
BRDA:93,2,0,5
BRDA:93,2,1,3
BRDA:93,2,2,3
BRDA:93,2,3,2
BRDA:93,2,4,1
BRDA:97,3,0,1
BRDA:97,3,1,4
BRDA:101,4,0,1
BRDA:101,4,1,0
BRDA:105,5,0,1
BRDA:105,5,1,4
BRDA:112,6,0,0
BRDA:112,6,1,5
BRDA:121,7,0,5
BRDA:121,7,1,4
BRDA:133,8,0,0
BRDA:133,8,1,5
BRDA:134,9,0,0
BRDA:134,9,1,5
BRDA:136,10,0,0
BRDA:136,10,1,5
BRDA:143,11,0,0
BRDA:143,11,1,0
BRDA:144,12,0,0
BRDA:144,12,1,0
BRF:30
BRH:21
end_of_record
TN:
SF:src/renderer/features/repository-analysis/components/RepositoryAnalysisResult.tsx
FN:5,(anonymous_1)
FN:53,(anonymous_2)
FN:62,(anonymous_3)
FN:74,(anonymous_4)
FNF:4
FNH:4
FNDA:3,(anonymous_1)
FNDA:3,(anonymous_2)
FNDA:3,(anonymous_3)
FNDA:3,(anonymous_4)
DA:1,1
DA:3,1
DA:5,1
DA:12,3
DA:54,3
DA:63,3
DA:75,3
LF:7
LH:7
BRDA:32,0,0,3
BRDA:32,0,1,0
BRDA:33,1,0,3
BRDA:33,1,1,0
BRDA:34,2,0,3
BRDA:34,2,1,0
BRDA:34,3,0,3
BRDA:34,3,1,0
BRDA:42,4,0,0
BRDA:42,4,1,3
BRDA:44,5,0,0
BRDA:44,5,1,0
BRF:12
BRH:5
end_of_record
TN:
SF:src/renderer/features/repository-analysis/components/RepositoryAnalysisSections.tsx
FN:2,(anonymous_0)
FN:3,(anonymous_1)
FN:4,(anonymous_2)
FN:5,(anonymous_3)
FN:6,(anonymous_4)
FN:8,(anonymous_5)
FN:9,(anonymous_6)
FN:10,(anonymous_7)
FNF:8
FNH:6
FNDA:2,(anonymous_0)
FNDA:0,(anonymous_1)
FNDA:5,(anonymous_2)
FNDA:0,(anonymous_3)
FNDA:5,(anonymous_4)
FNDA:5,(anonymous_5)
FNDA:3,(anonymous_6)
FNDA:5,(anonymous_7)
DA:1,1
DA:2,3
DA:3,1
DA:4,6
DA:5,1
DA:6,6
DA:8,6
DA:9,4
DA:10,6
LF:9
LH:9
BRF:0
BRH:0
end_of_record
TN:
SF:src/renderer/features/repository-analysis/components/RepositoryAnalysisShared.tsx
FN:4,countActiveDirectives
FN:26,(anonymous_2)
FN:33,(anonymous_3)
FN:48,(anonymous_4)
FN:55,formatDuration
FN:67,buildSnapshotSummary
FN:83,riskBadgeClass
FNF:7
FNH:6
FNDA:5,countActiveDirectives
FNDA:15,(anonymous_2)
FNDA:0,(anonymous_3)
FNDA:24,(anonymous_4)
FNDA:3,formatDuration
FNDA:3,buildSnapshotSummary
FNDA:6,riskBadgeClass
DA:1,1
DA:2,1
DA:4,1
DA:14,5
DA:16,5
DA:26,1
DA:27,15
DA:33,1
DA:34,0
DA:48,1
DA:49,24
DA:55,1
DA:56,3
DA:57,0
DA:60,3
DA:61,0
DA:64,3
DA:67,1
DA:75,3
DA:76,3
DA:77,3
DA:78,3
DA:80,3
DA:83,1
DA:84,6
DA:86,3
DA:88,3
DA:90,0
DA:92,0
LF:29
LH:24
BRDA:29,0,0,11
BRDA:29,0,1,4
BRDA:35,1,0,0
BRDA:35,1,1,0
BRDA:37,2,0,0
BRDA:37,2,1,0
BRDA:42,3,0,0
BRDA:42,3,1,0
BRDA:42,4,0,0
BRDA:42,4,1,0
BRDA:56,5,0,0
BRDA:56,6,0,3
BRDA:56,6,1,3
BRDA:60,7,0,0
BRDA:75,8,0,3
BRDA:75,8,1,0
BRDA:76,9,0,3
BRDA:76,9,1,0
BRDA:77,10,0,3
BRDA:77,10,1,0
BRDA:78,11,0,3
BRDA:78,11,1,0
BRDA:84,12,0,3
BRDA:84,12,1,3
BRDA:84,12,2,0
BRDA:84,12,3,0
BRF:26
BRH:10
end_of_record
TN:
SF:src/renderer/features/repository-analysis/components/RepositoryAnalysisStates.tsx
FN:5,(anonymous_1)
FN:16,(anonymous_2)
FN:45,(anonymous_3)
FN:70,(anonymous_4)
FN:84,(anonymous_5)
FNF:5
FNH:3
FNDA:5,(anonymous_1)
FNDA:5,(anonymous_2)
FNDA:0,(anonymous_3)
FNDA:0,(anonymous_4)
FNDA:2,(anonymous_5)
DA:1,1
DA:2,1
DA:3,1
DA:5,1
DA:6,5
DA:16,1
DA:31,5
DA:45,1
DA:46,0
DA:70,1
DA:71,0
DA:84,1
DA:85,2
LF:13
LH:11
BRDA:37,0,0,3
BRDA:37,0,1,2
BRDA:54,1,0,0
BRDA:54,1,1,0
BRDA:56,2,0,0
BRDA:56,2,1,0
BRF:6
BRH:2
end_of_record
TN:
SF:src/renderer/features/repository-analysis/hooks/useRepositoryAnalysis.ts
FN:7,useRepositoryAnalysis
FN:13,(anonymous_2)
FN:19,(anonymous_3)
FN:37,(anonymous_4)
FN:55,(anonymous_5)
FNF:5
FNH:4
FNDA:5,useRepositoryAnalysis
FNDA:2,(anonymous_2)
FNDA:1,(anonymous_3)
FNDA:1,(anonymous_4)
FNDA:0,(anonymous_5)
DA:1,1
DA:3,1
DA:7,1
DA:8,5
DA:9,5
DA:10,5
DA:11,5
DA:13,5
DA:14,2
DA:15,2
DA:16,2
DA:17,2
DA:19,2
DA:20,1
DA:23,2
DA:24,2
DA:25,1
DA:26,1
DA:27,1
DA:28,1
DA:30,0
DA:31,0
DA:32,0
DA:33,0
DA:37,5
DA:38,1
DA:39,1
DA:40,0
DA:43,1
DA:45,1
DA:46,1
DA:48,1
DA:49,1
DA:50,1
DA:51,1
DA:55,5
DA:56,0
DA:57,0
DA:58,0
DA:59,0
DA:62,5
LF:41
LH:32
BRDA:32,0,0,0
BRDA:32,0,1,0
BRDA:39,1,0,0
BRDA:66,2,0,5
BRDA:66,2,1,4
BRDA:66,2,2,4
BRF:6
BRH:3
end_of_record
TN:
SF:src/renderer/features/repository-source/providers.ts
FN:34,getRepositoryProvider
FN:39,(anonymous_1)
FNF:2
FNH:2
FNDA:2,getRepositoryProvider
FNDA:4,(anonymous_1)
DA:3,2
DA:34,2
DA:35,2
DA:36,0
DA:39,4
LF:5
LH:4
BRDA:35,0,0,0
BRDA:39,1,0,2
BRDA:39,1,1,0
BRF:3
BRH:1
end_of_record
TN:
SF:src/renderer/features/settings/storage.ts
FN:6,getSessionSecret
FN:15,setSessionSecret
FN:40,loadCodexConfig
FN:61,hydrateCodexApiKey
FN:65,persistCodexConfig
FNF:5
FNH:5
FNDA:1,getSessionSecret
FNDA:1,setSessionSecret
FNDA:1,loadCodexConfig
FNDA:1,hydrateCodexApiKey
FNDA:1,persistCodexConfig
DA:3,1
DA:4,1
DA:7,1
DA:8,1
DA:9,0
DA:12,1
DA:16,1
DA:17,1
DA:18,0
DA:22,1
DA:40,1
DA:41,1
DA:42,1
DA:44,1
DA:45,1
DA:51,0
DA:57,0
DA:61,1
DA:62,1
DA:65,1
DA:66,1
DA:67,1
DA:72,1
LF:23
LH:19
BRDA:8,0,0,0
BRDA:9,1,0,0
BRDA:9,1,1,0
BRDA:12,2,0,1
BRDA:12,2,1,0
BRDA:17,3,0,0
BRDA:18,4,0,0
BRDA:18,4,1,0
BRDA:44,5,0,1
BRF:9
BRH:2
end_of_record
TN:
SF:src/renderer/features/settings/components/CodexIntegrationCard.tsx
FN:20,(anonymous_1)
FN:61,(anonymous_2)
FN:67,(anonymous_3)
FN:80,(anonymous_4)
FN:87,(anonymous_5)
FN:98,(anonymous_6)
FN:104,(anonymous_7)
FN:115,(anonymous_8)
FN:137,(anonymous_9)
FN:147,(anonymous_10)
FN:158,(anonymous_11)
FN:170,(anonymous_12)
FN:181,(anonymous_13)
FN:192,(anonymous_14)
FN:204,countConfiguredPolicies
FNF:15
FNH:2
FNDA:1,(anonymous_1)
FNDA:0,(anonymous_2)
FNDA:0,(anonymous_3)
FNDA:0,(anonymous_4)
FNDA:0,(anonymous_5)
FNDA:0,(anonymous_6)
FNDA:0,(anonymous_7)
FNDA:0,(anonymous_8)
FNDA:0,(anonymous_9)
FNDA:0,(anonymous_10)
FNDA:0,(anonymous_11)
FNDA:0,(anonymous_12)
FNDA:0,(anonymous_13)
FNDA:0,(anonymous_14)
FNDA:1,countConfiguredPolicies
DA:1,1
DA:2,1
DA:4,1
DA:20,1
DA:21,1
DA:61,0
DA:67,0
DA:80,0
DA:87,0
DA:98,0
DA:104,0
DA:115,0
DA:137,0
DA:147,0
DA:158,0
DA:170,0
DA:181,0
DA:192,0
DA:205,1
DA:207,1
DA:217,1
LF:21
LH:8
BRDA:27,0,0,1
BRDA:27,0,1,0
BRDA:28,1,0,1
BRDA:28,1,1,0
BRDA:29,2,0,1
BRDA:29,2,1,0
BRDA:46,3,0,1
BRDA:46,3,1,0
BRDA:51,4,0,0
BRDA:51,4,1,1
BRDA:98,5,0,0
BRDA:98,5,1,0
BRF:12
BRH:5
end_of_record
TN:
SF:src/renderer/features/settings/components/RepositoryProviderCard.tsx
FN:28,(anonymous_1)
FNF:1
FNH:1
FNDA:4,(anonymous_1)
DA:1,1
DA:2,1
DA:4,1
DA:16,1
DA:22,1
DA:28,1
DA:37,4
DA:43,4
DA:103,1
LF:9
LH:9
BRDA:30,0,0,0
BRDA:31,1,0,0
BRDA:32,2,0,0
BRDA:37,3,0,3
BRDA:37,3,1,1
BRDA:39,4,0,0
BRDA:39,4,1,1
BRDA:51,5,0,1
BRDA:51,5,1,3
BRDA:54,6,0,1
BRDA:54,6,1,3
BRDA:61,7,0,2
BRDA:61,7,1,2
BRDA:61,8,0,4
BRDA:61,8,1,3
BRDA:71,9,0,1
BRDA:71,9,1,3
BRDA:77,10,0,1
BRDA:77,10,1,0
BRDA:78,11,0,1
BRDA:78,11,1,0
BRDA:94,12,0,1
BRDA:94,12,1,3
BRF:23
BRH:17
end_of_record
TN:
SF:src/renderer/features/settings/components/SettingsPrimitives.tsx
FN:24,(anonymous_1)
FN:60,(anonymous_2)
FN:78,(anonymous_3)
FN:94,(anonymous_4)
FN:112,(anonymous_5)
FN:126,(anonymous_6)
FN:144,(anonymous_7)
FN:158,(anonymous_8)
FN:161,(anonymous_9)
FN:178,(anonymous_10)
FN:193,(anonymous_11)
FN:209,(anonymous_12)
FN:222,(anonymous_13)
FNF:13
FNH:9
FNDA:11,(anonymous_1)
FNDA:12,(anonymous_2)
FNDA:7,(anonymous_3)
FNDA:0,(anonymous_4)
FNDA:4,(anonymous_5)
FNDA:0,(anonymous_6)
FNDA:3,(anonymous_7)
FNDA:0,(anonymous_8)
FNDA:7,(anonymous_9)
FNDA:3,(anonymous_10)
FNDA:0,(anonymous_11)
FNDA:7,(anonymous_12)
FNDA:1,(anonymous_13)
DA:1,1
DA:2,1
DA:6,1
DA:24,1
DA:33,11
DA:60,1
DA:61,12
DA:78,1
DA:88,7
DA:94,0
DA:112,1
DA:121,4
DA:126,0
DA:144,1
DA:153,3
DA:158,0
DA:162,7
DA:178,1
DA:184,3
DA:193,0
DA:209,1
DA:210,7
DA:222,1
DA:223,1
DA:238,1
LF:25
LH:21
BRDA:31,0,0,11
BRDA:36,1,0,10
BRDA:36,1,1,1
BRDA:43,2,0,11
BRDA:43,2,1,0
BRDA:47,3,0,6
BRDA:47,3,1,5
BRDA:50,4,0,11
BRDA:50,4,1,0
BRDA:83,5,0,4
BRDA:85,6,0,7
BRDA:86,7,0,6
BRDA:98,8,0,2
BRDA:98,8,1,5
BRDA:118,9,0,4
BRDA:119,10,0,2
BRDA:130,11,0,4
BRDA:130,11,1,0
BRDA:150,12,0,3
BRDA:151,13,0,3
BRDA:167,14,0,0
BRDA:167,14,1,3
BRDA:194,15,0,3
BRDA:194,15,1,0
BRDA:197,16,0,3
BRDA:197,16,1,0
BRF:26
BRH:20
end_of_record
TN:
SF:src/renderer/features/settings/components/SettingsSections.tsx
FN:19,(anonymous_1)
FN:26,(anonymous_2)
FN:65,(anonymous_3)
FN:167,(anonymous_4)
FN:214,(anonymous_5)
FN:231,(anonymous_6)
FN:231,(anonymous_7)
FN:242,(anonymous_8)
FN:250,(anonymous_9)
FN:250,(anonymous_10)
FN:253,(anonymous_11)
FN:272,(anonymous_12)
FN:273,(anonymous_13)
FN:275,(anonymous_14)
FN:293,(anonymous_15)
FN:330,(anonymous_16)
FN:358,(anonymous_17)
FN:375,(anonymous_18)
FNF:18
FNH:10
FNDA:1,(anonymous_1)
FNDA:4,(anonymous_2)
FNDA:1,(anonymous_3)
FNDA:1,(anonymous_4)
FNDA:1,(anonymous_5)
FNDA:0,(anonymous_6)
FNDA:0,(anonymous_7)
FNDA:4,(anonymous_8)
FNDA:0,(anonymous_9)
FNDA:0,(anonymous_10)
FNDA:0,(anonymous_11)
FNDA:0,(anonymous_12)
FNDA:0,(anonymous_13)
FNDA:0,(anonymous_14)
FNDA:1,(anonymous_15)
FNDA:1,(anonymous_16)
FNDA:3,(anonymous_17)
FNDA:2,(anonymous_18)
DA:1,1
DA:2,1
DA:3,1
DA:4,1
DA:5,1
DA:11,1
DA:12,1
DA:13,1
DA:19,1
DA:26,4
DA:27,1
DA:29,1
DA:65,1
DA:84,1
DA:167,1
DA:212,1
DA:214,1
DA:215,1
DA:218,1
DA:231,0
DA:243,4
DA:250,0
DA:254,0
DA:255,0
DA:272,0
DA:273,0
DA:275,0
DA:293,1
DA:306,1
DA:330,1
DA:331,1
DA:358,1
DA:359,3
DA:375,1
DA:376,2
LF:35
LH:28
BRDA:89,0,0,1
BRDA:89,0,1,0
BRDA:89,1,0,1
BRDA:89,1,1,0
BRDA:95,2,0,1
BRDA:95,2,1,0
BRDA:100,3,0,1
BRDA:100,3,1,0
BRDA:101,4,0,1
BRDA:101,4,1,0
BRDA:105,5,0,1
BRDA:105,5,1,0
BRDA:105,5,2,0
BRDA:110,6,0,1
BRDA:110,6,1,0
BRDA:117,7,0,0
BRDA:117,7,1,1
BRDA:119,8,0,0
BRDA:119,8,1,1
BRDA:121,9,0,0
BRDA:121,9,1,1
BRDA:126,10,0,0
BRDA:126,10,1,1
BRDA:128,11,0,0
BRDA:128,11,1,1
BRDA:130,12,0,0
BRDA:130,12,1,1
BRDA:230,13,0,1
BRDA:230,13,1,1
BRDA:231,14,0,1
BRDA:231,14,1,0
BRDA:231,15,0,0
BRDA:231,15,1,0
BRDA:247,16,0,4
BRDA:247,16,1,1
BRDA:248,17,0,4
BRDA:248,17,1,1
BRDA:249,18,0,1
BRDA:249,18,1,3
BRDA:249,19,0,4
BRDA:249,19,1,3
BRDA:250,20,0,0
BRDA:250,20,1,0
BRDA:252,21,0,2
BRDA:252,21,1,2
BRDA:252,22,0,4
BRDA:252,22,1,3
BRDA:259,23,0,1
BRDA:259,23,1,3
BRDA:310,24,0,0
BRDA:310,24,1,1
BRDA:310,25,0,0
BRDA:310,25,1,1
BRDA:313,26,0,1
BRDA:313,26,1,0
BRDA:314,27,0,1
BRDA:314,27,1,1
BRDA:315,28,0,1
BRDA:315,28,1,1
BRDA:316,29,0,1
BRDA:316,29,1,1
BRDA:317,30,0,1
BRDA:317,30,1,1
BRDA:318,31,0,1
BRDA:318,31,1,1
BRDA:319,32,0,1
BRDA:319,32,1,0
BRDA:320,33,0,1
BRDA:320,33,1,0
BRDA:322,34,0,0
BRDA:322,34,1,1
BRF:71
BRH:46
end_of_record
TN:
SF:src/renderer/features/settings/hooks/useCodexSettings.ts
FN:5,useCodexSettings
FN:6,(anonymous_2)
FN:8,(anonymous_3)
FN:9,(anonymous_4)
FN:14,(anonymous_5)
FN:18,(anonymous_6)
FN:21,(anonymous_7)
FN:25,(anonymous_8)
FN:29,(anonymous_9)
FNF:9
FNH:8
FNDA:3,useCodexSettings
FNDA:1,(anonymous_2)
FNDA:1,(anonymous_3)
FNDA:1,(anonymous_4)
FNDA:1,(anonymous_5)
FNDA:0,(anonymous_6)
FNDA:3,(anonymous_7)
FNDA:1,(anonymous_8)
FNDA:1,(anonymous_9)
DA:1,1
DA:3,1
DA:5,1
DA:6,3
DA:8,3
DA:9,1
DA:10,1
DA:11,0
DA:14,1
DA:18,0
DA:21,3
DA:22,3
DA:25,3
DA:29,1
DA:35,3
DA:37,3
LF:16
LH:14
BRDA:10,0,0,0
BRDA:35,1,0,3
BRDA:35,1,1,1
BRF:3
BRH:2
end_of_record
TN:
SF:src/renderer/pages/Dashboard.tsx
FN:12,(anonymous_1)
FN:77,(anonymous_2)
FNF:2
FNH:1
FNDA:2,(anonymous_1)
FNDA:0,(anonymous_2)
DA:1,1
DA:2,1
DA:3,1
DA:4,1
DA:5,1
DA:6,1
DA:7,1
DA:8,1
DA:9,1
DA:10,1
DA:12,1
DA:22,2
DA:24,2
DA:77,0
DA:94,1
LF:15
LH:14
BRDA:47,0,0,1
BRDA:47,0,1,1
BRDA:51,1,0,1
BRDA:51,1,1,0
BRDA:60,2,0,1
BRDA:60,2,1,1
BRDA:60,3,0,2
BRDA:60,3,1,1
BRF:8
BRH:7
end_of_record
TN:
SF:src/renderer/pages/History.tsx
FN:5,(anonymous_1)
FN:6,(anonymous_2)
FN:78,(anonymous_3)
FN:99,formatDateTick
FN:103,formatTooltipDate
FNF:5
FNH:4
FNDA:2,(anonymous_1)
FNDA:2,(anonymous_2)
FNDA:1,(anonymous_3)
FNDA:0,formatDateTick
FNDA:1,formatTooltipDate
DA:1,1
DA:2,1
DA:3,1
DA:5,1
DA:6,2
DA:8,2
DA:10,2
DA:79,1
DA:100,0
DA:104,1
DA:107,1
LF:11
LH:10
BRDA:17,0,0,1
BRDA:17,0,1,1
BRDA:22,1,0,1
BRDA:22,1,1,1
BRF:4
BRH:4
end_of_record
TN:
SF:src/renderer/pages/RepositoryAnalysis.tsx
FN:20,(anonymous_1)
FN:40,(anonymous_2)
FN:44,(anonymous_3)
FN:60,(anonymous_4)
FN:62,(anonymous_5)
FN:65,(anonymous_6)
FN:70,(anonymous_7)
FN:75,(anonymous_8)
FN:78,(anonymous_9)
FN:163,(anonymous_10)
FN:167,(anonymous_11)
FN:172,(anonymous_12)
FNF:12
FNH:7
FNDA:5,(anonymous_1)
FNDA:2,(anonymous_2)
FNDA:2,(anonymous_3)
FNDA:1,(anonymous_4)
FNDA:1,(anonymous_5)
FNDA:0,(anonymous_6)
FNDA:1,(anonymous_7)
FNDA:3,(anonymous_8)
FNDA:0,(anonymous_9)
FNDA:0,(anonymous_10)
FNDA:0,(anonymous_11)
FNDA:0,(anonymous_12)
DA:1,1
DA:2,1
DA:4,1
DA:5,1
DA:6,1
DA:7,1
DA:8,1
DA:9,1
DA:20,1
DA:30,5
DA:31,5
DA:32,5
DA:34,5
DA:35,5
DA:36,5
DA:37,5
DA:38,5
DA:40,5
DA:41,2
DA:44,5
DA:45,2
DA:46,1
DA:47,1
DA:48,1
DA:51,1
DA:57,1
DA:58,1
DA:59,1
DA:61,1
DA:62,1
DA:63,1
DA:66,0
DA:67,0
DA:68,0
DA:71,1
DA:75,5
DA:76,5
DA:78,5
DA:79,0
DA:80,0
DA:83,0
DA:103,5
DA:111,5
DA:117,5
DA:164,0
DA:165,0
DA:168,0
DA:169,0
DA:172,0
DA:191,1
LF:50
LH:39
BRDA:34,0,0,5
BRDA:34,0,1,2
BRDA:41,1,0,2
BRDA:41,1,1,1
BRDA:45,2,0,1
BRDA:45,3,0,2
BRDA:45,3,1,1
BRDA:45,3,2,1
BRDA:62,4,0,1
BRDA:62,4,1,0
BRDA:62,4,2,0
BRDA:68,5,0,0
BRDA:68,5,1,0
BRDA:76,6,0,5
BRDA:76,6,1,3
BRDA:76,6,2,3
BRDA:76,6,3,3
BRDA:76,6,4,3
BRDA:76,6,5,3
BRDA:76,6,6,1
BRDA:79,7,0,0
BRDA:89,8,0,0
BRDA:89,8,1,0
BRDA:103,9,0,0
BRDA:103,9,1,5
BRDA:105,10,0,0
BRDA:105,10,1,5
BRDA:107,11,0,0
BRDA:107,11,1,5
BRDA:111,12,0,0
BRDA:111,12,1,5
BRDA:113,13,0,0
BRDA:113,13,1,5
BRDA:137,14,0,3
BRDA:137,14,1,2
BRDA:138,15,0,5
BRDA:138,15,1,3
BRDA:142,16,0,5
BRDA:142,16,1,2
BRDA:155,17,0,5
BRDA:155,17,1,2
BRDA:156,18,0,3
BRDA:156,18,1,2
BRDA:176,19,0,0
BRDA:176,19,1,5
BRDA:178,20,0,0
BRDA:178,20,1,5
BRDA:182,21,0,3
BRDA:182,21,1,2
BRDA:184,22,0,2
BRDA:184,22,1,0
BRDA:184,23,0,2
BRDA:184,23,1,2
BRF:53
BRH:38
end_of_record
TN:
SF:src/renderer/pages/Settings.tsx
FN:13,(anonymous_1)
FN:80,(anonymous_2)
FN:81,(anonymous_3)
FN:83,(anonymous_4)
FNF:4
FNH:1
FNDA:1,(anonymous_1)
FNDA:0,(anonymous_2)
FNDA:0,(anonymous_3)
FNDA:0,(anonymous_4)
DA:1,1
DA:2,1
DA:3,1
DA:4,1
DA:5,1
DA:13,1
DA:36,1
DA:41,1
DA:43,1
DA:80,0
DA:81,0
DA:83,0
DA:106,1
LF:13
LH:10
BRF:0
BRH:0
end_of_record
TN:
SF:src/renderer/shims/global.ts
FNF:0
FNH:0
DA:7,0
DA:8,0
LF:2
LH:0
BRDA:7,0,0,0
BRF:1
BRH:0
end_of_record
TN:
SF:src/services/analysis/repository-analysis.openai-client.ts
FN:49,compactText
FN:54,(anonymous_1)
FNF:2
FNH:2
FNDA:2,compactText
FNDA:4,(anonymous_1)
DA:4,2
DA:50,2
DA:53,2
DA:59,4
DA:61,4
DA:92,4
DA:93,4
DA:94,2
DA:96,2
DA:97,1
DA:103,1
DA:106,2
LF:12
LH:12
BRDA:49,0,0,0
BRDA:93,1,0,2
BRDA:94,2,0,2
BRDA:94,2,1,0
BRDA:96,3,0,1
BRDA:96,4,0,2
BRDA:96,4,1,1
BRF:7
BRH:5
end_of_record
TN:
SF:src/services/analysis/repository-analysis.prompt-builder.ts
FN:4,buildPromptDirectiveSection
FN:43,(anonymous_1)
FN:62,(anonymous_2)
FNF:3
FNH:3
FNDA:4,buildPromptDirectiveSection
FNDA:4,(anonymous_1)
FNDA:4,(anonymous_2)
DA:5,4
DA:6,3
DA:9,1
DA:11,1
DA:12,1
DA:15,1
DA:16,1
DA:19,1
DA:20,1
DA:23,1
DA:24,1
DA:27,1
DA:28,1
DA:31,1
DA:32,1
DA:35,1
DA:36,0
DA:39,1
DA:42,2
DA:44,4
DA:53,4
DA:63,4
DA:67,4
LF:23
LH:22
BRDA:5,0,0,3
BRDA:11,1,0,1
BRDA:15,2,0,1
BRDA:19,3,0,1
BRDA:23,4,0,1
BRDA:27,5,0,1
BRDA:31,6,0,1
BRDA:35,7,0,0
BRF:8
BRH:7
end_of_record
TN:
SF:src/services/analysis/repository-analysis.response-parser.ts
FN:25,compactText
FN:29,extractResponseDebug
FN:31,(anonymous_2)
FN:32,(anonymous_3)
FN:33,(anonymous_4)
FN:43,tryParseJson
FN:51,isValidFinding
FN:66,isStructuredAnalysisPayload
FN:76,(anonymous_8)
FN:78,(anonymous_9)
FN:83,extractStructuredPayload
FN:99,(anonymous_11)
FN:100,(anonymous_12)
FN:101,(anonymous_13)
FN:119,(anonymous_14)
FNF:15
FNH:9
FNDA:1,compactText
FNDA:1,extractResponseDebug
FNDA:0,(anonymous_2)
FNDA:0,(anonymous_3)
FNDA:0,(anonymous_4)
FNDA:2,tryParseJson
FNDA:8,isValidFinding
FNDA:9,isStructuredAnalysisPayload
FNDA:8,(anonymous_8)
FNDA:8,(anonymous_9)
FNDA:4,extractStructuredPayload
FNDA:0,(anonymous_11)
FNDA:0,(anonymous_12)
FNDA:0,(anonymous_13)
FNDA:4,(anonymous_14)
DA:26,1
DA:30,1
DA:31,0
DA:32,0
DA:33,0
DA:36,1
DA:37,0
DA:40,1
DA:44,2
DA:45,2
DA:47,0
DA:52,8
DA:53,0
DA:56,8
DA:57,8
DA:67,9
DA:68,0
DA:71,9
DA:72,9
DA:76,8
DA:78,8
DA:87,4
DA:88,2
DA:91,2
DA:92,1
DA:93,1
DA:94,1
DA:98,1
DA:99,0
DA:100,0
DA:101,0
DA:103,1
DA:104,0
DA:105,0
DA:106,0
DA:110,1
DA:111,1
DA:112,0
DA:115,1
DA:118,2
DA:121,4
DA:122,4
DA:124,0
DA:127,4
DA:129,4
DA:130,1
DA:136,3
DA:137,0
DA:143,3
LF:49
LH:33
BRDA:25,0,0,1
BRDA:30,1,0,1
BRDA:30,1,1,1
BRDA:31,2,0,0
BRDA:31,2,1,0
BRDA:36,3,0,0
BRDA:52,4,0,0
BRDA:52,5,0,8
BRDA:52,5,1,8
BRDA:57,6,0,8
BRDA:57,6,1,8
BRDA:57,6,2,6
BRDA:57,6,3,6
BRDA:57,6,4,6
BRDA:57,6,5,6
BRDA:57,6,6,6
BRDA:67,7,0,0
BRDA:67,8,0,9
BRDA:67,8,1,9
BRDA:72,9,0,9
BRDA:72,9,1,8
BRDA:72,9,2,8
BRDA:72,9,3,8
BRDA:72,9,4,8
BRDA:72,9,5,8
BRDA:72,9,6,8
BRDA:72,9,7,8
BRDA:72,9,8,8
BRDA:87,10,0,2
BRDA:91,11,0,1
BRDA:93,12,0,1
BRDA:98,13,0,1
BRDA:98,13,1,1
BRDA:99,14,0,0
BRDA:99,14,1,0
BRDA:105,15,0,0
BRDA:111,16,0,0
BRDA:129,17,0,1
BRDA:136,18,0,0
BRF:39
BRH:29
end_of_record
TN:
SF:src/services/analysis/repository-analysis.service.ts
FN:24,(anonymous_0)
FN:31,(anonymous_1)
FN:52,(anonymous_2)
FN:106,(anonymous_3)
FN:117,(anonymous_4)
FN:124,(anonymous_5)
FNF:6
FNH:4
FNDA:4,(anonymous_0)
FNDA:3,(anonymous_1)
FNDA:0,(anonymous_2)
FNDA:0,(anonymous_3)
FNDA:3,(anonymous_4)
FNDA:3,(anonymous_5)
DA:2,1
DA:3,1
DA:10,1
DA:11,1
DA:19,1
DA:21,1
DA:22,4
DA:25,4
DA:26,4
DA:27,4
DA:28,4
DA:32,3
DA:33,0
DA:36,3
DA:42,3
DA:43,3
DA:44,3
DA:45,0
DA:46,0
DA:49,3
DA:50,3
DA:51,3
DA:52,3
DA:53,3
DA:54,3
DA:55,3
DA:56,3
DA:59,3
DA:60,3
DA:65,2
DA:67,1
DA:92,2
DA:93,0
DA:94,0
DA:97,0
DA:100,2
DA:102,3
DA:107,0
DA:108,0
DA:109,0
DA:112,0
DA:113,0
DA:114,0
DA:118,3
DA:119,0
DA:120,0
DA:125,3
DA:126,3
DA:127,0
DA:130,3
DA:131,3
DA:134,3
DA:138,1
LF:53
LH:38
BRDA:25,0,0,1
BRDA:26,1,0,4
BRDA:27,2,0,4
BRDA:28,3,0,4
BRDA:32,4,0,0
BRDA:44,5,0,0
BRDA:50,6,0,3
BRDA:50,6,1,3
BRDA:54,7,0,3
BRDA:92,8,0,0
BRDA:93,9,0,0
BRDA:108,10,0,0
BRDA:118,11,0,0
BRDA:126,12,0,0
BRDA:130,13,0,3
BRF:15
BRH:8
end_of_record
TN:
SF:src/services/analysis/repository-analysis.snapshot-provider.ts
FN:6,(anonymous_0)
FN:10,(anonymous_1)
FNF:2
FNH:2
FNDA:2,(anonymous_0)
FNDA:1,(anonymous_1)
DA:2,2
DA:5,2
DA:7,2
DA:11,1
DA:12,1
DA:20,1
DA:26,1
LF:7
LH:7
BRDA:7,0,0,1
BRDA:15,1,0,0
BRDA:15,1,1,1
BRDA:17,2,0,1
BRDA:17,2,1,0
BRF:5
BRH:3
end_of_record
TN:
SF:src/services/azure/azure.api.ts
FN:5,encodePat
FN:9,normalizeOrganization
FN:27,normalizeProject
FN:43,getAzureConfig
FN:51,getAzureContinuationToken
FN:55,readAzureResponse
FN:83,requestAzureJson
FN:94,requestAzureJsonResponse
FN:112,requestAzureText
FNF:9
FNH:9
FNDA:4,encodePat
FNDA:3,normalizeOrganization
FNDA:3,normalizeProject
FNDA:2,getAzureConfig
FNDA:1,getAzureContinuationToken
FNDA:3,readAzureResponse
FNDA:1,requestAzureJson
FNDA:1,requestAzureJsonResponse
FNDA:2,requestAzureText
DA:3,3
DA:6,4
DA:9,3
DA:10,3
DA:12,3
DA:13,2
DA:14,2
DA:15,2
DA:16,2
DA:18,0
DA:22,1
DA:27,3
DA:28,3
DA:30,3
DA:31,1
DA:32,1
DA:33,1
DA:34,1
DA:36,0
DA:40,2
DA:43,3
DA:44,2
DA:51,3
DA:52,1
DA:55,3
DA:56,3
DA:57,3
DA:58,3
DA:60,3
DA:61,1
DA:63,1
DA:64,1
DA:67,0
DA:70,2
DA:71,0
DA:76,2
DA:77,2
DA:79,0
DA:83,3
DA:84,1
DA:91,1
DA:94,3
DA:99,1
DA:106,1
DA:112,3
DA:113,2
DA:120,2
DA:121,1
DA:122,1
DA:124,1
DA:125,0
DA:128,1
DA:131,1
DA:134,3
LF:54
LH:48
BRDA:12,0,0,2
BRDA:12,1,0,3
BRDA:12,1,1,3
BRDA:16,2,0,2
BRDA:16,2,1,0
BRDA:30,3,0,1
BRDA:30,4,0,3
BRDA:30,4,1,3
BRDA:34,5,0,1
BRDA:34,5,1,0
BRDA:34,5,2,0
BRDA:56,6,0,3
BRDA:56,6,1,0
BRDA:60,7,0,1
BRDA:61,8,0,1
BRDA:61,8,1,0
BRDA:63,9,0,1
BRDA:64,10,0,1
BRDA:64,10,1,0
BRDA:70,11,0,0
BRDA:72,12,0,0
BRDA:72,12,1,0
BRDA:72,13,0,0
BRDA:72,13,1,0
BRDA:120,14,0,1
BRDA:122,15,0,1
BRDA:122,15,1,0
BRDA:124,16,0,0
BRDA:125,17,0,0
BRDA:125,17,1,0
BRF:30
BRH:15
end_of_record
TN:
SF:src/services/azure/azure.pull-requests.ts
FN:5,normalizeBranchName
FN:9,getAzurePullRequests
FN:34,(anonymous_2)
FN:53,(anonymous_3)
FNF:4
FNH:3
FNDA:200,normalizeBranchName
FNDA:1,getAzurePullRequests
FNDA:100,(anonymous_2)
FNDA:0,(anonymous_3)
DA:2,4
DA:6,200
DA:9,4
DA:10,1
DA:12,1
DA:13,0
DA:16,1
DA:22,1
DA:23,0
DA:26,1
DA:27,1
DA:29,1
DA:30,2
DA:31,2
DA:32,2
DA:34,100
DA:53,0
DA:61,2
DA:62,1
DA:65,1
DA:68,1
LF:21
LH:18
BRDA:12,0,0,0
BRDA:12,1,0,1
BRDA:12,1,1,1
BRDA:12,1,2,1
BRDA:22,2,0,0
BRDA:37,3,0,100
BRDA:37,3,1,100
BRDA:39,4,0,100
BRDA:39,4,1,0
BRDA:43,5,0,100
BRDA:43,5,1,0
BRDA:47,6,0,100
BRDA:47,6,1,100
BRDA:49,7,0,100
BRDA:49,7,1,0
BRDA:53,8,0,100
BRDA:53,8,1,0
BRDA:61,9,0,1
BRF:18
BRH:12
end_of_record
TN:
SF:src/services/azure/azure.repositories.ts
FN:5,getAzureProjects
FN:26,(anonymous_1)
FN:37,getAzureRepositories
FN:58,(anonymous_3)
FN:70,getAzureBranches
FN:81,(anonymous_5)
FNF:6
FNH:6
FNDA:2,getAzureProjects
FNDA:4,(anonymous_1)
FNDA:1,getAzureRepositories
FNDA:1,(anonymous_3)
FNDA:1,getAzureBranches
FNDA:1,(anonymous_5)
DA:2,4
DA:5,4
DA:6,2
DA:8,2
DA:9,0
DA:12,2
DA:13,2
DA:15,2
DA:16,3
DA:20,3
DA:21,1
DA:24,3
DA:25,3
DA:26,4
DA:31,3
DA:34,2
DA:37,4
DA:38,1
DA:40,1
DA:41,0
DA:44,1
DA:45,1
DA:47,1
DA:48,1
DA:52,1
DA:53,0
DA:56,1
DA:57,1
DA:58,1
DA:64,1
DA:67,1
DA:70,4
DA:71,1
DA:72,1
DA:74,1
DA:75,0
DA:78,1
DA:79,1
DA:81,1
LF:39
LH:35
BRDA:8,0,0,0
BRDA:8,1,0,2
BRDA:8,1,1,2
BRDA:20,2,0,1
BRDA:40,3,0,0
BRDA:40,4,0,1
BRDA:40,4,1,1
BRDA:40,4,2,1
BRDA:52,5,0,0
BRDA:74,6,0,0
BRDA:74,7,0,1
BRDA:74,7,1,1
BRDA:74,7,2,1
BRDA:74,7,3,1
BRDA:84,8,0,1
BRDA:84,8,1,0
BRF:16
BRH:11
end_of_record
TN:
SF:src/services/azure/azure.snapshot.ts
FN:10,getAzureRepositorySnapshot
FN:26,(anonymous_1)
FN:27,(anonymous_2)
FN:28,(anonymous_3)
FN:29,(anonymous_4)
FN:35,(anonymous_5)
FN:38,(anonymous_6)
FN:40,(anonymous_7)
FN:62,(anonymous_8)
FNF:9
FNH:8
FNDA:1,getAzureRepositorySnapshot
FNDA:1,(anonymous_1)
FNDA:1,(anonymous_2)
FNDA:1,(anonymous_3)
FNDA:0,(anonymous_4)
FNDA:1,(anonymous_5)
FNDA:2,(anonymous_6)
FNDA:1,(anonymous_7)
FNDA:1,(anonymous_8)
DA:4,3
DA:5,3
DA:6,3
DA:7,3
DA:10,3
DA:14,1
DA:15,1
DA:16,1
DA:18,1
DA:19,0
DA:22,1
DA:23,1
DA:25,1
DA:26,1
DA:27,1
DA:28,1
DA:29,0
DA:31,1
DA:32,1
DA:33,1
DA:34,1
DA:35,1
DA:36,1
DA:37,1
DA:38,2
DA:41,1
DA:46,1
DA:47,0
DA:48,0
DA:51,1
DA:52,0
DA:53,0
DA:56,1
DA:62,1
DA:64,1
DA:74,1
LF:36
LH:30
BRDA:18,0,0,0
BRDA:18,1,0,1
BRDA:18,1,1,1
BRDA:18,1,2,1
BRDA:18,1,3,1
BRDA:26,2,0,1
BRDA:26,2,1,1
BRDA:28,3,0,1
BRDA:28,3,1,1
BRDA:29,4,0,0
BRDA:29,4,1,0
BRDA:46,5,0,0
BRDA:51,6,0,0
BRDA:58,7,0,1
BRDA:58,7,1,0
BRDA:65,8,0,0
BRDA:65,8,1,1
BRDA:69,9,0,0
BRDA:69,9,1,1
BRDA:70,10,0,0
BRDA:70,10,1,1
BRDA:80,11,0,1
BRDA:80,11,1,1
BRDA:80,11,2,1
BRF:24
BRH:15
end_of_record
TN:
SF:src/services/azure/pr.service.ts
FN:10,(anonymous_0)
FN:14,(anonymous_1)
FN:18,(anonymous_2)
FN:22,(anonymous_3)
FN:26,(anonymous_4)
FNF:5
FNH:2
FNDA:1,(anonymous_0)
FNDA:0,(anonymous_1)
FNDA:0,(anonymous_2)
FNDA:0,(anonymous_3)
FNDA:1,(anonymous_4)
DA:4,3
DA:5,3
DA:6,3
DA:7,3
DA:9,3
DA:11,1
DA:15,0
DA:19,0
DA:23,0
DA:30,1
DA:34,3
DA:40,3
LF:12
LH:9
BRF:0
BRH:0
end_of_record
TN:
SF:src/services/github/github.api.ts
FN:19,getGitHubConfig
FN:31,readGitHubResponse
FN:63,requestGitHubJson
FN:75,requestGitHubJsonResponse
FN:94,getGitHubNextPage
FN:104,requestGitHubPaginated
FN:121,requestGitHubContent
FNF:7
FNH:7
FNDA:3,getGitHubConfig
FNDA:9,readGitHubResponse
FNDA:6,requestGitHubJson
FNDA:2,requestGitHubJsonResponse
FNDA:2,getGitHubNextPage
FNDA:2,requestGitHubPaginated
FNDA:4,requestGitHubContent
DA:3,2
DA:19,2
DA:20,3
DA:21,3
DA:22,3
DA:24,3
DA:31,2
DA:32,9
DA:33,9
DA:34,9
DA:36,9
DA:37,1
DA:39,1
DA:40,0
DA:43,1
DA:44,1
DA:47,0
DA:50,8
DA:51,0
DA:56,8
DA:57,8
DA:59,0
DA:63,2
DA:64,6
DA:72,6
DA:75,2
DA:80,2
DA:88,2
DA:94,2
DA:95,2
DA:96,2
DA:97,2
DA:100,0
DA:101,0
DA:104,2
DA:109,2
DA:110,2
DA:112,2
DA:113,2
DA:114,2
DA:115,2
DA:118,2
DA:121,2
DA:126,4
LF:44
LH:38
BRDA:22,0,0,3
BRDA:22,0,1,1
BRDA:22,0,2,1
BRDA:32,1,0,9
BRDA:32,1,1,0
BRDA:36,2,0,1
BRDA:37,3,0,1
BRDA:37,3,1,0
BRDA:39,4,0,0
BRDA:40,5,0,0
BRDA:40,5,1,0
BRDA:43,6,0,1
BRDA:44,7,0,1
BRDA:44,7,1,0
BRDA:50,8,0,0
BRDA:52,9,0,0
BRDA:52,9,1,0
BRDA:52,10,0,0
BRDA:52,10,1,0
BRDA:96,11,0,2
BRDA:101,12,0,0
BRDA:101,12,1,0
BRF:22
BRH:9
end_of_record
TN:
SF:src/services/github/github.pull-requests.ts
FN:7,getReviewerVote
FN:18,getPullRequestReviewers
FN:33,(anonymous_2)
FN:41,(anonymous_3)
FN:50,(anonymous_4)
FN:59,(anonymous_5)
FN:73,getGitHubPullRequests
FN:85,(anonymous_7)
FN:92,(anonymous_8)
FN:125,(anonymous_9)
FNF:10
FNH:9
FNDA:1,getReviewerVote
FNDA:1,getPullRequestReviewers
FNDA:1,(anonymous_2)
FNDA:1,(anonymous_3)
FNDA:1,(anonymous_4)
FNDA:1,(anonymous_5)
FNDA:1,getGitHubPullRequests
FNDA:1,(anonymous_7)
FNDA:1,(anonymous_8)
FNDA:0,(anonymous_9)
DA:2,2
DA:3,2
DA:4,2
DA:8,1
DA:10,1
DA:12,0
DA:14,0
DA:26,1
DA:32,1
DA:33,1
DA:34,1
DA:35,1
DA:39,1
DA:41,1
DA:42,1
DA:50,1
DA:51,1
DA:59,1
DA:60,1
DA:61,1
DA:70,1
DA:73,2
DA:74,1
DA:76,1
DA:77,0
DA:80,1
DA:84,1
DA:86,1
DA:92,1
DA:93,1
DA:102,1
DA:125,1
DA:126,0
LF:33
LH:29
BRDA:8,0,0,1
BRDA:8,0,1,0
BRDA:8,0,2,0
BRDA:34,1,0,1
BRDA:50,2,0,1
BRDA:50,2,1,0
BRDA:54,3,0,1
BRDA:54,3,1,0
BRDA:59,4,0,1
BRDA:59,4,1,0
BRDA:60,5,0,1
BRDA:76,6,0,0
BRDA:76,7,0,1
BRDA:76,7,1,1
BRDA:80,8,0,1
BRDA:80,8,1,0
BRDA:105,9,0,1
BRDA:105,9,1,0
BRDA:115,10,0,1
BRDA:115,10,1,0
BRF:20
BRH:11
end_of_record
TN:
SF:src/services/github/github.repositories.ts
FN:5,buildRepositorySummary
FN:14,getGitHubRepositories
FN:28,(anonymous_2)
FN:32,getGitHubProjects
FN:35,(anonymous_4)
FN:42,getGitHubBranches
FN:60,(anonymous_6)
FNF:7
FNH:3
FNDA:1,buildRepositorySummary
FNDA:1,getGitHubRepositories
FNDA:2,(anonymous_2)
FNDA:0,getGitHubProjects
FNDA:0,(anonymous_4)
FNDA:0,getGitHubBranches
FNDA:0,(anonymous_6)
DA:2,2
DA:6,1
DA:14,2
DA:15,1
DA:17,1
DA:18,0
DA:21,1
DA:27,1
DA:28,2
DA:32,2
DA:33,0
DA:35,0
DA:42,2
DA:43,0
DA:45,0
DA:46,0
DA:49,0
DA:54,0
DA:60,0
LF:19
LH:10
BRDA:17,0,0,0
BRDA:17,1,0,1
BRDA:17,1,1,1
BRDA:45,2,0,0
BRDA:45,3,0,0
BRDA:45,3,1,0
BRDA:45,3,2,0
BRF:7
BRH:2
end_of_record
TN:
SF:src/services/github/github.snapshot.ts
FN:9,enumerateGitHubContents
FN:21,(anonymous_1)
FN:28,(anonymous_2)
FN:45,getGitHubRepositorySnapshot
FN:66,(anonymous_4)
FN:67,(anonymous_5)
FN:77,(anonymous_6)
FN:78,(anonymous_7)
FN:79,(anonymous_8)
FN:91,(anonymous_9)
FN:97,(anonymous_10)
FN:102,(anonymous_11)
FN:131,(anonymous_12)
FNF:13
FNH:11
FNDA:1,enumerateGitHubContents
FNDA:3,(anonymous_1)
FNDA:4,(anonymous_2)
FNDA:1,getGitHubRepositorySnapshot
FNDA:1,(anonymous_4)
FNDA:1,(anonymous_5)
FNDA:2,(anonymous_6)
FNDA:2,(anonymous_7)
FNDA:0,(anonymous_8)
FNDA:1,(anonymous_9)
FNDA:1,(anonymous_10)
FNDA:0,(anonymous_11)
FNDA:1,(anonymous_12)
DA:3,2
DA:4,2
DA:5,2
DA:6,2
DA:9,2
DA:15,1
DA:16,1
DA:18,1
DA:19,3
DA:20,3
DA:21,3
DA:27,3
DA:28,3
DA:29,4
DA:30,2
DA:31,2
DA:34,2
DA:42,1
DA:45,2
DA:49,1
DA:50,1
DA:55,1
DA:56,0
DA:59,1
DA:65,1
DA:66,1
DA:67,1
DA:72,1
DA:76,1
DA:77,2
DA:78,2
DA:80,0
DA:81,0
DA:82,0
DA:84,0
DA:87,1
DA:88,1
DA:89,1
DA:90,1
DA:91,1
DA:92,1
DA:93,0
DA:94,0
DA:97,1
DA:103,0
DA:107,1
DA:108,0
DA:111,1
DA:115,1
DA:116,0
DA:117,0
DA:120,1
DA:121,0
DA:122,0
DA:125,1
DA:131,1
DA:133,1
DA:145,1
LF:58
LH:45
BRDA:19,0,0,3
BRDA:19,0,1,1
BRDA:20,1,0,2
BRDA:20,1,1,1
BRDA:24,2,0,3
BRDA:24,2,1,1
BRDA:27,3,0,3
BRDA:29,4,0,2
BRDA:52,5,0,1
BRDA:52,5,1,0
BRDA:55,6,0,0
BRDA:55,7,0,1
BRDA:55,7,1,1
BRDA:55,7,2,1
BRDA:66,8,0,1
BRDA:66,8,1,1
BRDA:72,9,0,1
BRDA:72,9,1,0
BRDA:78,10,0,2
BRDA:78,10,1,2
BRDA:81,11,0,0
BRDA:84,12,0,0
BRDA:84,12,1,0
BRDA:84,13,0,0
BRDA:84,13,1,0
BRDA:92,14,0,0
BRDA:92,15,0,1
BRDA:92,15,1,0
BRDA:107,16,0,0
BRDA:107,17,0,1
BRDA:107,17,1,1
BRDA:111,18,0,1
BRDA:111,18,1,0
BRDA:115,19,0,0
BRDA:120,20,0,0
BRDA:127,21,0,1
BRDA:127,21,1,0
BRDA:134,22,0,1
BRDA:134,22,1,0
BRDA:136,23,0,0
BRDA:136,23,1,0
BRDA:140,24,0,0
BRDA:140,24,1,1
BRDA:141,25,0,0
BRDA:141,25,1,1
BRDA:151,26,0,1
BRDA:151,26,1,1
BRDA:151,26,2,0
BRDA:151,26,3,0
BRF:49
BRH:27
end_of_record
TN:
SF:src/services/github/repository.service.ts
FN:9,(anonymous_0)
FN:13,(anonymous_1)
FN:17,(anonymous_2)
FN:21,(anonymous_3)
FN:25,(anonymous_4)
FNF:5
FNH:3
FNDA:0,(anonymous_0)
FNDA:1,(anonymous_1)
FNDA:0,(anonymous_2)
FNDA:1,(anonymous_3)
FNDA:1,(anonymous_4)
DA:3,2
DA:4,2
DA:5,2
DA:6,2
DA:8,2
DA:10,0
DA:14,1
DA:18,0
DA:22,1
DA:29,1
DA:33,2
DA:39,2
LF:12
LH:10
BRF:0
BRH:0
end_of_record
TN:
SF:src/services/gitlab/gitlab.api.ts
FN:5,getGitLabConfig
FN:20,readGitLabResponse
FN:50,requestGitLabJson
FN:61,requestGitLabPaginated
FN:89,requestPaginatedGitLabTree
FN:117,normalizeNamespace
FN:121,buildProject
FN:129,buildRepository
FNF:8
FNH:7
FNDA:2,getGitLabConfig
FNDA:9,readGitLabResponse
FNDA:7,requestGitLabJson
FNDA:1,requestGitLabPaginated
FNDA:2,requestPaginatedGitLabTree
FNDA:0,normalizeNamespace
FNDA:1,buildProject
FNDA:1,buildRepository
DA:3,3
DA:5,3
DA:6,2
DA:10,2
DA:11,2
DA:13,2
DA:20,3
DA:21,9
DA:22,9
DA:23,9
DA:25,9
DA:26,1
DA:28,1
DA:29,0
DA:32,1
DA:33,1
DA:36,0
DA:39,8
DA:40,1
DA:43,7
DA:44,7
DA:46,0
DA:50,3
DA:51,7
DA:58,7
DA:61,3
DA:67,1
DA:68,1
DA:70,1
DA:71,2
DA:77,2
DA:79,2
DA:80,1
DA:83,1
DA:86,1
DA:89,3
DA:94,2
DA:95,2
DA:96,2
DA:98,2
DA:99,4
DA:105,4
DA:107,4
DA:108,2
DA:111,2
DA:114,2
DA:117,3
DA:118,0
DA:121,3
DA:122,1
DA:129,3
DA:130,1
LF:52
LH:48
BRDA:11,0,0,2
BRDA:11,0,1,1
BRDA:11,0,2,0
BRDA:21,1,0,9
BRDA:21,1,1,0
BRDA:25,2,0,1
BRDA:26,3,0,1
BRDA:26,3,1,0
BRDA:28,4,0,0
BRDA:29,5,0,0
BRDA:29,5,1,0
BRDA:32,6,0,1
BRDA:33,7,0,1
BRDA:33,7,1,0
BRDA:39,8,0,1
BRDA:40,9,0,1
BRDA:40,9,1,0
BRDA:40,10,0,1
BRDA:40,10,1,0
BRDA:65,11,0,0
BRDA:79,12,0,1
BRDA:107,13,0,2
BRF:22
BRH:12
end_of_record
TN:
SF:src/services/gitlab/gitlab.pull-requests.ts
FN:6,toReviewer
FN:15,getApprovals
FN:27,(anonymous_2)
FN:28,(anonymous_3)
FN:29,(anonymous_4)
FN:32,getGitLabPullRequests
FN:44,(anonymous_6)
FN:46,(anonymous_7)
FN:52,(anonymous_8)
FN:56,(anonymous_9)
FN:62,(anonymous_10)
FN:71,(anonymous_11)
FN:100,(anonymous_12)
FNF:13
FNH:11
FNDA:2,toReviewer
FNDA:1,getApprovals
FNDA:1,(anonymous_2)
FNDA:1,(anonymous_3)
FNDA:1,(anonymous_4)
FNDA:1,getGitLabPullRequests
FNDA:1,(anonymous_6)
FNDA:0,(anonymous_7)
FNDA:1,(anonymous_8)
FNDA:1,(anonymous_9)
FNDA:1,(anonymous_10)
FNDA:1,(anonymous_11)
FNDA:0,(anonymous_12)
DA:2,3
DA:3,3
DA:7,2
DA:20,1
DA:26,1
DA:27,1
DA:28,1
DA:29,1
DA:32,3
DA:33,1
DA:35,1
DA:36,0
DA:39,1
DA:43,1
DA:45,1
DA:46,0
DA:52,1
DA:53,1
DA:54,1
DA:56,1
DA:57,1
DA:58,1
DA:62,1
DA:63,1
DA:71,1
DA:72,1
DA:73,1
DA:77,1
DA:100,1
DA:101,0
LF:30
LH:27
BRDA:6,0,0,2
BRDA:8,1,0,2
BRDA:8,1,1,0
BRDA:26,2,0,1
BRDA:26,2,1,0
BRDA:35,3,0,0
BRDA:35,4,0,1
BRDA:35,4,1,1
BRDA:39,5,0,1
BRDA:39,5,1,0
BRDA:57,6,0,1
BRDA:62,7,0,1
BRDA:62,7,1,0
BRDA:66,8,0,1
BRDA:66,8,1,0
BRDA:71,9,0,1
BRDA:71,9,1,0
BRDA:72,10,0,1
BRDA:80,11,0,1
BRDA:80,11,1,1
BRDA:87,12,0,1
BRDA:87,12,1,1
BRDA:88,13,0,1
BRDA:88,13,1,0
BRDA:90,14,0,1
BRDA:90,14,1,0
BRDA:90,14,2,0
BRF:27
BRH:17
end_of_record
TN:
SF:src/services/gitlab/gitlab.repositories.ts
FN:5,getGitLabRepositories
FN:13,(anonymous_1)
FN:21,(anonymous_2)
FN:25,getGitLabProjects
FN:27,(anonymous_4)
FN:34,getGitLabBranches
FN:47,(anonymous_6)
FNF:7
FNH:6
FNDA:2,getGitLabRepositories
FNDA:0,(anonymous_1)
FNDA:4,(anonymous_2)
FNDA:1,getGitLabProjects
FNDA:1,(anonymous_4)
FNDA:1,getGitLabBranches
FNDA:1,(anonymous_6)
DA:2,3
DA:5,3
DA:6,2
DA:8,2
DA:9,0
DA:12,2
DA:13,0
DA:18,2
DA:20,2
DA:21,4
DA:25,3
DA:26,1
DA:27,1
DA:34,3
DA:35,1
DA:37,1
DA:38,0
DA:41,1
DA:47,1
LF:19
LH:16
BRDA:8,0,0,0
BRDA:8,1,0,2
BRDA:8,1,1,2
BRDA:37,2,0,0
BRDA:37,3,0,1
BRDA:37,3,1,1
BRF:6
BRH:4
end_of_record
TN:
SF:src/services/gitlab/gitlab.snapshot.ts
FN:9,getGitLabRepositorySnapshot
FN:26,(anonymous_1)
FN:27,(anonymous_2)
FN:28,(anonymous_3)
FN:29,(anonymous_4)
FN:35,(anonymous_5)
FN:36,(anonymous_6)
FN:41,(anonymous_7)
FN:66,(anonymous_8)
FNF:9
FNH:8
FNDA:1,getGitLabRepositorySnapshot
FNDA:102,(anonymous_1)
FNDA:102,(anonymous_2)
FNDA:102,(anonymous_3)
FNDA:318,(anonymous_4)
FNDA:1,(anonymous_5)
FNDA:1,(anonymous_6)
FNDA:0,(anonymous_7)
FNDA:1,(anonymous_8)
DA:3,2
DA:4,2
DA:5,2
DA:6,2
DA:9,2
DA:13,1
DA:14,1
DA:19,1
DA:20,0
DA:23,1
DA:25,1
DA:26,102
DA:27,102
DA:28,102
DA:29,318
DA:31,1
DA:32,1
DA:33,1
DA:34,1
DA:35,1
DA:36,1
DA:42,0
DA:46,1
DA:47,0
DA:48,0
DA:51,1
DA:55,1
DA:56,0
DA:57,0
DA:60,1
DA:66,1
DA:68,1
DA:78,1
LF:33
LH:27
BRDA:16,0,0,1
BRDA:16,0,1,0
BRDA:19,1,0,0
BRDA:19,2,0,1
BRDA:19,2,1,1
BRDA:28,3,0,102
BRDA:28,3,1,102
BRDA:29,4,0,318
BRDA:29,4,1,318
BRDA:46,5,0,0
BRDA:51,6,0,1
BRDA:51,6,1,0
BRDA:55,7,0,0
BRDA:62,8,0,1
BRDA:62,8,1,0
BRDA:69,9,0,1
BRDA:69,9,1,0
BRDA:73,10,0,0
BRDA:73,10,1,1
BRDA:74,11,0,0
BRDA:74,11,1,1
BRDA:84,12,0,1
BRDA:84,12,1,0
BRDA:84,12,2,0
BRF:24
BRH:13
end_of_record
TN:
SF:src/services/gitlab/repository.service.ts
FN:8,(anonymous_0)
FN:12,(anonymous_1)
FN:16,(anonymous_2)
FN:20,(anonymous_3)
FN:24,(anonymous_4)
FNF:5
FNH:1
FNDA:0,(anonymous_0)
FNDA:0,(anonymous_1)
FNDA:0,(anonymous_2)
FNDA:0,(anonymous_3)
FNDA:1,(anonymous_4)
DA:3,2
DA:4,2
DA:5,2
DA:7,2
DA:9,0
DA:13,0
DA:17,0
DA:21,0
DA:28,1
DA:32,2
LF:10
LH:6
BRF:0
BRH:0
end_of_record
TN:
SF:src/services/providers/repository-provider.bootstrap.ts
FN:17,createProviderPort
FN:29,(anonymous_1)
FN:30,(anonymous_2)
FN:31,(anonymous_3)
FN:32,(anonymous_4)
FN:33,(anonymous_5)
FN:39,registerDefaultRepositoryProviders
FNF:7
FNH:2
FNDA:3,createProviderPort
FNDA:0,(anonymous_1)
FNDA:0,(anonymous_2)
FNDA:0,(anonymous_3)
FNDA:0,(anonymous_4)
FNDA:0,(anonymous_5)
FNDA:2,registerDefaultRepositoryProviders
DA:1,1
DA:2,1
DA:3,1
DA:5,1
DA:27,3
DA:29,0
DA:30,0
DA:31,0
DA:32,0
DA:33,0
DA:37,1
DA:39,1
DA:40,2
DA:41,1
DA:44,1
DA:50,1
LF:16
LH:11
BRDA:40,0,0,1
BRF:1
BRH:1
end_of_record
TN:
SF:src/services/providers/repository-provider.registry.ts
FN:7,(anonymous_0)
FN:11,(anonymous_1)
FN:12,(anonymous_2)
FN:15,(anonymous_3)
FN:24,(anonymous_4)
FN:28,(anonymous_5)
FN:35,registerRepositoryProviderPort
FN:39,registerRepositoryProviderPorts
FN:43,getRepositoryProviderPort
FN:47,getRepositoryProviderPorts
FN:51,resetRepositoryProviderRegistry
FNF:11
FNH:7
FNDA:2,(anonymous_0)
FNDA:0,(anonymous_1)
FNDA:0,(anonymous_2)
FNDA:2,(anonymous_3)
FNDA:1,(anonymous_4)
FNDA:2,(anonymous_5)
FNDA:1,registerRepositoryProviderPort
FNDA:0,registerRepositoryProviderPorts
FNDA:1,getRepositoryProviderPort
FNDA:0,getRepositoryProviderPorts
FNDA:2,resetRepositoryProviderRegistry
DA:4,3
DA:5,4
DA:8,2
DA:12,0
DA:16,2
DA:17,2
DA:18,0
DA:21,2
DA:25,1
DA:29,2
DA:33,3
DA:35,3
DA:36,1
DA:39,3
DA:40,0
DA:43,3
DA:44,1
DA:47,3
DA:48,0
DA:51,3
DA:52,2
LF:21
LH:17
BRDA:17,0,0,0
BRF:1
BRH:0
end_of_record
TN:
SF:src/services/shared/repository-snapshot-helpers.ts
FN:7,isTestFile
FN:11,isSupportedCodeFile
FN:16,rankPath
FNF:3
FNH:3
FNDA:105,isTestFile
FNDA:105,isSupportedCodeFile
FNDA:636,rankPath
DA:1,5
DA:7,5
DA:8,105
DA:11,5
DA:12,105
DA:13,105
DA:16,5
DA:17,636
DA:18,0
DA:20,636
DA:21,636
DA:23,0
DA:24,0
DA:26,0
LF:14
LH:10
BRDA:12,0,0,105
BRDA:12,0,1,0
BRDA:17,1,0,0
BRDA:20,2,0,636
BRDA:23,3,0,0
BRF:5
BRH:2
end_of_record
TN:
SF:src/services/shared/request-control.ts
FN:11,wait
FN:12,(anonymous_1)
FN:17,isRetryableHttpError
FN:31,retryWithBackoff
FN:58,mapWithConcurrency
FN:66,worker
FN:75,(anonymous_6)
FNF:7
FNH:7
FNDA:1,wait
FNDA:1,(anonymous_1)
FNDA:1,isRetryableHttpError
FNDA:6,retryWithBackoff
FNDA:4,mapWithConcurrency
FNDA:4,worker
FNDA:4,(anonymous_6)
DA:8,5
DA:9,5
DA:12,1
DA:13,1
DA:17,5
DA:18,1
DA:19,0
DA:22,1
DA:23,1
DA:24,0
DA:27,1
DA:28,1
DA:31,5
DA:35,6
DA:36,6
DA:37,6
DA:38,6
DA:40,6
DA:42,6
DA:43,7
DA:44,7
DA:46,1
DA:47,0
DA:50,1
DA:51,1
DA:52,1
DA:53,1
DA:58,5
DA:63,4
DA:64,4
DA:67,4
DA:68,4
DA:69,4
DA:70,4
DA:74,4
DA:75,4
DA:76,4
LF:37
LH:34
BRDA:18,0,0,0
BRDA:23,1,0,0
BRDA:28,2,0,1
BRDA:28,2,1,0
BRDA:33,3,0,3
BRDA:35,4,0,6
BRDA:35,4,1,6
BRDA:36,5,0,6
BRDA:36,5,1,6
BRDA:37,6,0,6
BRDA:37,6,1,6
BRDA:46,7,0,0
BRDA:46,8,0,1
BRDA:46,8,1,1
BRF:14
BRH:10
end_of_record
TN:
SF:src/services/shared/snapshot-content.ts
FN:3,isProbablyBinaryContent
FN:29,appendPartialReason
FNF:2
FNH:2
FNDA:3,isProbablyBinaryContent
FNDA:3,appendPartialReason
DA:1,5
DA:3,5
DA:4,3
DA:5,0
DA:8,3
DA:9,3
DA:11,3
DA:12,71
DA:14,71
DA:15,0
DA:18,71
DA:19,71
DA:21,71
DA:22,0
DA:26,3
DA:29,5
DA:30,3
DA:32,3
DA:33,2
DA:36,3
DA:37,1
DA:40,2
LF:22
LH:19
BRDA:4,0,0,0
BRDA:14,1,0,0
BRDA:18,2,0,71
BRDA:18,2,1,71
BRDA:19,3,0,71
BRDA:19,3,1,71
BRDA:19,3,2,71
BRDA:21,4,0,0
BRDA:21,5,0,71
BRDA:21,5,1,0
BRDA:32,6,0,2
BRDA:36,7,0,1
BRF:12
BRH:8
end_of_record
